[0.013s] Invoking command in '/home/jinhyuk2me/ros_ws/pinky/build/pinky_navigation': CMAKE_PREFIX_PATH=${CMAKE_PREFIX_PATH}:/home/jinhyuk2me/ros_ws/pinky/install/pinky_simple_navigator:/opt/ros/jazzy DEBUGINFOD_URLS=https://debuginfod.ubuntu.com PS1=(ros_venv) \[\e[1;34m\](ID: ${ROS_DOMAIN_ID:-0})\[\e[1;32m\]\u\[\e[0m\]:\[\e[1;34m\]\w\[\e[0m\]$ VIRTUAL_ENV_PROMPT=(ros_venv) /usr/bin/cmake /home/jinhyuk2me/ros_ws/pinky/src/pinky_navigation -DCMAKE_INSTALL_PREFIX=/home/jinhyuk2me/ros_ws/pinky/install/pinky_navigation
[0.086s] -- The C compiler identification is GNU 13.3.0
[0.161s] -- The CXX compiler identification is GNU 13.3.0
[0.178s] -- Detecting C compiler ABI info
[0.263s] -- Detecting C compiler ABI info - done
[0.272s] -- Check for working C compiler: /usr/bin/cc - skipped
[0.272s] -- Detecting C compile features
[0.273s] -- Detecting C compile features - done
[0.282s] -- Detecting CXX compiler ABI info
[0.377s] -- Detecting CXX compiler ABI info - done
[0.386s] -- Check for working CXX compiler: /usr/bin/c++ - skipped
[0.386s] -- Detecting CXX compile features
[0.387s] -- Detecting CXX compile features - done
[0.394s] -- Found ament_cmake: 2.5.4 (/opt/ros/jazzy/share/ament_cmake/cmake)
[0.504s] -- Found Python3: /home/jinhyuk2me/venv/ros_venv/bin/python3 (found version "3.12.3") found components: Interpreter 
[0.627s] -- Found ament_lint_auto: 0.17.3 (/opt/ros/jazzy/share/ament_lint_auto/cmake)
[0.739s] -- Added test 'lint_cmake' to check CMake code style
[0.741s] -- Added test 'xmllint' to check XML markup files
[0.744s] -- Configuring done (0.7s)
[0.747s] -- Generating done (0.0s)
[0.749s] -- Build files have been written to: /home/jinhyuk2me/ros_ws/pinky/build/pinky_navigation
[0.754s] Invoked command in '/home/jinhyuk2me/ros_ws/pinky/build/pinky_navigation' returned '0': CMAKE_PREFIX_PATH=${CMAKE_PREFIX_PATH}:/home/jinhyuk2me/ros_ws/pinky/install/pinky_simple_navigator:/opt/ros/jazzy DEBUGINFOD_URLS=https://debuginfod.ubuntu.com PS1=(ros_venv) \[\e[1;34m\](ID: ${ROS_DOMAIN_ID:-0})\[\e[1;32m\]\u\[\e[0m\]:\[\e[1;34m\]\w\[\e[0m\]$ VIRTUAL_ENV_PROMPT=(ros_venv) /usr/bin/cmake /home/jinhyuk2me/ros_ws/pinky/src/pinky_navigation -DCMAKE_INSTALL_PREFIX=/home/jinhyuk2me/ros_ws/pinky/install/pinky_navigation
[0.755s] Invoking command in '/home/jinhyuk2me/ros_ws/pinky/build/pinky_navigation': CMAKE_PREFIX_PATH=${CMAKE_PREFIX_PATH}:/home/jinhyuk2me/ros_ws/pinky/install/pinky_simple_navigator:/opt/ros/jazzy DEBUGINFOD_URLS=https://debuginfod.ubuntu.com PS1=(ros_venv) \[\e[1;34m\](ID: ${ROS_DOMAIN_ID:-0})\[\e[1;32m\]\u\[\e[0m\]:\[\e[1;34m\]\w\[\e[0m\]$ VIRTUAL_ENV_PROMPT=(ros_venv) /usr/bin/cmake --build /home/jinhyuk2me/ros_ws/pinky/build/pinky_navigation -- -j12 -l12
[0.795s] Invoked command in '/home/jinhyuk2me/ros_ws/pinky/build/pinky_navigation' returned '0': CMAKE_PREFIX_PATH=${CMAKE_PREFIX_PATH}:/home/jinhyuk2me/ros_ws/pinky/install/pinky_simple_navigator:/opt/ros/jazzy DEBUGINFOD_URLS=https://debuginfod.ubuntu.com PS1=(ros_venv) \[\e[1;34m\](ID: ${ROS_DOMAIN_ID:-0})\[\e[1;32m\]\u\[\e[0m\]:\[\e[1;34m\]\w\[\e[0m\]$ VIRTUAL_ENV_PROMPT=(ros_venv) /usr/bin/cmake --build /home/jinhyuk2me/ros_ws/pinky/build/pinky_navigation -- -j12 -l12
[0.806s] Invoking command in '/home/jinhyuk2me/ros_ws/pinky/build/pinky_navigation': CMAKE_PREFIX_PATH=${CMAKE_PREFIX_PATH}:/home/jinhyuk2me/ros_ws/pinky/install/pinky_simple_navigator:/opt/ros/jazzy DEBUGINFOD_URLS=https://debuginfod.ubuntu.com PS1=(ros_venv) \[\e[1;34m\](ID: ${ROS_DOMAIN_ID:-0})\[\e[1;32m\]\u\[\e[0m\]:\[\e[1;34m\]\w\[\e[0m\]$ VIRTUAL_ENV_PROMPT=(ros_venv) /usr/bin/cmake --install /home/jinhyuk2me/ros_ws/pinky/build/pinky_navigation
[0.814s] -- Install configuration: ""
[0.814s] -- Installing: /home/jinhyuk2me/ros_ws/pinky/install/pinky_navigation/share/pinky_navigation/launch
[0.815s] -- Installing: /home/jinhyuk2me/ros_ws/pinky/install/pinky_navigation/share/pinky_navigation/launch/bringup_launch.xml
[0.815s] -- Installing: /home/jinhyuk2me/ros_ws/pinky/install/pinky_navigation/share/pinky_navigation/launch/localization_only_launch.xml
[0.815s] -- Installing: /home/jinhyuk2me/ros_ws/pinky/install/pinky_navigation/share/pinky_navigation/launch/map_building.launch.xml
[0.815s] -- Installing: /home/jinhyuk2me/ros_ws/pinky/install/pinky_navigation/share/pinky_navigation/launch/cartographer.launch.xml
[0.815s] -- Installing: /home/jinhyuk2me/ros_ws/pinky/install/pinky_navigation/share/pinky_navigation/launch/localization_launch.xml
[0.815s] -- Installing: /home/jinhyuk2me/ros_ws/pinky/install/pinky_navigation/share/pinky_navigation/launch/navigation_launch.xml
[0.815s] -- Installing: /home/jinhyuk2me/ros_ws/pinky/install/pinky_navigation/share/pinky_navigation/launch/map_view.launch.xml
[0.815s] -- Installing: /home/jinhyuk2me/ros_ws/pinky/install/pinky_navigation/share/pinky_navigation/launch/nav2_view.launch.xml
[0.815s] -- Installing: /home/jinhyuk2me/ros_ws/pinky/install/pinky_navigation/share/pinky_navigation/params
[0.816s] -- Installing: /home/jinhyuk2me/ros_ws/pinky/install/pinky_navigation/share/pinky_navigation/params/nav2_params.yaml
[0.816s] -- Installing: /home/jinhyuk2me/ros_ws/pinky/install/pinky_navigation/share/pinky_navigation/params/cartographer_params.lua
[0.816s] -- Installing: /home/jinhyuk2me/ros_ws/pinky/install/pinky_navigation/share/pinky_navigation/params/amcl_params.yaml
[0.816s] -- Installing: /home/jinhyuk2me/ros_ws/pinky/install/pinky_navigation/share/pinky_navigation/params/mapper_params.yaml
[0.816s] -- Installing: /home/jinhyuk2me/ros_ws/pinky/install/pinky_navigation/share/pinky_navigation/rviz
[0.816s] -- Installing: /home/jinhyuk2me/ros_ws/pinky/install/pinky_navigation/share/pinky_navigation/rviz/map_view.rviz
[0.817s] -- Installing: /home/jinhyuk2me/ros_ws/pinky/install/pinky_navigation/share/pinky_navigation/rviz/nav2_view.rviz
[0.818s] -- Installing: /home/jinhyuk2me/ros_ws/pinky/install/pinky_navigation/share/ament_index/resource_index/package_run_dependencies/pinky_navigation
[0.818s] -- Installing: /home/jinhyuk2me/ros_ws/pinky/install/pinky_navigation/share/ament_index/resource_index/parent_prefix_path/pinky_navigation
[0.819s] -- Installing: /home/jinhyuk2me/ros_ws/pinky/install/pinky_navigation/share/pinky_navigation/environment/ament_prefix_path.sh
[0.820s] -- Installing: /home/jinhyuk2me/ros_ws/pinky/install/pinky_navigation/share/pinky_navigation/environment/ament_prefix_path.dsv
[0.820s] -- Installing: /home/jinhyuk2me/ros_ws/pinky/install/pinky_navigation/share/pinky_navigation/environment/path.sh
[0.820s] -- Installing: /home/jinhyuk2me/ros_ws/pinky/install/pinky_navigation/share/pinky_navigation/environment/path.dsv
[0.820s] -- Installing: /home/jinhyuk2me/ros_ws/pinky/install/pinky_navigation/share/pinky_navigation/local_setup.bash
[0.820s] -- Installing: /home/jinhyuk2me/ros_ws/pinky/install/pinky_navigation/share/pinky_navigation/local_setup.sh
[0.820s] -- Installing: /home/jinhyuk2me/ros_ws/pinky/install/pinky_navigation/share/pinky_navigation/local_setup.zsh
[0.821s] -- Installing: /home/jinhyuk2me/ros_ws/pinky/install/pinky_navigation/share/pinky_navigation/local_setup.dsv
[0.821s] -- Installing: /home/jinhyuk2me/ros_ws/pinky/install/pinky_navigation/share/pinky_navigation/package.dsv
[0.821s] -- Installing: /home/jinhyuk2me/ros_ws/pinky/install/pinky_navigation/share/ament_index/resource_index/packages/pinky_navigation
[0.821s] -- Installing: /home/jinhyuk2me/ros_ws/pinky/install/pinky_navigation/share/pinky_navigation/cmake/pinky_navigationConfig.cmake
[0.821s] -- Installing: /home/jinhyuk2me/ros_ws/pinky/install/pinky_navigation/share/pinky_navigation/cmake/pinky_navigationConfig-version.cmake
[0.821s] -- Installing: /home/jinhyuk2me/ros_ws/pinky/install/pinky_navigation/share/pinky_navigation/package.xml
[0.822s] Invoked command in '/home/jinhyuk2me/ros_ws/pinky/build/pinky_navigation' returned '0': CMAKE_PREFIX_PATH=${CMAKE_PREFIX_PATH}:/home/jinhyuk2me/ros_ws/pinky/install/pinky_simple_navigator:/opt/ros/jazzy DEBUGINFOD_URLS=https://debuginfod.ubuntu.com PS1=(ros_venv) \[\e[1;34m\](ID: ${ROS_DOMAIN_ID:-0})\[\e[1;32m\]\u\[\e[0m\]:\[\e[1;34m\]\w\[\e[0m\]$ VIRTUAL_ENV_PROMPT=(ros_venv) /usr/bin/cmake --install /home/jinhyuk2me/ros_ws/pinky/build/pinky_navigation
