[0.628s] Invoking command in '/home/jinhyuk2me/my_tf_tutorials/src/my_tf': DEBUGINFOD_URLS=https://debuginfod.ubuntu.com PS1=(ros_venv) \[\e[1;34m\](ID: ${ROS_DOMAIN_ID:-0})\[\e[1;32m\]\u\[\e[0m\]:\[\e[1;34m\]\w\[\e[0m\]$ PYTHONPATH=/home/jinhyuk2me/my_tf_tutorials/build/my_tf/prefix_override:/usr/lib/python3/dist-packages/colcon_core/task/python/colcon_distutils_commands:/home/jinhyuk2me/my_tf_tutorials/install/my_tf/lib/python3.12/site-packages:${PYTHONPATH} VIRTUAL_ENV_PROMPT=(ros_venv) /usr/bin/python3 -W ignore:setup.py install is deprecated -W ignore:easy_install command is deprecated setup.py egg_info --egg-base ../../build/my_tf build --build-base /home/jinhyuk2me/my_tf_tutorials/build/my_tf/build install --record /home/jinhyuk2me/my_tf_tutorials/build/my_tf/install.log --single-version-externally-managed install_data
[0.837s] running egg_info
[0.853s] writing ../../build/my_tf/my_tf.egg-info/PKG-INFO
[0.853s] writing dependency_links to ../../build/my_tf/my_tf.egg-info/dependency_links.txt
[0.853s] writing entry points to ../../build/my_tf/my_tf.egg-info/entry_points.txt
[0.853s] writing requirements to ../../build/my_tf/my_tf.egg-info/requires.txt
[0.854s] writing top-level names to ../../build/my_tf/my_tf.egg-info/top_level.txt
[0.886s] reading manifest file '../../build/my_tf/my_tf.egg-info/SOURCES.txt'
[0.887s] writing manifest file '../../build/my_tf/my_tf.egg-info/SOURCES.txt'
[0.887s] running build
[0.887s] running build_py
[0.887s] copying my_tf/child_frame.py -> /home/jinhyuk2me/my_tf_tutorials/build/my_tf/build/lib/my_tf
[0.887s] running install
[0.892s] running install_lib
[0.908s] copying /home/jinhyuk2me/my_tf_tutorials/build/my_tf/build/lib/my_tf/child_frame.py -> /home/jinhyuk2me/my_tf_tutorials/install/my_tf/lib/python3.12/site-packages/my_tf
[0.909s] byte-compiling /home/jinhyuk2me/my_tf_tutorials/install/my_tf/lib/python3.12/site-packages/my_tf/child_frame.py to child_frame.cpython-312.pyc
[0.909s] running install_data
[0.909s] running install_egg_info
[0.926s] removing '/home/jinhyuk2me/my_tf_tutorials/install/my_tf/lib/python3.12/site-packages/my_tf-0.0.0-py3.12.egg-info' (and everything under it)
[0.926s] Copying ../../build/my_tf/my_tf.egg-info to /home/jinhyuk2me/my_tf_tutorials/install/my_tf/lib/python3.12/site-packages/my_tf-0.0.0-py3.12.egg-info
[0.927s] running install_scripts
[1.036s] Installing child_frame script to /home/jinhyuk2me/my_tf_tutorials/install/my_tf/lib/my_tf
[1.036s] Installing my_tf_1 script to /home/jinhyuk2me/my_tf_tutorials/install/my_tf/lib/my_tf
[1.036s] Installing my_tf_2 script to /home/jinhyuk2me/my_tf_tutorials/install/my_tf/lib/my_tf
[1.036s] writing list of installed files to '/home/jinhyuk2me/my_tf_tutorials/build/my_tf/install.log'
[1.055s] Invoked command in '/home/jinhyuk2me/my_tf_tutorials/src/my_tf' returned '0': DEBUGINFOD_URLS=https://debuginfod.ubuntu.com PS1=(ros_venv) \[\e[1;34m\](ID: ${ROS_DOMAIN_ID:-0})\[\e[1;32m\]\u\[\e[0m\]:\[\e[1;34m\]\w\[\e[0m\]$ PYTHONPATH=/home/jinhyuk2me/my_tf_tutorials/build/my_tf/prefix_override:/usr/lib/python3/dist-packages/colcon_core/task/python/colcon_distutils_commands:/home/jinhyuk2me/my_tf_tutorials/install/my_tf/lib/python3.12/site-packages:${PYTHONPATH} VIRTUAL_ENV_PROMPT=(ros_venv) /usr/bin/python3 -W ignore:setup.py install is deprecated -W ignore:easy_install command is deprecated setup.py egg_info --egg-base ../../build/my_tf build --build-base /home/jinhyuk2me/my_tf_tutorials/build/my_tf/build install --record /home/jinhyuk2me/my_tf_tutorials/build/my_tf/install.log --single-version-externally-managed install_data
