/home/jinhyuk2me/ros_ws/install/my_first_package/lib/python3.12/site-packages/my_first_package/my_first_node.py
/home/jinhyuk2me/ros_ws/install/my_first_package/lib/python3.12/site-packages/my_first_package/dist_turtle_action_server.py
/home/jinhyuk2me/ros_ws/install/my_first_package/lib/python3.12/site-packages/my_first_package/turtle_cmd_and_pose.py
/home/jinhyuk2me/ros_ws/install/my_first_package/lib/python3.12/site-packages/my_first_package/my_publisher.py
/home/jinhyuk2me/ros_ws/install/my_first_package/lib/python3.12/site-packages/my_first_package/test_message.py
/home/jinhyuk2me/ros_ws/install/my_first_package/lib/python3.12/site-packages/my_first_package/my_service_server.py
/home/jinhyuk2me/ros_ws/install/my_first_package/lib/python3.12/site-packages/my_first_package/__init__.py
/home/jinhyuk2me/ros_ws/install/my_first_package/lib/python3.12/site-packages/my_first_package/my_subscriber.py
/home/jinhyuk2me/ros_ws/install/my_first_package/lib/python3.12/site-packages/my_first_package/my_multi_thread.py
/home/jinhyuk2me/ros_ws/install/my_first_package/lib/python3.12/site-packages/my_first_package/__pycache__/my_first_node.cpython-312.pyc
/home/jinhyuk2me/ros_ws/install/my_first_package/lib/python3.12/site-packages/my_first_package/__pycache__/dist_turtle_action_server.cpython-312.pyc
/home/jinhyuk2me/ros_ws/install/my_first_package/lib/python3.12/site-packages/my_first_package/__pycache__/turtle_cmd_and_pose.cpython-312.pyc
/home/jinhyuk2me/ros_ws/install/my_first_package/lib/python3.12/site-packages/my_first_package/__pycache__/my_publisher.cpython-312.pyc
/home/jinhyuk2me/ros_ws/install/my_first_package/lib/python3.12/site-packages/my_first_package/__pycache__/test_message.cpython-312.pyc
/home/jinhyuk2me/ros_ws/install/my_first_package/lib/python3.12/site-packages/my_first_package/__pycache__/my_service_server.cpython-312.pyc
/home/jinhyuk2me/ros_ws/install/my_first_package/lib/python3.12/site-packages/my_first_package/__pycache__/__init__.cpython-312.pyc
/home/jinhyuk2me/ros_ws/install/my_first_package/lib/python3.12/site-packages/my_first_package/__pycache__/my_subscriber.cpython-312.pyc
/home/jinhyuk2me/ros_ws/install/my_first_package/lib/python3.12/site-packages/my_first_package/__pycache__/my_multi_thread.cpython-312.pyc
/home/jinhyuk2me/ros_ws/install/my_first_package/share/ament_index/resource_index/packages/my_first_package
/home/jinhyuk2me/ros_ws/install/my_first_package/share/my_first_package/package.xml
/home/jinhyuk2me/ros_ws/install/my_first_package/share/my_first_package/launch/turtlesim_and_teleop.launch.py
/home/jinhyuk2me/ros_ws/install/my_first_package/lib/python3.12/site-packages/my_first_package-0.0.0-py3.12.egg-info/requires.txt
/home/jinhyuk2me/ros_ws/install/my_first_package/lib/python3.12/site-packages/my_first_package-0.0.0-py3.12.egg-info/dependency_links.txt
/home/jinhyuk2me/ros_ws/install/my_first_package/lib/python3.12/site-packages/my_first_package-0.0.0-py3.12.egg-info/PKG-INFO
/home/jinhyuk2me/ros_ws/install/my_first_package/lib/python3.12/site-packages/my_first_package-0.0.0-py3.12.egg-info/top_level.txt
/home/jinhyuk2me/ros_ws/install/my_first_package/lib/python3.12/site-packages/my_first_package-0.0.0-py3.12.egg-info/SOURCES.txt
/home/jinhyuk2me/ros_ws/install/my_first_package/lib/python3.12/site-packages/my_first_package-0.0.0-py3.12.egg-info/zip-safe
/home/jinhyuk2me/ros_ws/install/my_first_package/lib/python3.12/site-packages/my_first_package-0.0.0-py3.12.egg-info/entry_points.txt
/home/jinhyuk2me/ros_ws/install/my_first_package/lib/my_first_package/dist_turtle_action_server
/home/jinhyuk2me/ros_ws/install/my_first_package/lib/my_first_package/my_first_node
/home/jinhyuk2me/ros_ws/install/my_first_package/lib/my_first_package/my_multi_thread
/home/jinhyuk2me/ros_ws/install/my_first_package/lib/my_first_package/my_service_server
/home/jinhyuk2me/ros_ws/install/my_first_package/lib/my_first_package/test_message
/home/jinhyuk2me/ros_ws/install/my_first_package/lib/my_first_package/turtle_cmd_pose
/home/jinhyuk2me/ros_ws/install/my_first_package/lib/my_first_package/turtlesim_publisher
/home/jinhyuk2me/ros_ws/install/my_first_package/lib/my_first_package/turtlesim_subscriber
