/home/jinhyuk2me/my_tf_tutorials/install/my_tf/lib/python3.12/site-packages/my_tf/my_tf_2.py
/home/jinhyuk2me/my_tf_tutorials/install/my_tf/lib/python3.12/site-packages/my_tf/child_frame.py
/home/jinhyuk2me/my_tf_tutorials/install/my_tf/lib/python3.12/site-packages/my_tf/combined_frame.py
/home/jinhyuk2me/my_tf_tutorials/install/my_tf/lib/python3.12/site-packages/my_tf/distance_world_child_publisher.py
/home/jinhyuk2me/my_tf_tutorials/install/my_tf/lib/python3.12/site-packages/my_tf/__init__.py
/home/jinhyuk2me/my_tf_tutorials/install/my_tf/lib/python3.12/site-packages/my_tf/my_tf_1.py
/home/jinhyuk2me/my_tf_tutorials/install/my_tf/lib/python3.12/site-packages/my_tf/__pycache__/my_tf_2.cpython-312.pyc
/home/jinhyuk2me/my_tf_tutorials/install/my_tf/lib/python3.12/site-packages/my_tf/__pycache__/child_frame.cpython-312.pyc
/home/jinhyuk2me/my_tf_tutorials/install/my_tf/lib/python3.12/site-packages/my_tf/__pycache__/combined_frame.cpython-312.pyc
/home/jinhyuk2me/my_tf_tutorials/install/my_tf/lib/python3.12/site-packages/my_tf/__pycache__/distance_world_child_publisher.cpython-312.pyc
/home/jinhyuk2me/my_tf_tutorials/install/my_tf/lib/python3.12/site-packages/my_tf/__pycache__/__init__.cpython-312.pyc
/home/jinhyuk2me/my_tf_tutorials/install/my_tf/lib/python3.12/site-packages/my_tf/__pycache__/my_tf_1.cpython-312.pyc
/home/jinhyuk2me/my_tf_tutorials/install/my_tf/share/ament_index/resource_index/packages/my_tf
/home/jinhyuk2me/my_tf_tutorials/install/my_tf/share/my_tf/package.xml
/home/jinhyuk2me/my_tf_tutorials/install/my_tf/lib/python3.12/site-packages/my_tf-0.0.0-py3.12.egg-info/requires.txt
/home/jinhyuk2me/my_tf_tutorials/install/my_tf/lib/python3.12/site-packages/my_tf-0.0.0-py3.12.egg-info/dependency_links.txt
/home/jinhyuk2me/my_tf_tutorials/install/my_tf/lib/python3.12/site-packages/my_tf-0.0.0-py3.12.egg-info/PKG-INFO
/home/jinhyuk2me/my_tf_tutorials/install/my_tf/lib/python3.12/site-packages/my_tf-0.0.0-py3.12.egg-info/top_level.txt
/home/jinhyuk2me/my_tf_tutorials/install/my_tf/lib/python3.12/site-packages/my_tf-0.0.0-py3.12.egg-info/SOURCES.txt
/home/jinhyuk2me/my_tf_tutorials/install/my_tf/lib/python3.12/site-packages/my_tf-0.0.0-py3.12.egg-info/zip-safe
/home/jinhyuk2me/my_tf_tutorials/install/my_tf/lib/python3.12/site-packages/my_tf-0.0.0-py3.12.egg-info/entry_points.txt
/home/jinhyuk2me/my_tf_tutorials/install/my_tf/lib/my_tf/child_frame
/home/jinhyuk2me/my_tf_tutorials/install/my_tf/lib/my_tf/combined_frame
/home/jinhyuk2me/my_tf_tutorials/install/my_tf/lib/my_tf/distance_world_child_publisher
/home/jinhyuk2me/my_tf_tutorials/install/my_tf/lib/my_tf/my_tf_1
/home/jinhyuk2me/my_tf_tutorials/install/my_tf/lib/my_tf/my_tf_2
