[0.080s] DEBUG:colcon:Command line arguments: ['/usr/bin/colcon', 'build']
[0.080s] DEBUG:colcon:Parsed command line arguments: Namespace(log_base=None, log_level=None, verb_name='build', build_base='build', install_base='install', merge_install=False, symlink_install=False, test_result_base=None, continue_on_error=False, executor='parallel', parallel_workers=12, event_handlers=None, ignore_user_meta=False, metas=['./colcon.meta'], base_paths=['.'], packages_ignore=None, packages_ignore_regex=None, paths=None, packages_up_to=None, packages_up_to_regex=None, packages_above=None, packages_above_and_dependencies=None, packages_above_depth=None, packages_select_by_dep=None, packages_skip_by_dep=None, packages_skip_up_to=None, packages_select_build_failed=False, packages_skip_build_finished=False, packages_select_test_failures=False, packages_skip_test_passed=False, packages_select=None, packages_skip=None, packages_select_regex=None, packages_skip_regex=None, packages_start=None, packages_end=None, allow_overriding=[], cmake_args=None, cmake_target=None, cmake_target_skip_unavailable=False, cmake_clean_cache=False, cmake_clean_first=False, cmake_force_configure=False, ament_cmake_args=None, catkin_cmake_args=None, catkin_skip_building_tests=False, mixin_files=None, mixin=None, verb_parser=<colcon_mixin.mixin.mixin_argument.MixinArgumentDecorator object at 0x71391db7e510>, verb_extension=<colcon_core.verb.build.BuildVerb object at 0x71391db25bb0>, main=<bound method BuildVerb.main of <colcon_core.verb.build.BuildVerb object at 0x71391db25bb0>>, mixin_verb=('build',))
[0.108s] Level 1:colcon.colcon_core.package_discovery:discover_packages(colcon_meta) check parameters
[0.108s] Level 1:colcon.colcon_core.package_discovery:discover_packages(recursive) check parameters
[0.108s] Level 1:colcon.colcon_core.package_discovery:discover_packages(ignore) check parameters
[0.108s] Level 1:colcon.colcon_core.package_discovery:discover_packages(path) check parameters
[0.108s] Level 1:colcon.colcon_core.package_discovery:discover_packages(colcon_meta) discover
[0.108s] Level 1:colcon.colcon_core.package_discovery:discover_packages(recursive) discover
[0.108s] INFO:colcon.colcon_core.package_discovery:Crawling recursively for packages in '/home/jinhyuk2me/ros_ws/pinky'
[0.108s] Level 1:colcon.colcon_core.package_identification:_identify(.) by extensions ['ignore', 'ignore_ament_install']
[0.108s] Level 1:colcon.colcon_core.package_identification:_identify(.) by extension 'ignore'
[0.108s] Level 1:colcon.colcon_core.package_identification:_identify(.) by extension 'ignore_ament_install'
[0.108s] Level 1:colcon.colcon_core.package_identification:_identify(.) by extensions ['colcon_pkg']
[0.108s] Level 1:colcon.colcon_core.package_identification:_identify(.) by extension 'colcon_pkg'
[0.108s] Level 1:colcon.colcon_core.package_identification:_identify(.) by extensions ['colcon_meta']
[0.108s] Level 1:colcon.colcon_core.package_identification:_identify(.) by extension 'colcon_meta'
[0.108s] Level 1:colcon.colcon_core.package_identification:_identify(.) by extensions ['ros']
[0.108s] Level 1:colcon.colcon_core.package_identification:_identify(.) by extension 'ros'
[0.126s] Level 1:colcon.colcon_core.package_identification:_identify(.) by extensions ['cmake', 'python']
[0.126s] Level 1:colcon.colcon_core.package_identification:_identify(.) by extension 'cmake'
[0.126s] Level 1:colcon.colcon_core.package_identification:_identify(.) by extension 'python'
[0.126s] Level 1:colcon.colcon_core.package_identification:_identify(.) by extensions ['python_setup_py']
[0.126s] Level 1:colcon.colcon_core.package_identification:_identify(.) by extension 'python_setup_py'
[0.126s] Level 1:colcon.colcon_core.package_identification:_identify(build) by extensions ['ignore', 'ignore_ament_install']
[0.126s] Level 1:colcon.colcon_core.package_identification:_identify(build) by extension 'ignore'
[0.126s] Level 1:colcon.colcon_core.package_identification:_identify(build) ignored
[0.126s] Level 1:colcon.colcon_core.package_identification:_identify(install) by extensions ['ignore', 'ignore_ament_install']
[0.126s] Level 1:colcon.colcon_core.package_identification:_identify(install) by extension 'ignore'
[0.126s] Level 1:colcon.colcon_core.package_identification:_identify(install) ignored
[0.127s] Level 1:colcon.colcon_core.package_identification:_identify(log) by extensions ['ignore', 'ignore_ament_install']
[0.127s] Level 1:colcon.colcon_core.package_identification:_identify(log) by extension 'ignore'
[0.127s] Level 1:colcon.colcon_core.package_identification:_identify(log) ignored
[0.127s] Level 1:colcon.colcon_core.package_identification:_identify(src) by extensions ['ignore', 'ignore_ament_install']
[0.127s] Level 1:colcon.colcon_core.package_identification:_identify(src) by extension 'ignore'
[0.127s] Level 1:colcon.colcon_core.package_identification:_identify(src) by extension 'ignore_ament_install'
[0.127s] Level 1:colcon.colcon_core.package_identification:_identify(src) by extensions ['colcon_pkg']
[0.127s] Level 1:colcon.colcon_core.package_identification:_identify(src) by extension 'colcon_pkg'
[0.127s] Level 1:colcon.colcon_core.package_identification:_identify(src) by extensions ['colcon_meta']
[0.127s] Level 1:colcon.colcon_core.package_identification:_identify(src) by extension 'colcon_meta'
[0.127s] Level 1:colcon.colcon_core.package_identification:_identify(src) by extensions ['ros']
[0.127s] Level 1:colcon.colcon_core.package_identification:_identify(src) by extension 'ros'
[0.127s] Level 1:colcon.colcon_core.package_identification:_identify(src) by extensions ['cmake', 'python']
[0.127s] Level 1:colcon.colcon_core.package_identification:_identify(src) by extension 'cmake'
[0.127s] Level 1:colcon.colcon_core.package_identification:_identify(src) by extension 'python'
[0.127s] Level 1:colcon.colcon_core.package_identification:_identify(src) by extensions ['python_setup_py']
[0.127s] Level 1:colcon.colcon_core.package_identification:_identify(src) by extension 'python_setup_py'
[0.127s] Level 1:colcon.colcon_core.package_identification:_identify(src/pinky_description) by extensions ['ignore', 'ignore_ament_install']
[0.127s] Level 1:colcon.colcon_core.package_identification:_identify(src/pinky_description) by extension 'ignore'
[0.127s] Level 1:colcon.colcon_core.package_identification:_identify(src/pinky_description) by extension 'ignore_ament_install'
[0.127s] Level 1:colcon.colcon_core.package_identification:_identify(src/pinky_description) by extensions ['colcon_pkg']
[0.127s] Level 1:colcon.colcon_core.package_identification:_identify(src/pinky_description) by extension 'colcon_pkg'
[0.127s] Level 1:colcon.colcon_core.package_identification:_identify(src/pinky_description) by extensions ['colcon_meta']
[0.127s] Level 1:colcon.colcon_core.package_identification:_identify(src/pinky_description) by extension 'colcon_meta'
[0.127s] Level 1:colcon.colcon_core.package_identification:_identify(src/pinky_description) by extensions ['ros']
[0.127s] Level 1:colcon.colcon_core.package_identification:_identify(src/pinky_description) by extension 'ros'
[0.129s] DEBUG:colcon.colcon_core.package_identification:Package 'src/pinky_description' with type 'ros.ament_cmake' and name 'pinky_description'
[0.129s] Level 1:colcon.colcon_core.package_identification:_identify(src/pinky_gazebo) by extensions ['ignore', 'ignore_ament_install']
[0.129s] Level 1:colcon.colcon_core.package_identification:_identify(src/pinky_gazebo) by extension 'ignore'
[0.129s] Level 1:colcon.colcon_core.package_identification:_identify(src/pinky_gazebo) by extension 'ignore_ament_install'
[0.129s] Level 1:colcon.colcon_core.package_identification:_identify(src/pinky_gazebo) by extensions ['colcon_pkg']
[0.129s] Level 1:colcon.colcon_core.package_identification:_identify(src/pinky_gazebo) by extension 'colcon_pkg'
[0.129s] Level 1:colcon.colcon_core.package_identification:_identify(src/pinky_gazebo) by extensions ['colcon_meta']
[0.129s] Level 1:colcon.colcon_core.package_identification:_identify(src/pinky_gazebo) by extension 'colcon_meta'
[0.129s] Level 1:colcon.colcon_core.package_identification:_identify(src/pinky_gazebo) by extensions ['ros']
[0.130s] Level 1:colcon.colcon_core.package_identification:_identify(src/pinky_gazebo) by extension 'ros'
[0.130s] DEBUG:colcon.colcon_core.package_identification:Package 'src/pinky_gazebo' with type 'ros.ament_cmake' and name 'pinky_gazebo'
[0.130s] Level 1:colcon.colcon_core.package_identification:_identify(src/pinky_navigation) by extensions ['ignore', 'ignore_ament_install']
[0.130s] Level 1:colcon.colcon_core.package_identification:_identify(src/pinky_navigation) by extension 'ignore'
[0.130s] Level 1:colcon.colcon_core.package_identification:_identify(src/pinky_navigation) by extension 'ignore_ament_install'
[0.130s] Level 1:colcon.colcon_core.package_identification:_identify(src/pinky_navigation) by extensions ['colcon_pkg']
[0.130s] Level 1:colcon.colcon_core.package_identification:_identify(src/pinky_navigation) by extension 'colcon_pkg'
[0.130s] Level 1:colcon.colcon_core.package_identification:_identify(src/pinky_navigation) by extensions ['colcon_meta']
[0.130s] Level 1:colcon.colcon_core.package_identification:_identify(src/pinky_navigation) by extension 'colcon_meta'
[0.130s] Level 1:colcon.colcon_core.package_identification:_identify(src/pinky_navigation) by extensions ['ros']
[0.130s] Level 1:colcon.colcon_core.package_identification:_identify(src/pinky_navigation) by extension 'ros'
[0.131s] DEBUG:colcon.colcon_core.package_identification:Package 'src/pinky_navigation' with type 'ros.ament_cmake' and name 'pinky_navigation'
[0.131s] Level 1:colcon.colcon_core.package_identification:_identify(src/pinky_simple_navigator) by extensions ['ignore', 'ignore_ament_install']
[0.131s] Level 1:colcon.colcon_core.package_identification:_identify(src/pinky_simple_navigator) by extension 'ignore'
[0.131s] Level 1:colcon.colcon_core.package_identification:_identify(src/pinky_simple_navigator) by extension 'ignore_ament_install'
[0.131s] Level 1:colcon.colcon_core.package_identification:_identify(src/pinky_simple_navigator) by extensions ['colcon_pkg']
[0.131s] Level 1:colcon.colcon_core.package_identification:_identify(src/pinky_simple_navigator) by extension 'colcon_pkg'
[0.131s] Level 1:colcon.colcon_core.package_identification:_identify(src/pinky_simple_navigator) by extensions ['colcon_meta']
[0.131s] Level 1:colcon.colcon_core.package_identification:_identify(src/pinky_simple_navigator) by extension 'colcon_meta'
[0.131s] Level 1:colcon.colcon_core.package_identification:_identify(src/pinky_simple_navigator) by extensions ['ros']
[0.131s] Level 1:colcon.colcon_core.package_identification:_identify(src/pinky_simple_navigator) by extension 'ros'
[0.131s] DEBUG:colcon.colcon_core.package_identification:Package 'src/pinky_simple_navigator' with type 'ros.ament_python' and name 'pinky_simple_navigator'
[0.131s] Level 1:colcon.colcon_core.package_discovery:discover_packages(recursive) using defaults
[0.132s] Level 1:colcon.colcon_core.package_discovery:discover_packages(ignore) discover
[0.132s] Level 1:colcon.colcon_core.package_discovery:discover_packages(ignore) using defaults
[0.132s] Level 1:colcon.colcon_core.package_discovery:discover_packages(path) discover
[0.132s] Level 1:colcon.colcon_core.package_discovery:discover_packages(path) using defaults
[0.144s] Level 1:colcon.colcon_core.package_discovery:discover_packages(prefix_path) check parameters
[0.144s] Level 1:colcon.colcon_core.package_discovery:discover_packages(prefix_path) discover
[0.145s] DEBUG:colcon.colcon_installed_package_information.package_discovery:Found 4 installed packages in /home/jinhyuk2me/ros_ws/pinky/install
[0.147s] DEBUG:colcon.colcon_installed_package_information.package_discovery:Found 410 installed packages in /opt/ros/jazzy
[0.148s] Level 1:colcon.colcon_core.package_discovery:discover_packages(prefix_path) using defaults
[0.188s] Level 5:colcon.colcon_core.verb:set package 'pinky_description' build argument 'cmake_args' from command line to 'None'
[0.188s] Level 5:colcon.colcon_core.verb:set package 'pinky_description' build argument 'cmake_target' from command line to 'None'
[0.188s] Level 5:colcon.colcon_core.verb:set package 'pinky_description' build argument 'cmake_target_skip_unavailable' from command line to 'False'
[0.188s] Level 5:colcon.colcon_core.verb:set package 'pinky_description' build argument 'cmake_clean_cache' from command line to 'False'
[0.188s] Level 5:colcon.colcon_core.verb:set package 'pinky_description' build argument 'cmake_clean_first' from command line to 'False'
[0.188s] Level 5:colcon.colcon_core.verb:set package 'pinky_description' build argument 'cmake_force_configure' from command line to 'False'
[0.188s] Level 5:colcon.colcon_core.verb:set package 'pinky_description' build argument 'ament_cmake_args' from command line to 'None'
[0.188s] Level 5:colcon.colcon_core.verb:set package 'pinky_description' build argument 'catkin_cmake_args' from command line to 'None'
[0.188s] Level 5:colcon.colcon_core.verb:set package 'pinky_description' build argument 'catkin_skip_building_tests' from command line to 'False'
[0.188s] DEBUG:colcon.colcon_core.verb:Building package 'pinky_description' with the following arguments: {'ament_cmake_args': None, 'build_base': '/home/jinhyuk2me/ros_ws/pinky/build/pinky_description', 'catkin_cmake_args': None, 'catkin_skip_building_tests': False, 'cmake_args': None, 'cmake_clean_cache': False, 'cmake_clean_first': False, 'cmake_force_configure': False, 'cmake_target': None, 'cmake_target_skip_unavailable': False, 'install_base': '/home/jinhyuk2me/ros_ws/pinky/install/pinky_description', 'merge_install': False, 'path': '/home/jinhyuk2me/ros_ws/pinky/src/pinky_description', 'symlink_install': False, 'test_result_base': None}
[0.188s] Level 5:colcon.colcon_core.verb:set package 'pinky_navigation' build argument 'cmake_args' from command line to 'None'
[0.188s] Level 5:colcon.colcon_core.verb:set package 'pinky_navigation' build argument 'cmake_target' from command line to 'None'
[0.188s] Level 5:colcon.colcon_core.verb:set package 'pinky_navigation' build argument 'cmake_target_skip_unavailable' from command line to 'False'
[0.188s] Level 5:colcon.colcon_core.verb:set package 'pinky_navigation' build argument 'cmake_clean_cache' from command line to 'False'
[0.188s] Level 5:colcon.colcon_core.verb:set package 'pinky_navigation' build argument 'cmake_clean_first' from command line to 'False'
[0.188s] Level 5:colcon.colcon_core.verb:set package 'pinky_navigation' build argument 'cmake_force_configure' from command line to 'False'
[0.188s] Level 5:colcon.colcon_core.verb:set package 'pinky_navigation' build argument 'ament_cmake_args' from command line to 'None'
[0.188s] Level 5:colcon.colcon_core.verb:set package 'pinky_navigation' build argument 'catkin_cmake_args' from command line to 'None'
[0.188s] Level 5:colcon.colcon_core.verb:set package 'pinky_navigation' build argument 'catkin_skip_building_tests' from command line to 'False'
[0.188s] DEBUG:colcon.colcon_core.verb:Building package 'pinky_navigation' with the following arguments: {'ament_cmake_args': None, 'build_base': '/home/jinhyuk2me/ros_ws/pinky/build/pinky_navigation', 'catkin_cmake_args': None, 'catkin_skip_building_tests': False, 'cmake_args': None, 'cmake_clean_cache': False, 'cmake_clean_first': False, 'cmake_force_configure': False, 'cmake_target': None, 'cmake_target_skip_unavailable': False, 'install_base': '/home/jinhyuk2me/ros_ws/pinky/install/pinky_navigation', 'merge_install': False, 'path': '/home/jinhyuk2me/ros_ws/pinky/src/pinky_navigation', 'symlink_install': False, 'test_result_base': None}
[0.188s] Level 5:colcon.colcon_core.verb:set package 'pinky_simple_navigator' build argument 'cmake_args' from command line to 'None'
[0.189s] Level 5:colcon.colcon_core.verb:set package 'pinky_simple_navigator' build argument 'cmake_target' from command line to 'None'
[0.189s] Level 5:colcon.colcon_core.verb:set package 'pinky_simple_navigator' build argument 'cmake_target_skip_unavailable' from command line to 'False'
[0.189s] Level 5:colcon.colcon_core.verb:set package 'pinky_simple_navigator' build argument 'cmake_clean_cache' from command line to 'False'
[0.189s] Level 5:colcon.colcon_core.verb:set package 'pinky_simple_navigator' build argument 'cmake_clean_first' from command line to 'False'
[0.189s] Level 5:colcon.colcon_core.verb:set package 'pinky_simple_navigator' build argument 'cmake_force_configure' from command line to 'False'
[0.189s] Level 5:colcon.colcon_core.verb:set package 'pinky_simple_navigator' build argument 'ament_cmake_args' from command line to 'None'
[0.189s] Level 5:colcon.colcon_core.verb:set package 'pinky_simple_navigator' build argument 'catkin_cmake_args' from command line to 'None'
[0.189s] Level 5:colcon.colcon_core.verb:set package 'pinky_simple_navigator' build argument 'catkin_skip_building_tests' from command line to 'False'
[0.189s] DEBUG:colcon.colcon_core.verb:Building package 'pinky_simple_navigator' with the following arguments: {'ament_cmake_args': None, 'build_base': '/home/jinhyuk2me/ros_ws/pinky/build/pinky_simple_navigator', 'catkin_cmake_args': None, 'catkin_skip_building_tests': False, 'cmake_args': None, 'cmake_clean_cache': False, 'cmake_clean_first': False, 'cmake_force_configure': False, 'cmake_target': None, 'cmake_target_skip_unavailable': False, 'install_base': '/home/jinhyuk2me/ros_ws/pinky/install/pinky_simple_navigator', 'merge_install': False, 'path': '/home/jinhyuk2me/ros_ws/pinky/src/pinky_simple_navigator', 'symlink_install': False, 'test_result_base': None}
[0.189s] Level 5:colcon.colcon_core.verb:set package 'pinky_gazebo' build argument 'cmake_args' from command line to 'None'
[0.189s] Level 5:colcon.colcon_core.verb:set package 'pinky_gazebo' build argument 'cmake_target' from command line to 'None'
[0.189s] Level 5:colcon.colcon_core.verb:set package 'pinky_gazebo' build argument 'cmake_target_skip_unavailable' from command line to 'False'
[0.189s] Level 5:colcon.colcon_core.verb:set package 'pinky_gazebo' build argument 'cmake_clean_cache' from command line to 'False'
[0.189s] Level 5:colcon.colcon_core.verb:set package 'pinky_gazebo' build argument 'cmake_clean_first' from command line to 'False'
[0.189s] Level 5:colcon.colcon_core.verb:set package 'pinky_gazebo' build argument 'cmake_force_configure' from command line to 'False'
[0.189s] Level 5:colcon.colcon_core.verb:set package 'pinky_gazebo' build argument 'ament_cmake_args' from command line to 'None'
[0.189s] Level 5:colcon.colcon_core.verb:set package 'pinky_gazebo' build argument 'catkin_cmake_args' from command line to 'None'
[0.189s] Level 5:colcon.colcon_core.verb:set package 'pinky_gazebo' build argument 'catkin_skip_building_tests' from command line to 'False'
[0.189s] DEBUG:colcon.colcon_core.verb:Building package 'pinky_gazebo' with the following arguments: {'ament_cmake_args': None, 'build_base': '/home/jinhyuk2me/ros_ws/pinky/build/pinky_gazebo', 'catkin_cmake_args': None, 'catkin_skip_building_tests': False, 'cmake_args': None, 'cmake_clean_cache': False, 'cmake_clean_first': False, 'cmake_force_configure': False, 'cmake_target': None, 'cmake_target_skip_unavailable': False, 'install_base': '/home/jinhyuk2me/ros_ws/pinky/install/pinky_gazebo', 'merge_install': False, 'path': '/home/jinhyuk2me/ros_ws/pinky/src/pinky_gazebo', 'symlink_install': False, 'test_result_base': None}
[0.189s] INFO:colcon.colcon_core.executor:Executing jobs using 'parallel' executor
[0.190s] DEBUG:colcon.colcon_parallel_executor.executor.parallel:run_until_complete
[0.190s] INFO:colcon.colcon_ros.task.ament_cmake.build:Building ROS package in '/home/jinhyuk2me/ros_ws/pinky/src/pinky_description' with build type 'ament_cmake'
[0.190s] INFO:colcon.colcon_cmake.task.cmake.build:Building CMake package in '/home/jinhyuk2me/ros_ws/pinky/src/pinky_description'
[0.191s] INFO:colcon.colcon_core.plugin_system:Skipping extension 'colcon_core.shell.bat': Not used on non-Windows systems
[0.191s] INFO:colcon.colcon_core.shell:Skip shell extension 'powershell' for command environment: Not usable outside of PowerShell
[0.191s] DEBUG:colcon.colcon_core.shell:Skip shell extension 'dsv' for command environment
[0.195s] INFO:colcon.colcon_ros.task.ament_cmake.build:Building ROS package in '/home/jinhyuk2me/ros_ws/pinky/src/pinky_navigation' with build type 'ament_cmake'
[0.195s] INFO:colcon.colcon_cmake.task.cmake.build:Building CMake package in '/home/jinhyuk2me/ros_ws/pinky/src/pinky_navigation'
[0.195s] INFO:colcon.colcon_core.shell:Skip shell extension 'powershell' for command environment: Not usable outside of PowerShell
[0.195s] DEBUG:colcon.colcon_core.shell:Skip shell extension 'dsv' for command environment
[0.198s] INFO:colcon.colcon_ros.task.ament_python.build:Building ROS package in '/home/jinhyuk2me/ros_ws/pinky/src/pinky_simple_navigator' with build type 'ament_python'
[0.198s] Level 1:colcon.colcon_core.shell:create_environment_hook('pinky_simple_navigator', 'ament_prefix_path')
[0.199s] INFO:colcon.colcon_core.shell:Creating environment hook '/home/jinhyuk2me/ros_ws/pinky/install/pinky_simple_navigator/share/pinky_simple_navigator/hook/ament_prefix_path.ps1'
[0.199s] INFO:colcon.colcon_core.shell:Creating environment descriptor '/home/jinhyuk2me/ros_ws/pinky/install/pinky_simple_navigator/share/pinky_simple_navigator/hook/ament_prefix_path.dsv'
[0.199s] INFO:colcon.colcon_core.shell:Creating environment hook '/home/jinhyuk2me/ros_ws/pinky/install/pinky_simple_navigator/share/pinky_simple_navigator/hook/ament_prefix_path.sh'
[0.200s] INFO:colcon.colcon_core.shell:Skip shell extension 'powershell' for command environment: Not usable outside of PowerShell
[0.200s] DEBUG:colcon.colcon_core.shell:Skip shell extension 'dsv' for command environment
[0.205s] DEBUG:colcon.colcon_core.event_handler.log_command:Invoking command in '/home/jinhyuk2me/ros_ws/pinky/build/pinky_description': CMAKE_PREFIX_PATH=${CMAKE_PREFIX_PATH}:/home/jinhyuk2me/ros_ws/pinky/install/pinky_simple_navigator:/opt/ros/jazzy DEBUGINFOD_URLS=https://debuginfod.ubuntu.com PS1=(ros_venv) \[\e[1;34m\](ID: ${ROS_DOMAIN_ID:-0})\[\e[1;32m\]\u\[\e[0m\]:\[\e[1;34m\]\w\[\e[0m\]$ VIRTUAL_ENV_PROMPT=(ros_venv) /usr/bin/cmake --build /home/jinhyuk2me/ros_ws/pinky/build/pinky_description -- -j12 -l12
[0.217s] DEBUG:colcon.colcon_core.event_handler.log_command:Invoking command in '/home/jinhyuk2me/ros_ws/pinky/build/pinky_navigation': CMAKE_PREFIX_PATH=${CMAKE_PREFIX_PATH}:/home/jinhyuk2me/ros_ws/pinky/install/pinky_simple_navigator:/opt/ros/jazzy DEBUGINFOD_URLS=https://debuginfod.ubuntu.com PS1=(ros_venv) \[\e[1;34m\](ID: ${ROS_DOMAIN_ID:-0})\[\e[1;32m\]\u\[\e[0m\]:\[\e[1;34m\]\w\[\e[0m\]$ VIRTUAL_ENV_PROMPT=(ros_venv) /usr/bin/cmake --build /home/jinhyuk2me/ros_ws/pinky/build/pinky_navigation -- -j12 -l12
[0.381s] INFO:colcon.colcon_core.task.python.build:Building Python package in '/home/jinhyuk2me/ros_ws/pinky/src/pinky_simple_navigator'
[0.382s] INFO:colcon.colcon_core.shell:Skip shell extension 'powershell' for command environment: Not usable outside of PowerShell
[0.382s] DEBUG:colcon.colcon_core.shell:Skip shell extension 'dsv' for command environment
[0.385s] DEBUG:colcon.colcon_core.event_handler.log_command:Invoked command in '/home/jinhyuk2me/ros_ws/pinky/build/pinky_navigation' returned '0': CMAKE_PREFIX_PATH=${CMAKE_PREFIX_PATH}:/home/jinhyuk2me/ros_ws/pinky/install/pinky_simple_navigator:/opt/ros/jazzy DEBUGINFOD_URLS=https://debuginfod.ubuntu.com PS1=(ros_venv) \[\e[1;34m\](ID: ${ROS_DOMAIN_ID:-0})\[\e[1;32m\]\u\[\e[0m\]:\[\e[1;34m\]\w\[\e[0m\]$ VIRTUAL_ENV_PROMPT=(ros_venv) /usr/bin/cmake --build /home/jinhyuk2me/ros_ws/pinky/build/pinky_navigation -- -j12 -l12
[0.395s] DEBUG:colcon.colcon_core.event_handler.log_command:Invoking command in '/home/jinhyuk2me/ros_ws/pinky/build/pinky_navigation': CMAKE_PREFIX_PATH=${CMAKE_PREFIX_PATH}:/home/jinhyuk2me/ros_ws/pinky/install/pinky_simple_navigator:/opt/ros/jazzy DEBUGINFOD_URLS=https://debuginfod.ubuntu.com PS1=(ros_venv) \[\e[1;34m\](ID: ${ROS_DOMAIN_ID:-0})\[\e[1;32m\]\u\[\e[0m\]:\[\e[1;34m\]\w\[\e[0m\]$ VIRTUAL_ENV_PROMPT=(ros_venv) /usr/bin/cmake --install /home/jinhyuk2me/ros_ws/pinky/build/pinky_navigation
[0.396s] DEBUG:colcon.colcon_core.event_handler.log_command:Invoked command in '/home/jinhyuk2me/ros_ws/pinky/build/pinky_description' returned '0': CMAKE_PREFIX_PATH=${CMAKE_PREFIX_PATH}:/home/jinhyuk2me/ros_ws/pinky/install/pinky_simple_navigator:/opt/ros/jazzy DEBUGINFOD_URLS=https://debuginfod.ubuntu.com PS1=(ros_venv) \[\e[1;34m\](ID: ${ROS_DOMAIN_ID:-0})\[\e[1;32m\]\u\[\e[0m\]:\[\e[1;34m\]\w\[\e[0m\]$ VIRTUAL_ENV_PROMPT=(ros_venv) /usr/bin/cmake --build /home/jinhyuk2me/ros_ws/pinky/build/pinky_description -- -j12 -l12
[0.397s] DEBUG:colcon.colcon_core.event_handler.log_command:Invoking command in '/home/jinhyuk2me/ros_ws/pinky/build/pinky_description': CMAKE_PREFIX_PATH=${CMAKE_PREFIX_PATH}:/home/jinhyuk2me/ros_ws/pinky/install/pinky_simple_navigator:/opt/ros/jazzy DEBUGINFOD_URLS=https://debuginfod.ubuntu.com PS1=(ros_venv) \[\e[1;34m\](ID: ${ROS_DOMAIN_ID:-0})\[\e[1;32m\]\u\[\e[0m\]:\[\e[1;34m\]\w\[\e[0m\]$ VIRTUAL_ENV_PROMPT=(ros_venv) /usr/bin/cmake --install /home/jinhyuk2me/ros_ws/pinky/build/pinky_description
[0.406s] Level 1:colcon.colcon_core.environment:create_environment_scripts_only(pinky_navigation)
[0.410s] DEBUG:colcon.colcon_core.event_handler.log_command:Invoked command in '/home/jinhyuk2me/ros_ws/pinky/build/pinky_navigation' returned '0': CMAKE_PREFIX_PATH=${CMAKE_PREFIX_PATH}:/home/jinhyuk2me/ros_ws/pinky/install/pinky_simple_navigator:/opt/ros/jazzy DEBUGINFOD_URLS=https://debuginfod.ubuntu.com PS1=(ros_venv) \[\e[1;34m\](ID: ${ROS_DOMAIN_ID:-0})\[\e[1;32m\]\u\[\e[0m\]:\[\e[1;34m\]\w\[\e[0m\]$ VIRTUAL_ENV_PROMPT=(ros_venv) /usr/bin/cmake --install /home/jinhyuk2me/ros_ws/pinky/build/pinky_navigation
[0.411s] Level 1:colcon.colcon_core.environment:checking '/home/jinhyuk2me/ros_ws/pinky/install/pinky_navigation' for CMake module files
[0.411s] Level 1:colcon.colcon_core.environment:checking '/home/jinhyuk2me/ros_ws/pinky/install/pinky_navigation' for CMake config files
[0.411s] Level 1:colcon.colcon_core.shell:create_environment_hook('pinky_navigation', 'cmake_prefix_path')
[0.411s] INFO:colcon.colcon_core.shell:Creating environment hook '/home/jinhyuk2me/ros_ws/pinky/install/pinky_navigation/share/pinky_navigation/hook/cmake_prefix_path.ps1'
[0.412s] INFO:colcon.colcon_core.shell:Creating environment descriptor '/home/jinhyuk2me/ros_ws/pinky/install/pinky_navigation/share/pinky_navigation/hook/cmake_prefix_path.dsv'
[0.412s] INFO:colcon.colcon_core.shell:Creating environment hook '/home/jinhyuk2me/ros_ws/pinky/install/pinky_navigation/share/pinky_navigation/hook/cmake_prefix_path.sh'
[0.412s] Level 1:colcon.colcon_core.environment:checking '/home/jinhyuk2me/ros_ws/pinky/install/pinky_navigation/bin'
[0.412s] Level 1:colcon.colcon_core.environment:checking '/home/jinhyuk2me/ros_ws/pinky/install/pinky_navigation/lib/pkgconfig/pinky_navigation.pc'
[0.413s] Level 1:colcon.colcon_core.environment:checking '/home/jinhyuk2me/ros_ws/pinky/install/pinky_navigation/lib/python3.12/site-packages'
[0.413s] Level 1:colcon.colcon_core.environment:checking '/home/jinhyuk2me/ros_ws/pinky/install/pinky_navigation/bin'
[0.413s] INFO:colcon.colcon_core.shell:Creating package script '/home/jinhyuk2me/ros_ws/pinky/install/pinky_navigation/share/pinky_navigation/package.ps1'
[0.413s] INFO:colcon.colcon_core.shell:Creating package descriptor '/home/jinhyuk2me/ros_ws/pinky/install/pinky_navigation/share/pinky_navigation/package.dsv'
[0.414s] INFO:colcon.colcon_core.shell:Creating package script '/home/jinhyuk2me/ros_ws/pinky/install/pinky_navigation/share/pinky_navigation/package.sh'
[0.414s] INFO:colcon.colcon_core.shell:Creating package script '/home/jinhyuk2me/ros_ws/pinky/install/pinky_navigation/share/pinky_navigation/package.bash'
[0.414s] INFO:colcon.colcon_core.shell:Creating package script '/home/jinhyuk2me/ros_ws/pinky/install/pinky_navigation/share/pinky_navigation/package.zsh'
[0.415s] Level 1:colcon.colcon_core.environment:create_file_with_runtime_dependencies(/home/jinhyuk2me/ros_ws/pinky/install/pinky_navigation/share/colcon-core/packages/pinky_navigation)
[0.415s] Level 1:colcon.colcon_core.environment:create_environment_scripts_only(pinky_navigation)
[0.415s] Level 1:colcon.colcon_core.environment:checking '/home/jinhyuk2me/ros_ws/pinky/install/pinky_navigation' for CMake module files
[0.416s] Level 1:colcon.colcon_core.environment:checking '/home/jinhyuk2me/ros_ws/pinky/install/pinky_navigation' for CMake config files
[0.416s] Level 1:colcon.colcon_core.shell:create_environment_hook('pinky_navigation', 'cmake_prefix_path')
[0.416s] INFO:colcon.colcon_core.shell:Creating environment hook '/home/jinhyuk2me/ros_ws/pinky/install/pinky_navigation/share/pinky_navigation/hook/cmake_prefix_path.ps1'
[0.416s] INFO:colcon.colcon_core.shell:Creating environment descriptor '/home/jinhyuk2me/ros_ws/pinky/install/pinky_navigation/share/pinky_navigation/hook/cmake_prefix_path.dsv'
[0.416s] INFO:colcon.colcon_core.shell:Creating environment hook '/home/jinhyuk2me/ros_ws/pinky/install/pinky_navigation/share/pinky_navigation/hook/cmake_prefix_path.sh'
[0.417s] Level 1:colcon.colcon_core.environment:checking '/home/jinhyuk2me/ros_ws/pinky/install/pinky_navigation/bin'
[0.417s] Level 1:colcon.colcon_core.environment:checking '/home/jinhyuk2me/ros_ws/pinky/install/pinky_navigation/lib/pkgconfig/pinky_navigation.pc'
[0.417s] Level 1:colcon.colcon_core.environment:checking '/home/jinhyuk2me/ros_ws/pinky/install/pinky_navigation/lib/python3.12/site-packages'
[0.417s] Level 1:colcon.colcon_core.environment:checking '/home/jinhyuk2me/ros_ws/pinky/install/pinky_navigation/bin'
[0.417s] INFO:colcon.colcon_core.shell:Creating package script '/home/jinhyuk2me/ros_ws/pinky/install/pinky_navigation/share/pinky_navigation/package.ps1'
[0.417s] INFO:colcon.colcon_core.shell:Creating package descriptor '/home/jinhyuk2me/ros_ws/pinky/install/pinky_navigation/share/pinky_navigation/package.dsv'
[0.418s] INFO:colcon.colcon_core.shell:Creating package script '/home/jinhyuk2me/ros_ws/pinky/install/pinky_navigation/share/pinky_navigation/package.sh'
[0.418s] INFO:colcon.colcon_core.shell:Creating package script '/home/jinhyuk2me/ros_ws/pinky/install/pinky_navigation/share/pinky_navigation/package.bash'
[0.418s] INFO:colcon.colcon_core.shell:Creating package script '/home/jinhyuk2me/ros_ws/pinky/install/pinky_navigation/share/pinky_navigation/package.zsh'
[0.419s] Level 1:colcon.colcon_core.environment:create_file_with_runtime_dependencies(/home/jinhyuk2me/ros_ws/pinky/install/pinky_navigation/share/colcon-core/packages/pinky_navigation)
[0.419s] Level 1:colcon.colcon_core.environment:create_environment_scripts_only(pinky_description)
[0.419s] Level 1:colcon.colcon_core.environment:checking '/home/jinhyuk2me/ros_ws/pinky/install/pinky_description' for CMake module files
[0.420s] Level 1:colcon.colcon_core.environment:checking '/home/jinhyuk2me/ros_ws/pinky/install/pinky_description' for CMake config files
[0.420s] DEBUG:colcon.colcon_core.event_handler.log_command:Invoked command in '/home/jinhyuk2me/ros_ws/pinky/build/pinky_description' returned '0': CMAKE_PREFIX_PATH=${CMAKE_PREFIX_PATH}:/home/jinhyuk2me/ros_ws/pinky/install/pinky_simple_navigator:/opt/ros/jazzy DEBUGINFOD_URLS=https://debuginfod.ubuntu.com PS1=(ros_venv) \[\e[1;34m\](ID: ${ROS_DOMAIN_ID:-0})\[\e[1;32m\]\u\[\e[0m\]:\[\e[1;34m\]\w\[\e[0m\]$ VIRTUAL_ENV_PROMPT=(ros_venv) /usr/bin/cmake --install /home/jinhyuk2me/ros_ws/pinky/build/pinky_description
[0.420s] Level 1:colcon.colcon_core.shell:create_environment_hook('pinky_description', 'cmake_prefix_path')
[0.421s] INFO:colcon.colcon_core.shell:Creating environment hook '/home/jinhyuk2me/ros_ws/pinky/install/pinky_description/share/pinky_description/hook/cmake_prefix_path.ps1'
[0.421s] INFO:colcon.colcon_core.shell:Creating environment descriptor '/home/jinhyuk2me/ros_ws/pinky/install/pinky_description/share/pinky_description/hook/cmake_prefix_path.dsv'
[0.421s] INFO:colcon.colcon_core.shell:Creating environment hook '/home/jinhyuk2me/ros_ws/pinky/install/pinky_description/share/pinky_description/hook/cmake_prefix_path.sh'
[0.421s] Level 1:colcon.colcon_core.environment:checking '/home/jinhyuk2me/ros_ws/pinky/install/pinky_description/bin'
[0.421s] Level 1:colcon.colcon_core.environment:checking '/home/jinhyuk2me/ros_ws/pinky/install/pinky_description/lib/pkgconfig/pinky_description.pc'
[0.422s] Level 1:colcon.colcon_core.environment:checking '/home/jinhyuk2me/ros_ws/pinky/install/pinky_description/lib/python3.12/site-packages'
[0.422s] Level 1:colcon.colcon_core.environment:checking '/home/jinhyuk2me/ros_ws/pinky/install/pinky_description/bin'
[0.422s] INFO:colcon.colcon_core.shell:Creating package script '/home/jinhyuk2me/ros_ws/pinky/install/pinky_description/share/pinky_description/package.ps1'
[0.422s] INFO:colcon.colcon_core.shell:Creating package descriptor '/home/jinhyuk2me/ros_ws/pinky/install/pinky_description/share/pinky_description/package.dsv'
[0.422s] INFO:colcon.colcon_core.shell:Creating package script '/home/jinhyuk2me/ros_ws/pinky/install/pinky_description/share/pinky_description/package.sh'
[0.423s] INFO:colcon.colcon_core.shell:Creating package script '/home/jinhyuk2me/ros_ws/pinky/install/pinky_description/share/pinky_description/package.bash'
[0.423s] INFO:colcon.colcon_core.shell:Creating package script '/home/jinhyuk2me/ros_ws/pinky/install/pinky_description/share/pinky_description/package.zsh'
[0.423s] Level 1:colcon.colcon_core.environment:create_file_with_runtime_dependencies(/home/jinhyuk2me/ros_ws/pinky/install/pinky_description/share/colcon-core/packages/pinky_description)
[0.423s] Level 1:colcon.colcon_core.environment:create_environment_scripts_only(pinky_description)
[0.424s] Level 1:colcon.colcon_core.environment:checking '/home/jinhyuk2me/ros_ws/pinky/install/pinky_description' for CMake module files
[0.424s] Level 1:colcon.colcon_core.environment:checking '/home/jinhyuk2me/ros_ws/pinky/install/pinky_description' for CMake config files
[0.424s] Level 1:colcon.colcon_core.shell:create_environment_hook('pinky_description', 'cmake_prefix_path')
[0.424s] INFO:colcon.colcon_core.shell:Creating environment hook '/home/jinhyuk2me/ros_ws/pinky/install/pinky_description/share/pinky_description/hook/cmake_prefix_path.ps1'
[0.424s] INFO:colcon.colcon_core.shell:Creating environment descriptor '/home/jinhyuk2me/ros_ws/pinky/install/pinky_description/share/pinky_description/hook/cmake_prefix_path.dsv'
[0.425s] INFO:colcon.colcon_core.shell:Creating environment hook '/home/jinhyuk2me/ros_ws/pinky/install/pinky_description/share/pinky_description/hook/cmake_prefix_path.sh'
[0.425s] Level 1:colcon.colcon_core.environment:checking '/home/jinhyuk2me/ros_ws/pinky/install/pinky_description/bin'
[0.425s] Level 1:colcon.colcon_core.environment:checking '/home/jinhyuk2me/ros_ws/pinky/install/pinky_description/lib/pkgconfig/pinky_description.pc'
[0.425s] Level 1:colcon.colcon_core.environment:checking '/home/jinhyuk2me/ros_ws/pinky/install/pinky_description/lib/python3.12/site-packages'
[0.425s] Level 1:colcon.colcon_core.environment:checking '/home/jinhyuk2me/ros_ws/pinky/install/pinky_description/bin'
[0.426s] INFO:colcon.colcon_core.shell:Creating package script '/home/jinhyuk2me/ros_ws/pinky/install/pinky_description/share/pinky_description/package.ps1'
[0.426s] INFO:colcon.colcon_core.shell:Creating package descriptor '/home/jinhyuk2me/ros_ws/pinky/install/pinky_description/share/pinky_description/package.dsv'
[0.426s] INFO:colcon.colcon_core.shell:Creating package script '/home/jinhyuk2me/ros_ws/pinky/install/pinky_description/share/pinky_description/package.sh'
[0.427s] INFO:colcon.colcon_core.shell:Creating package script '/home/jinhyuk2me/ros_ws/pinky/install/pinky_description/share/pinky_description/package.bash'
[0.427s] INFO:colcon.colcon_core.shell:Creating package script '/home/jinhyuk2me/ros_ws/pinky/install/pinky_description/share/pinky_description/package.zsh'
[0.427s] Level 1:colcon.colcon_core.environment:create_file_with_runtime_dependencies(/home/jinhyuk2me/ros_ws/pinky/install/pinky_description/share/colcon-core/packages/pinky_description)
[0.427s] INFO:colcon.colcon_ros.task.ament_cmake.build:Building ROS package in '/home/jinhyuk2me/ros_ws/pinky/src/pinky_gazebo' with build type 'ament_cmake'
[0.428s] INFO:colcon.colcon_cmake.task.cmake.build:Building CMake package in '/home/jinhyuk2me/ros_ws/pinky/src/pinky_gazebo'
[0.428s] INFO:colcon.colcon_core.shell:Skip shell extension 'powershell' for command environment: Not usable outside of PowerShell
[0.428s] DEBUG:colcon.colcon_core.shell:Skip shell extension 'dsv' for command environment
[0.435s] DEBUG:colcon.colcon_core.event_handler.log_command:Invoking command in '/home/jinhyuk2me/ros_ws/pinky/build/pinky_gazebo': CMAKE_PREFIX_PATH=/home/jinhyuk2me/ros_ws/pinky/install/pinky_description:/home/jinhyuk2me/ros_ws/pinky/install/pinky_navigation:/home/jinhyuk2me/ros_ws/pinky/install/pinky_gazebo:/opt/ros/jazzy/opt/gz_sim_vendor:/opt/ros/jazzy/opt/gz_sensors_vendor:/opt/ros/jazzy/opt/gz_physics_vendor:/opt/ros/jazzy/opt/sdformat_vendor:/opt/ros/jazzy/opt/gz_gui_vendor:/opt/ros/jazzy/opt/gz_transport_vendor:/opt/ros/jazzy/opt/gz_rendering_vendor:/opt/ros/jazzy/opt/gz_plugin_vendor:/opt/ros/jazzy/opt/gz_fuel_tools_vendor:/opt/ros/jazzy/opt/gz_msgs_vendor:/opt/ros/jazzy/opt/gz_common_vendor:/opt/ros/jazzy/opt/gz_math_vendor:/opt/ros/jazzy/opt/gz_utils_vendor:/opt/ros/jazzy/opt/gz_tools_vendor:/opt/ros/jazzy/opt/gz_ogre_next_vendor:/opt/ros/jazzy/opt/gz_dartsim_vendor:/opt/ros/jazzy/opt/gz_cmake_vendor:/home/jinhyuk2me/ros_ws/pinky/install/pinky_simple_navigator:/opt/ros/jazzy DEBUGINFOD_URLS=https://debuginfod.ubuntu.com PS1=(ros_venv) \[\e[1;34m\](ID: ${ROS_DOMAIN_ID:-0})\[\e[1;32m\]\u\[\e[0m\]:\[\e[1;34m\]\w\[\e[0m\]$ VIRTUAL_ENV_PROMPT=(ros_venv) /usr/bin/cmake --build /home/jinhyuk2me/ros_ws/pinky/build/pinky_gazebo -- -j12 -l12
[0.468s] DEBUG:colcon.colcon_core.event_handler.log_command:Invoked command in '/home/jinhyuk2me/ros_ws/pinky/build/pinky_gazebo' returned '0': CMAKE_PREFIX_PATH=/home/jinhyuk2me/ros_ws/pinky/install/pinky_description:/home/jinhyuk2me/ros_ws/pinky/install/pinky_navigation:/home/jinhyuk2me/ros_ws/pinky/install/pinky_gazebo:/opt/ros/jazzy/opt/gz_sim_vendor:/opt/ros/jazzy/opt/gz_sensors_vendor:/opt/ros/jazzy/opt/gz_physics_vendor:/opt/ros/jazzy/opt/sdformat_vendor:/opt/ros/jazzy/opt/gz_gui_vendor:/opt/ros/jazzy/opt/gz_transport_vendor:/opt/ros/jazzy/opt/gz_rendering_vendor:/opt/ros/jazzy/opt/gz_plugin_vendor:/opt/ros/jazzy/opt/gz_fuel_tools_vendor:/opt/ros/jazzy/opt/gz_msgs_vendor:/opt/ros/jazzy/opt/gz_common_vendor:/opt/ros/jazzy/opt/gz_math_vendor:/opt/ros/jazzy/opt/gz_utils_vendor:/opt/ros/jazzy/opt/gz_tools_vendor:/opt/ros/jazzy/opt/gz_ogre_next_vendor:/opt/ros/jazzy/opt/gz_dartsim_vendor:/opt/ros/jazzy/opt/gz_cmake_vendor:/home/jinhyuk2me/ros_ws/pinky/install/pinky_simple_navigator:/opt/ros/jazzy DEBUGINFOD_URLS=https://debuginfod.ubuntu.com PS1=(ros_venv) \[\e[1;34m\](ID: ${ROS_DOMAIN_ID:-0})\[\e[1;32m\]\u\[\e[0m\]:\[\e[1;34m\]\w\[\e[0m\]$ VIRTUAL_ENV_PROMPT=(ros_venv) /usr/bin/cmake --build /home/jinhyuk2me/ros_ws/pinky/build/pinky_gazebo -- -j12 -l12
[0.469s] DEBUG:colcon.colcon_core.event_handler.log_command:Invoking command in '/home/jinhyuk2me/ros_ws/pinky/build/pinky_gazebo': CMAKE_PREFIX_PATH=/home/jinhyuk2me/ros_ws/pinky/install/pinky_description:/home/jinhyuk2me/ros_ws/pinky/install/pinky_navigation:/home/jinhyuk2me/ros_ws/pinky/install/pinky_gazebo:/opt/ros/jazzy/opt/gz_sim_vendor:/opt/ros/jazzy/opt/gz_sensors_vendor:/opt/ros/jazzy/opt/gz_physics_vendor:/opt/ros/jazzy/opt/sdformat_vendor:/opt/ros/jazzy/opt/gz_gui_vendor:/opt/ros/jazzy/opt/gz_transport_vendor:/opt/ros/jazzy/opt/gz_rendering_vendor:/opt/ros/jazzy/opt/gz_plugin_vendor:/opt/ros/jazzy/opt/gz_fuel_tools_vendor:/opt/ros/jazzy/opt/gz_msgs_vendor:/opt/ros/jazzy/opt/gz_common_vendor:/opt/ros/jazzy/opt/gz_math_vendor:/opt/ros/jazzy/opt/gz_utils_vendor:/opt/ros/jazzy/opt/gz_tools_vendor:/opt/ros/jazzy/opt/gz_ogre_next_vendor:/opt/ros/jazzy/opt/gz_dartsim_vendor:/opt/ros/jazzy/opt/gz_cmake_vendor:/home/jinhyuk2me/ros_ws/pinky/install/pinky_simple_navigator:/opt/ros/jazzy DEBUGINFOD_URLS=https://debuginfod.ubuntu.com PS1=(ros_venv) \[\e[1;34m\](ID: ${ROS_DOMAIN_ID:-0})\[\e[1;32m\]\u\[\e[0m\]:\[\e[1;34m\]\w\[\e[0m\]$ VIRTUAL_ENV_PROMPT=(ros_venv) /usr/bin/cmake --install /home/jinhyuk2me/ros_ws/pinky/build/pinky_gazebo
[0.479s] Level 1:colcon.colcon_core.environment:create_environment_scripts_only(pinky_gazebo)
[0.479s] Level 1:colcon.colcon_core.environment:checking '/home/jinhyuk2me/ros_ws/pinky/install/pinky_gazebo' for CMake module files
[0.479s] DEBUG:colcon.colcon_core.event_handler.log_command:Invoked command in '/home/jinhyuk2me/ros_ws/pinky/build/pinky_gazebo' returned '0': CMAKE_PREFIX_PATH=/home/jinhyuk2me/ros_ws/pinky/install/pinky_description:/home/jinhyuk2me/ros_ws/pinky/install/pinky_navigation:/home/jinhyuk2me/ros_ws/pinky/install/pinky_gazebo:/opt/ros/jazzy/opt/gz_sim_vendor:/opt/ros/jazzy/opt/gz_sensors_vendor:/opt/ros/jazzy/opt/gz_physics_vendor:/opt/ros/jazzy/opt/sdformat_vendor:/opt/ros/jazzy/opt/gz_gui_vendor:/opt/ros/jazzy/opt/gz_transport_vendor:/opt/ros/jazzy/opt/gz_rendering_vendor:/opt/ros/jazzy/opt/gz_plugin_vendor:/opt/ros/jazzy/opt/gz_fuel_tools_vendor:/opt/ros/jazzy/opt/gz_msgs_vendor:/opt/ros/jazzy/opt/gz_common_vendor:/opt/ros/jazzy/opt/gz_math_vendor:/opt/ros/jazzy/opt/gz_utils_vendor:/opt/ros/jazzy/opt/gz_tools_vendor:/opt/ros/jazzy/opt/gz_ogre_next_vendor:/opt/ros/jazzy/opt/gz_dartsim_vendor:/opt/ros/jazzy/opt/gz_cmake_vendor:/home/jinhyuk2me/ros_ws/pinky/install/pinky_simple_navigator:/opt/ros/jazzy DEBUGINFOD_URLS=https://debuginfod.ubuntu.com PS1=(ros_venv) \[\e[1;34m\](ID: ${ROS_DOMAIN_ID:-0})\[\e[1;32m\]\u\[\e[0m\]:\[\e[1;34m\]\w\[\e[0m\]$ VIRTUAL_ENV_PROMPT=(ros_venv) /usr/bin/cmake --install /home/jinhyuk2me/ros_ws/pinky/build/pinky_gazebo
[0.479s] Level 1:colcon.colcon_core.environment:checking '/home/jinhyuk2me/ros_ws/pinky/install/pinky_gazebo' for CMake config files
[0.480s] Level 1:colcon.colcon_core.shell:create_environment_hook('pinky_gazebo', 'cmake_prefix_path')
[0.480s] INFO:colcon.colcon_core.shell:Creating environment hook '/home/jinhyuk2me/ros_ws/pinky/install/pinky_gazebo/share/pinky_gazebo/hook/cmake_prefix_path.ps1'
[0.480s] INFO:colcon.colcon_core.shell:Creating environment descriptor '/home/jinhyuk2me/ros_ws/pinky/install/pinky_gazebo/share/pinky_gazebo/hook/cmake_prefix_path.dsv'
[0.480s] INFO:colcon.colcon_core.shell:Creating environment hook '/home/jinhyuk2me/ros_ws/pinky/install/pinky_gazebo/share/pinky_gazebo/hook/cmake_prefix_path.sh'
[0.481s] Level 1:colcon.colcon_core.environment:checking '/home/jinhyuk2me/ros_ws/pinky/install/pinky_gazebo/bin'
[0.481s] Level 1:colcon.colcon_core.environment:checking '/home/jinhyuk2me/ros_ws/pinky/install/pinky_gazebo/lib/pkgconfig/pinky_gazebo.pc'
[0.481s] Level 1:colcon.colcon_core.environment:checking '/home/jinhyuk2me/ros_ws/pinky/install/pinky_gazebo/lib/python3.12/site-packages'
[0.481s] Level 1:colcon.colcon_core.environment:checking '/home/jinhyuk2me/ros_ws/pinky/install/pinky_gazebo/bin'
[0.481s] INFO:colcon.colcon_core.shell:Creating package script '/home/jinhyuk2me/ros_ws/pinky/install/pinky_gazebo/share/pinky_gazebo/package.ps1'
[0.481s] INFO:colcon.colcon_core.shell:Creating package descriptor '/home/jinhyuk2me/ros_ws/pinky/install/pinky_gazebo/share/pinky_gazebo/package.dsv'
[0.482s] INFO:colcon.colcon_core.shell:Creating package script '/home/jinhyuk2me/ros_ws/pinky/install/pinky_gazebo/share/pinky_gazebo/package.sh'
[0.482s] INFO:colcon.colcon_core.shell:Creating package script '/home/jinhyuk2me/ros_ws/pinky/install/pinky_gazebo/share/pinky_gazebo/package.bash'
[0.482s] INFO:colcon.colcon_core.shell:Creating package script '/home/jinhyuk2me/ros_ws/pinky/install/pinky_gazebo/share/pinky_gazebo/package.zsh'
[0.483s] Level 1:colcon.colcon_core.environment:create_file_with_runtime_dependencies(/home/jinhyuk2me/ros_ws/pinky/install/pinky_gazebo/share/colcon-core/packages/pinky_gazebo)
[0.483s] Level 1:colcon.colcon_core.environment:create_environment_scripts_only(pinky_gazebo)
[0.483s] Level 1:colcon.colcon_core.environment:checking '/home/jinhyuk2me/ros_ws/pinky/install/pinky_gazebo' for CMake module files
[0.484s] Level 1:colcon.colcon_core.environment:checking '/home/jinhyuk2me/ros_ws/pinky/install/pinky_gazebo' for CMake config files
[0.484s] Level 1:colcon.colcon_core.shell:create_environment_hook('pinky_gazebo', 'cmake_prefix_path')
[0.484s] INFO:colcon.colcon_core.shell:Creating environment hook '/home/jinhyuk2me/ros_ws/pinky/install/pinky_gazebo/share/pinky_gazebo/hook/cmake_prefix_path.ps1'
[0.484s] INFO:colcon.colcon_core.shell:Creating environment descriptor '/home/jinhyuk2me/ros_ws/pinky/install/pinky_gazebo/share/pinky_gazebo/hook/cmake_prefix_path.dsv'
[0.484s] INFO:colcon.colcon_core.shell:Creating environment hook '/home/jinhyuk2me/ros_ws/pinky/install/pinky_gazebo/share/pinky_gazebo/hook/cmake_prefix_path.sh'
[0.485s] Level 1:colcon.colcon_core.environment:checking '/home/jinhyuk2me/ros_ws/pinky/install/pinky_gazebo/bin'
[0.485s] Level 1:colcon.colcon_core.environment:checking '/home/jinhyuk2me/ros_ws/pinky/install/pinky_gazebo/lib/pkgconfig/pinky_gazebo.pc'
[0.485s] Level 1:colcon.colcon_core.environment:checking '/home/jinhyuk2me/ros_ws/pinky/install/pinky_gazebo/lib/python3.12/site-packages'
[0.485s] Level 1:colcon.colcon_core.environment:checking '/home/jinhyuk2me/ros_ws/pinky/install/pinky_gazebo/bin'
[0.485s] INFO:colcon.colcon_core.shell:Creating package script '/home/jinhyuk2me/ros_ws/pinky/install/pinky_gazebo/share/pinky_gazebo/package.ps1'
[0.486s] INFO:colcon.colcon_core.shell:Creating package descriptor '/home/jinhyuk2me/ros_ws/pinky/install/pinky_gazebo/share/pinky_gazebo/package.dsv'
[0.486s] INFO:colcon.colcon_core.shell:Creating package script '/home/jinhyuk2me/ros_ws/pinky/install/pinky_gazebo/share/pinky_gazebo/package.sh'
[0.486s] INFO:colcon.colcon_core.shell:Creating package script '/home/jinhyuk2me/ros_ws/pinky/install/pinky_gazebo/share/pinky_gazebo/package.bash'
[0.486s] INFO:colcon.colcon_core.shell:Creating package script '/home/jinhyuk2me/ros_ws/pinky/install/pinky_gazebo/share/pinky_gazebo/package.zsh'
[0.487s] Level 1:colcon.colcon_core.environment:create_file_with_runtime_dependencies(/home/jinhyuk2me/ros_ws/pinky/install/pinky_gazebo/share/colcon-core/packages/pinky_gazebo)
[0.878s] DEBUG:colcon.colcon_core.event_handler.log_command:Invoking command in '/home/jinhyuk2me/ros_ws/pinky/src/pinky_simple_navigator': DEBUGINFOD_URLS=https://debuginfod.ubuntu.com PS1=(ros_venv) \[\e[1;34m\](ID: ${ROS_DOMAIN_ID:-0})\[\e[1;32m\]\u\[\e[0m\]:\[\e[1;34m\]\w\[\e[0m\]$ PYTHONPATH=/home/jinhyuk2me/ros_ws/pinky/build/pinky_simple_navigator/prefix_override:/usr/lib/python3/dist-packages/colcon_core/task/python/colcon_distutils_commands:/home/jinhyuk2me/ros_ws/pinky/install/pinky_simple_navigator/lib/python3.12/site-packages:${PYTHONPATH} VIRTUAL_ENV_PROMPT=(ros_venv) /usr/bin/python3 -W ignore:setup.py install is deprecated -W ignore:easy_install command is deprecated setup.py egg_info --egg-base ../../build/pinky_simple_navigator build --build-base /home/jinhyuk2me/ros_ws/pinky/build/pinky_simple_navigator/build install --record /home/jinhyuk2me/ros_ws/pinky/build/pinky_simple_navigator/install.log --single-version-externally-managed install_data
[1.331s] Level 1:colcon.colcon_core.environment:checking '/home/jinhyuk2me/ros_ws/pinky/install/pinky_simple_navigator' for CMake module files
[1.331s] DEBUG:colcon.colcon_core.event_handler.log_command:Invoked command in '/home/jinhyuk2me/ros_ws/pinky/src/pinky_simple_navigator' returned '0': DEBUGINFOD_URLS=https://debuginfod.ubuntu.com PS1=(ros_venv) \[\e[1;34m\](ID: ${ROS_DOMAIN_ID:-0})\[\e[1;32m\]\u\[\e[0m\]:\[\e[1;34m\]\w\[\e[0m\]$ PYTHONPATH=/home/jinhyuk2me/ros_ws/pinky/build/pinky_simple_navigator/prefix_override:/usr/lib/python3/dist-packages/colcon_core/task/python/colcon_distutils_commands:/home/jinhyuk2me/ros_ws/pinky/install/pinky_simple_navigator/lib/python3.12/site-packages:${PYTHONPATH} VIRTUAL_ENV_PROMPT=(ros_venv) /usr/bin/python3 -W ignore:setup.py install is deprecated -W ignore:easy_install command is deprecated setup.py egg_info --egg-base ../../build/pinky_simple_navigator build --build-base /home/jinhyuk2me/ros_ws/pinky/build/pinky_simple_navigator/build install --record /home/jinhyuk2me/ros_ws/pinky/build/pinky_simple_navigator/install.log --single-version-externally-managed install_data
[1.332s] Level 1:colcon.colcon_core.environment:checking '/home/jinhyuk2me/ros_ws/pinky/install/pinky_simple_navigator' for CMake config files
[1.332s] Level 1:colcon.colcon_core.environment:checking '/home/jinhyuk2me/ros_ws/pinky/install/pinky_simple_navigator/lib'
[1.332s] Level 1:colcon.colcon_core.environment:checking '/home/jinhyuk2me/ros_ws/pinky/install/pinky_simple_navigator/bin'
[1.332s] Level 1:colcon.colcon_core.environment:checking '/home/jinhyuk2me/ros_ws/pinky/install/pinky_simple_navigator/lib/pkgconfig/pinky_simple_navigator.pc'
[1.332s] Level 1:colcon.colcon_core.environment:checking '/home/jinhyuk2me/ros_ws/pinky/install/pinky_simple_navigator/lib/python3.12/site-packages'
[1.332s] Level 1:colcon.colcon_core.shell:create_environment_hook('pinky_simple_navigator', 'pythonpath')
[1.333s] INFO:colcon.colcon_core.shell:Creating environment hook '/home/jinhyuk2me/ros_ws/pinky/install/pinky_simple_navigator/share/pinky_simple_navigator/hook/pythonpath.ps1'
[1.333s] INFO:colcon.colcon_core.shell:Creating environment descriptor '/home/jinhyuk2me/ros_ws/pinky/install/pinky_simple_navigator/share/pinky_simple_navigator/hook/pythonpath.dsv'
[1.333s] INFO:colcon.colcon_core.shell:Creating environment hook '/home/jinhyuk2me/ros_ws/pinky/install/pinky_simple_navigator/share/pinky_simple_navigator/hook/pythonpath.sh'
[1.334s] Level 1:colcon.colcon_core.environment:checking '/home/jinhyuk2me/ros_ws/pinky/install/pinky_simple_navigator/bin'
[1.334s] Level 1:colcon.colcon_core.environment:create_environment_scripts_only(pinky_simple_navigator)
[1.334s] INFO:colcon.colcon_core.shell:Creating package script '/home/jinhyuk2me/ros_ws/pinky/install/pinky_simple_navigator/share/pinky_simple_navigator/package.ps1'
[1.334s] INFO:colcon.colcon_core.shell:Creating package descriptor '/home/jinhyuk2me/ros_ws/pinky/install/pinky_simple_navigator/share/pinky_simple_navigator/package.dsv'
[1.335s] INFO:colcon.colcon_core.shell:Creating package script '/home/jinhyuk2me/ros_ws/pinky/install/pinky_simple_navigator/share/pinky_simple_navigator/package.sh'
[1.335s] INFO:colcon.colcon_core.shell:Creating package script '/home/jinhyuk2me/ros_ws/pinky/install/pinky_simple_navigator/share/pinky_simple_navigator/package.bash'
[1.335s] INFO:colcon.colcon_core.shell:Creating package script '/home/jinhyuk2me/ros_ws/pinky/install/pinky_simple_navigator/share/pinky_simple_navigator/package.zsh'
[1.336s] Level 1:colcon.colcon_core.environment:create_file_with_runtime_dependencies(/home/jinhyuk2me/ros_ws/pinky/install/pinky_simple_navigator/share/colcon-core/packages/pinky_simple_navigator)
[1.336s] DEBUG:colcon.colcon_parallel_executor.executor.parallel:closing loop
[1.336s] DEBUG:colcon.colcon_parallel_executor.executor.parallel:loop closed
[1.336s] DEBUG:colcon.colcon_parallel_executor.executor.parallel:run_until_complete finished with '0'
[1.336s] DEBUG:colcon.colcon_core.event_reactor:joining thread
[1.341s] INFO:colcon.colcon_core.plugin_system:Skipping extension 'colcon_notification.desktop_notification.terminal_notifier': Not used on non-Darwin systems
[1.341s] INFO:colcon.colcon_core.plugin_system:Skipping extension 'colcon_notification.desktop_notification.win32': Not used on non-Windows systems
[1.341s] INFO:colcon.colcon_notification.desktop_notification:Sending desktop notification using 'notify2'
[1.351s] DEBUG:colcon.colcon_core.event_reactor:joined thread
[1.351s] INFO:colcon.colcon_core.shell:Creating prefix script '/home/jinhyuk2me/ros_ws/pinky/install/local_setup.ps1'
[1.351s] INFO:colcon.colcon_core.shell:Creating prefix util module '/home/jinhyuk2me/ros_ws/pinky/install/_local_setup_util_ps1.py'
[1.352s] INFO:colcon.colcon_core.shell:Creating prefix chain script '/home/jinhyuk2me/ros_ws/pinky/install/setup.ps1'
[1.353s] INFO:colcon.colcon_core.shell:Creating prefix script '/home/jinhyuk2me/ros_ws/pinky/install/local_setup.sh'
[1.353s] INFO:colcon.colcon_core.shell:Creating prefix util module '/home/jinhyuk2me/ros_ws/pinky/install/_local_setup_util_sh.py'
[1.354s] INFO:colcon.colcon_core.shell:Creating prefix chain script '/home/jinhyuk2me/ros_ws/pinky/install/setup.sh'
[1.355s] INFO:colcon.colcon_core.shell:Creating prefix script '/home/jinhyuk2me/ros_ws/pinky/install/local_setup.bash'
[1.355s] INFO:colcon.colcon_core.shell:Creating prefix chain script '/home/jinhyuk2me/ros_ws/pinky/install/setup.bash'
[1.356s] INFO:colcon.colcon_core.shell:Creating prefix script '/home/jinhyuk2me/ros_ws/pinky/install/local_setup.zsh'
[1.356s] INFO:colcon.colcon_core.shell:Creating prefix chain script '/home/jinhyuk2me/ros_ws/pinky/install/setup.zsh'
