[0.158s] DEBUG:colcon:Command line arguments: ['/usr/bin/colcon', 'build']
[0.158s] DEBUG:colcon:Parsed command line arguments: Namespace(log_base=None, log_level=None, verb_name='build', build_base='build', install_base='install', merge_install=False, symlink_install=False, test_result_base=None, continue_on_error=False, executor='parallel', parallel_workers=12, event_handlers=None, ignore_user_meta=False, metas=['./colcon.meta'], base_paths=['.'], packages_ignore=None, packages_ignore_regex=None, paths=None, packages_up_to=None, packages_up_to_regex=None, packages_above=None, packages_above_and_dependencies=None, packages_above_depth=None, packages_select_by_dep=None, packages_skip_by_dep=None, packages_skip_up_to=None, packages_select_build_failed=False, packages_skip_build_finished=False, packages_select_test_failures=False, packages_skip_test_passed=False, packages_select=None, packages_skip=None, packages_select_regex=None, packages_skip_regex=None, packages_start=None, packages_end=None, allow_overriding=[], cmake_args=None, cmake_target=None, cmake_target_skip_unavailable=False, cmake_clean_cache=False, cmake_clean_first=False, cmake_force_configure=False, ament_cmake_args=None, catkin_cmake_args=None, catkin_skip_building_tests=False, mixin_files=None, mixin=None, verb_parser=<colcon_mixin.mixin.mixin_argument.MixinArgumentDecorator object at 0x7297ace45f70>, verb_extension=<colcon_core.verb.build.BuildVerb object at 0x7297acdbfd10>, main=<bound method BuildVerb.main of <colcon_core.verb.build.BuildVerb object at 0x7297acdbfd10>>, mixin_verb=('build',))
[0.199s] Level 1:colcon.colcon_core.package_discovery:discover_packages(colcon_meta) check parameters
[0.199s] Level 1:colcon.colcon_core.package_discovery:discover_packages(recursive) check parameters
[0.199s] Level 1:colcon.colcon_core.package_discovery:discover_packages(ignore) check parameters
[0.199s] Level 1:colcon.colcon_core.package_discovery:discover_packages(path) check parameters
[0.199s] Level 1:colcon.colcon_core.package_discovery:discover_packages(colcon_meta) discover
[0.199s] Level 1:colcon.colcon_core.package_discovery:discover_packages(recursive) discover
[0.199s] INFO:colcon.colcon_core.package_discovery:Crawling recursively for packages in '/home/jinhyuk2me/ros_ws/pinky'
[0.199s] Level 1:colcon.colcon_core.package_identification:_identify(.) by extensions ['ignore', 'ignore_ament_install']
[0.199s] Level 1:colcon.colcon_core.package_identification:_identify(.) by extension 'ignore'
[0.199s] Level 1:colcon.colcon_core.package_identification:_identify(.) by extension 'ignore_ament_install'
[0.200s] Level 1:colcon.colcon_core.package_identification:_identify(.) by extensions ['colcon_pkg']
[0.200s] Level 1:colcon.colcon_core.package_identification:_identify(.) by extension 'colcon_pkg'
[0.200s] Level 1:colcon.colcon_core.package_identification:_identify(.) by extensions ['colcon_meta']
[0.200s] Level 1:colcon.colcon_core.package_identification:_identify(.) by extension 'colcon_meta'
[0.200s] Level 1:colcon.colcon_core.package_identification:_identify(.) by extensions ['ros']
[0.200s] Level 1:colcon.colcon_core.package_identification:_identify(.) by extension 'ros'
[0.220s] Level 1:colcon.colcon_core.package_identification:_identify(.) by extensions ['cmake', 'python']
[0.220s] Level 1:colcon.colcon_core.package_identification:_identify(.) by extension 'cmake'
[0.220s] Level 1:colcon.colcon_core.package_identification:_identify(.) by extension 'python'
[0.220s] Level 1:colcon.colcon_core.package_identification:_identify(.) by extensions ['python_setup_py']
[0.220s] Level 1:colcon.colcon_core.package_identification:_identify(.) by extension 'python_setup_py'
[0.220s] Level 1:colcon.colcon_core.package_identification:_identify(build) by extensions ['ignore', 'ignore_ament_install']
[0.220s] Level 1:colcon.colcon_core.package_identification:_identify(build) by extension 'ignore'
[0.220s] Level 1:colcon.colcon_core.package_identification:_identify(build) ignored
[0.220s] Level 1:colcon.colcon_core.package_identification:_identify(install) by extensions ['ignore', 'ignore_ament_install']
[0.220s] Level 1:colcon.colcon_core.package_identification:_identify(install) by extension 'ignore'
[0.220s] Level 1:colcon.colcon_core.package_identification:_identify(install) ignored
[0.220s] Level 1:colcon.colcon_core.package_identification:_identify(log) by extensions ['ignore', 'ignore_ament_install']
[0.220s] Level 1:colcon.colcon_core.package_identification:_identify(log) by extension 'ignore'
[0.220s] Level 1:colcon.colcon_core.package_identification:_identify(log) ignored
[0.220s] Level 1:colcon.colcon_core.package_identification:_identify(src) by extensions ['ignore', 'ignore_ament_install']
[0.220s] Level 1:colcon.colcon_core.package_identification:_identify(src) by extension 'ignore'
[0.220s] Level 1:colcon.colcon_core.package_identification:_identify(src) by extension 'ignore_ament_install'
[0.220s] Level 1:colcon.colcon_core.package_identification:_identify(src) by extensions ['colcon_pkg']
[0.220s] Level 1:colcon.colcon_core.package_identification:_identify(src) by extension 'colcon_pkg'
[0.221s] Level 1:colcon.colcon_core.package_identification:_identify(src) by extensions ['colcon_meta']
[0.221s] Level 1:colcon.colcon_core.package_identification:_identify(src) by extension 'colcon_meta'
[0.221s] Level 1:colcon.colcon_core.package_identification:_identify(src) by extensions ['ros']
[0.221s] Level 1:colcon.colcon_core.package_identification:_identify(src) by extension 'ros'
[0.221s] Level 1:colcon.colcon_core.package_identification:_identify(src) by extensions ['cmake', 'python']
[0.221s] Level 1:colcon.colcon_core.package_identification:_identify(src) by extension 'cmake'
[0.221s] Level 1:colcon.colcon_core.package_identification:_identify(src) by extension 'python'
[0.221s] Level 1:colcon.colcon_core.package_identification:_identify(src) by extensions ['python_setup_py']
[0.221s] Level 1:colcon.colcon_core.package_identification:_identify(src) by extension 'python_setup_py'
[0.221s] Level 1:colcon.colcon_core.package_identification:_identify(src/pinky_description) by extensions ['ignore', 'ignore_ament_install']
[0.221s] Level 1:colcon.colcon_core.package_identification:_identify(src/pinky_description) by extension 'ignore'
[0.221s] Level 1:colcon.colcon_core.package_identification:_identify(src/pinky_description) by extension 'ignore_ament_install'
[0.221s] Level 1:colcon.colcon_core.package_identification:_identify(src/pinky_description) by extensions ['colcon_pkg']
[0.221s] Level 1:colcon.colcon_core.package_identification:_identify(src/pinky_description) by extension 'colcon_pkg'
[0.221s] Level 1:colcon.colcon_core.package_identification:_identify(src/pinky_description) by extensions ['colcon_meta']
[0.221s] Level 1:colcon.colcon_core.package_identification:_identify(src/pinky_description) by extension 'colcon_meta'
[0.221s] Level 1:colcon.colcon_core.package_identification:_identify(src/pinky_description) by extensions ['ros']
[0.221s] Level 1:colcon.colcon_core.package_identification:_identify(src/pinky_description) by extension 'ros'
[0.223s] DEBUG:colcon.colcon_core.package_identification:Package 'src/pinky_description' with type 'ros.ament_cmake' and name 'pinky_description'
[0.223s] Level 1:colcon.colcon_core.package_identification:_identify(src/pinky_gazebo) by extensions ['ignore', 'ignore_ament_install']
[0.223s] Level 1:colcon.colcon_core.package_identification:_identify(src/pinky_gazebo) by extension 'ignore'
[0.223s] Level 1:colcon.colcon_core.package_identification:_identify(src/pinky_gazebo) by extension 'ignore_ament_install'
[0.223s] Level 1:colcon.colcon_core.package_identification:_identify(src/pinky_gazebo) by extensions ['colcon_pkg']
[0.223s] Level 1:colcon.colcon_core.package_identification:_identify(src/pinky_gazebo) by extension 'colcon_pkg'
[0.224s] Level 1:colcon.colcon_core.package_identification:_identify(src/pinky_gazebo) by extensions ['colcon_meta']
[0.224s] Level 1:colcon.colcon_core.package_identification:_identify(src/pinky_gazebo) by extension 'colcon_meta'
[0.224s] Level 1:colcon.colcon_core.package_identification:_identify(src/pinky_gazebo) by extensions ['ros']
[0.224s] Level 1:colcon.colcon_core.package_identification:_identify(src/pinky_gazebo) by extension 'ros'
[0.224s] DEBUG:colcon.colcon_core.package_identification:Package 'src/pinky_gazebo' with type 'ros.ament_cmake' and name 'pinky_gazebo'
[0.224s] Level 1:colcon.colcon_core.package_identification:_identify(src/pinky_navigation) by extensions ['ignore', 'ignore_ament_install']
[0.224s] Level 1:colcon.colcon_core.package_identification:_identify(src/pinky_navigation) by extension 'ignore'
[0.224s] Level 1:colcon.colcon_core.package_identification:_identify(src/pinky_navigation) by extension 'ignore_ament_install'
[0.224s] Level 1:colcon.colcon_core.package_identification:_identify(src/pinky_navigation) by extensions ['colcon_pkg']
[0.224s] Level 1:colcon.colcon_core.package_identification:_identify(src/pinky_navigation) by extension 'colcon_pkg'
[0.224s] Level 1:colcon.colcon_core.package_identification:_identify(src/pinky_navigation) by extensions ['colcon_meta']
[0.224s] Level 1:colcon.colcon_core.package_identification:_identify(src/pinky_navigation) by extension 'colcon_meta'
[0.224s] Level 1:colcon.colcon_core.package_identification:_identify(src/pinky_navigation) by extensions ['ros']
[0.224s] Level 1:colcon.colcon_core.package_identification:_identify(src/pinky_navigation) by extension 'ros'
[0.225s] DEBUG:colcon.colcon_core.package_identification:Package 'src/pinky_navigation' with type 'ros.ament_cmake' and name 'pinky_navigation'
[0.225s] Level 1:colcon.colcon_core.package_identification:_identify(src/pinky_simple_navigator) by extensions ['ignore', 'ignore_ament_install']
[0.225s] Level 1:colcon.colcon_core.package_identification:_identify(src/pinky_simple_navigator) by extension 'ignore'
[0.225s] Level 1:colcon.colcon_core.package_identification:_identify(src/pinky_simple_navigator) by extension 'ignore_ament_install'
[0.225s] Level 1:colcon.colcon_core.package_identification:_identify(src/pinky_simple_navigator) by extensions ['colcon_pkg']
[0.225s] Level 1:colcon.colcon_core.package_identification:_identify(src/pinky_simple_navigator) by extension 'colcon_pkg'
[0.225s] Level 1:colcon.colcon_core.package_identification:_identify(src/pinky_simple_navigator) by extensions ['colcon_meta']
[0.225s] Level 1:colcon.colcon_core.package_identification:_identify(src/pinky_simple_navigator) by extension 'colcon_meta'
[0.225s] Level 1:colcon.colcon_core.package_identification:_identify(src/pinky_simple_navigator) by extensions ['ros']
[0.225s] Level 1:colcon.colcon_core.package_identification:_identify(src/pinky_simple_navigator) by extension 'ros'
[0.226s] DEBUG:colcon.colcon_core.package_identification:Package 'src/pinky_simple_navigator' with type 'ros.ament_python' and name 'pinky_simple_navigator'
[0.226s] Level 1:colcon.colcon_core.package_discovery:discover_packages(recursive) using defaults
[0.226s] Level 1:colcon.colcon_core.package_discovery:discover_packages(ignore) discover
[0.226s] Level 1:colcon.colcon_core.package_discovery:discover_packages(ignore) using defaults
[0.226s] Level 1:colcon.colcon_core.package_discovery:discover_packages(path) discover
[0.226s] Level 1:colcon.colcon_core.package_discovery:discover_packages(path) using defaults
[0.241s] Level 1:colcon.colcon_core.package_discovery:discover_packages(prefix_path) check parameters
[0.241s] Level 1:colcon.colcon_core.package_discovery:discover_packages(prefix_path) discover
[0.244s] DEBUG:colcon.colcon_installed_package_information.package_discovery:Found 352 installed packages in /opt/ros/jazzy
[0.245s] Level 1:colcon.colcon_core.package_discovery:discover_packages(prefix_path) using defaults
[0.281s] Level 5:colcon.colcon_core.verb:set package 'pinky_description' build argument 'cmake_args' from command line to 'None'
[0.281s] Level 5:colcon.colcon_core.verb:set package 'pinky_description' build argument 'cmake_target' from command line to 'None'
[0.281s] Level 5:colcon.colcon_core.verb:set package 'pinky_description' build argument 'cmake_target_skip_unavailable' from command line to 'False'
[0.281s] Level 5:colcon.colcon_core.verb:set package 'pinky_description' build argument 'cmake_clean_cache' from command line to 'False'
[0.281s] Level 5:colcon.colcon_core.verb:set package 'pinky_description' build argument 'cmake_clean_first' from command line to 'False'
[0.282s] Level 5:colcon.colcon_core.verb:set package 'pinky_description' build argument 'cmake_force_configure' from command line to 'False'
[0.282s] Level 5:colcon.colcon_core.verb:set package 'pinky_description' build argument 'ament_cmake_args' from command line to 'None'
[0.282s] Level 5:colcon.colcon_core.verb:set package 'pinky_description' build argument 'catkin_cmake_args' from command line to 'None'
[0.282s] Level 5:colcon.colcon_core.verb:set package 'pinky_description' build argument 'catkin_skip_building_tests' from command line to 'False'
[0.282s] DEBUG:colcon.colcon_core.verb:Building package 'pinky_description' with the following arguments: {'ament_cmake_args': None, 'build_base': '/home/jinhyuk2me/ros_ws/pinky/build/pinky_description', 'catkin_cmake_args': None, 'catkin_skip_building_tests': False, 'cmake_args': None, 'cmake_clean_cache': False, 'cmake_clean_first': False, 'cmake_force_configure': False, 'cmake_target': None, 'cmake_target_skip_unavailable': False, 'install_base': '/home/jinhyuk2me/ros_ws/pinky/install/pinky_description', 'merge_install': False, 'path': '/home/jinhyuk2me/ros_ws/pinky/src/pinky_description', 'symlink_install': False, 'test_result_base': None}
[0.282s] Level 5:colcon.colcon_core.verb:set package 'pinky_navigation' build argument 'cmake_args' from command line to 'None'
[0.282s] Level 5:colcon.colcon_core.verb:set package 'pinky_navigation' build argument 'cmake_target' from command line to 'None'
[0.282s] Level 5:colcon.colcon_core.verb:set package 'pinky_navigation' build argument 'cmake_target_skip_unavailable' from command line to 'False'
[0.282s] Level 5:colcon.colcon_core.verb:set package 'pinky_navigation' build argument 'cmake_clean_cache' from command line to 'False'
[0.282s] Level 5:colcon.colcon_core.verb:set package 'pinky_navigation' build argument 'cmake_clean_first' from command line to 'False'
[0.282s] Level 5:colcon.colcon_core.verb:set package 'pinky_navigation' build argument 'cmake_force_configure' from command line to 'False'
[0.282s] Level 5:colcon.colcon_core.verb:set package 'pinky_navigation' build argument 'ament_cmake_args' from command line to 'None'
[0.282s] Level 5:colcon.colcon_core.verb:set package 'pinky_navigation' build argument 'catkin_cmake_args' from command line to 'None'
[0.282s] Level 5:colcon.colcon_core.verb:set package 'pinky_navigation' build argument 'catkin_skip_building_tests' from command line to 'False'
[0.282s] DEBUG:colcon.colcon_core.verb:Building package 'pinky_navigation' with the following arguments: {'ament_cmake_args': None, 'build_base': '/home/jinhyuk2me/ros_ws/pinky/build/pinky_navigation', 'catkin_cmake_args': None, 'catkin_skip_building_tests': False, 'cmake_args': None, 'cmake_clean_cache': False, 'cmake_clean_first': False, 'cmake_force_configure': False, 'cmake_target': None, 'cmake_target_skip_unavailable': False, 'install_base': '/home/jinhyuk2me/ros_ws/pinky/install/pinky_navigation', 'merge_install': False, 'path': '/home/jinhyuk2me/ros_ws/pinky/src/pinky_navigation', 'symlink_install': False, 'test_result_base': None}
[0.282s] Level 5:colcon.colcon_core.verb:set package 'pinky_simple_navigator' build argument 'cmake_args' from command line to 'None'
[0.282s] Level 5:colcon.colcon_core.verb:set package 'pinky_simple_navigator' build argument 'cmake_target' from command line to 'None'
[0.282s] Level 5:colcon.colcon_core.verb:set package 'pinky_simple_navigator' build argument 'cmake_target_skip_unavailable' from command line to 'False'
[0.282s] Level 5:colcon.colcon_core.verb:set package 'pinky_simple_navigator' build argument 'cmake_clean_cache' from command line to 'False'
[0.282s] Level 5:colcon.colcon_core.verb:set package 'pinky_simple_navigator' build argument 'cmake_clean_first' from command line to 'False'
[0.282s] Level 5:colcon.colcon_core.verb:set package 'pinky_simple_navigator' build argument 'cmake_force_configure' from command line to 'False'
[0.282s] Level 5:colcon.colcon_core.verb:set package 'pinky_simple_navigator' build argument 'ament_cmake_args' from command line to 'None'
[0.282s] Level 5:colcon.colcon_core.verb:set package 'pinky_simple_navigator' build argument 'catkin_cmake_args' from command line to 'None'
[0.282s] Level 5:colcon.colcon_core.verb:set package 'pinky_simple_navigator' build argument 'catkin_skip_building_tests' from command line to 'False'
[0.282s] DEBUG:colcon.colcon_core.verb:Building package 'pinky_simple_navigator' with the following arguments: {'ament_cmake_args': None, 'build_base': '/home/jinhyuk2me/ros_ws/pinky/build/pinky_simple_navigator', 'catkin_cmake_args': None, 'catkin_skip_building_tests': False, 'cmake_args': None, 'cmake_clean_cache': False, 'cmake_clean_first': False, 'cmake_force_configure': False, 'cmake_target': None, 'cmake_target_skip_unavailable': False, 'install_base': '/home/jinhyuk2me/ros_ws/pinky/install/pinky_simple_navigator', 'merge_install': False, 'path': '/home/jinhyuk2me/ros_ws/pinky/src/pinky_simple_navigator', 'symlink_install': False, 'test_result_base': None}
[0.282s] Level 5:colcon.colcon_core.verb:set package 'pinky_gazebo' build argument 'cmake_args' from command line to 'None'
[0.282s] Level 5:colcon.colcon_core.verb:set package 'pinky_gazebo' build argument 'cmake_target' from command line to 'None'
[0.283s] Level 5:colcon.colcon_core.verb:set package 'pinky_gazebo' build argument 'cmake_target_skip_unavailable' from command line to 'False'
[0.283s] Level 5:colcon.colcon_core.verb:set package 'pinky_gazebo' build argument 'cmake_clean_cache' from command line to 'False'
[0.283s] Level 5:colcon.colcon_core.verb:set package 'pinky_gazebo' build argument 'cmake_clean_first' from command line to 'False'
[0.283s] Level 5:colcon.colcon_core.verb:set package 'pinky_gazebo' build argument 'cmake_force_configure' from command line to 'False'
[0.283s] Level 5:colcon.colcon_core.verb:set package 'pinky_gazebo' build argument 'ament_cmake_args' from command line to 'None'
[0.283s] Level 5:colcon.colcon_core.verb:set package 'pinky_gazebo' build argument 'catkin_cmake_args' from command line to 'None'
[0.283s] Level 5:colcon.colcon_core.verb:set package 'pinky_gazebo' build argument 'catkin_skip_building_tests' from command line to 'False'
[0.283s] DEBUG:colcon.colcon_core.verb:Building package 'pinky_gazebo' with the following arguments: {'ament_cmake_args': None, 'build_base': '/home/jinhyuk2me/ros_ws/pinky/build/pinky_gazebo', 'catkin_cmake_args': None, 'catkin_skip_building_tests': False, 'cmake_args': None, 'cmake_clean_cache': False, 'cmake_clean_first': False, 'cmake_force_configure': False, 'cmake_target': None, 'cmake_target_skip_unavailable': False, 'install_base': '/home/jinhyuk2me/ros_ws/pinky/install/pinky_gazebo', 'merge_install': False, 'path': '/home/jinhyuk2me/ros_ws/pinky/src/pinky_gazebo', 'symlink_install': False, 'test_result_base': None}
[0.283s] INFO:colcon.colcon_core.executor:Executing jobs using 'parallel' executor
[0.283s] DEBUG:colcon.colcon_parallel_executor.executor.parallel:run_until_complete
[0.283s] INFO:colcon.colcon_ros.task.ament_cmake.build:Building ROS package in '/home/jinhyuk2me/ros_ws/pinky/src/pinky_description' with build type 'ament_cmake'
[0.284s] INFO:colcon.colcon_cmake.task.cmake.build:Building CMake package in '/home/jinhyuk2me/ros_ws/pinky/src/pinky_description'
[0.286s] INFO:colcon.colcon_core.plugin_system:Skipping extension 'colcon_core.shell.bat': Not used on non-Windows systems
[0.287s] INFO:colcon.colcon_core.shell:Skip shell extension 'powershell' for command environment: Not usable outside of PowerShell
[0.287s] DEBUG:colcon.colcon_core.shell:Skip shell extension 'dsv' for command environment
[0.290s] INFO:colcon.colcon_ros.task.ament_cmake.build:Building ROS package in '/home/jinhyuk2me/ros_ws/pinky/src/pinky_navigation' with build type 'ament_cmake'
[0.290s] INFO:colcon.colcon_cmake.task.cmake.build:Building CMake package in '/home/jinhyuk2me/ros_ws/pinky/src/pinky_navigation'
[0.290s] INFO:colcon.colcon_core.shell:Skip shell extension 'powershell' for command environment: Not usable outside of PowerShell
[0.290s] DEBUG:colcon.colcon_core.shell:Skip shell extension 'dsv' for command environment
[0.293s] INFO:colcon.colcon_ros.task.ament_python.build:Building ROS package in '/home/jinhyuk2me/ros_ws/pinky/src/pinky_simple_navigator' with build type 'ament_python'
[0.293s] Level 1:colcon.colcon_core.shell:create_environment_hook('pinky_simple_navigator', 'ament_prefix_path')
[0.293s] INFO:colcon.colcon_core.shell:Creating environment hook '/home/jinhyuk2me/ros_ws/pinky/install/pinky_simple_navigator/share/pinky_simple_navigator/hook/ament_prefix_path.ps1'
[0.294s] INFO:colcon.colcon_core.shell:Creating environment descriptor '/home/jinhyuk2me/ros_ws/pinky/install/pinky_simple_navigator/share/pinky_simple_navigator/hook/ament_prefix_path.dsv'
[0.294s] INFO:colcon.colcon_core.shell:Creating environment hook '/home/jinhyuk2me/ros_ws/pinky/install/pinky_simple_navigator/share/pinky_simple_navigator/hook/ament_prefix_path.sh'
[0.294s] INFO:colcon.colcon_core.shell:Skip shell extension 'powershell' for command environment: Not usable outside of PowerShell
[0.294s] DEBUG:colcon.colcon_core.shell:Skip shell extension 'dsv' for command environment
[0.299s] DEBUG:colcon.colcon_core.event_handler.log_command:Invoking command in '/home/jinhyuk2me/ros_ws/pinky/build/pinky_description': CMAKE_PREFIX_PATH=${CMAKE_PREFIX_PATH}:/opt/ros/jazzy DEBUGINFOD_URLS=https://debuginfod.ubuntu.com PS1=(ros_venv) \[\e[1;34m\](ID: ${ROS_DOMAIN_ID:-0})\[\e[1;32m\]\u\[\e[0m\]:\[\e[1;34m\]\w\[\e[0m\]$ VIRTUAL_ENV_PROMPT=(ros_venv) /usr/bin/cmake --build /home/jinhyuk2me/ros_ws/pinky/build/pinky_description -- -j12 -l12
[0.302s] DEBUG:colcon.colcon_core.event_handler.log_command:Invoking command in '/home/jinhyuk2me/ros_ws/pinky/build/pinky_navigation': CMAKE_PREFIX_PATH=${CMAKE_PREFIX_PATH}:/opt/ros/jazzy DEBUGINFOD_URLS=https://debuginfod.ubuntu.com PS1=(ros_venv) \[\e[1;34m\](ID: ${ROS_DOMAIN_ID:-0})\[\e[1;32m\]\u\[\e[0m\]:\[\e[1;34m\]\w\[\e[0m\]$ VIRTUAL_ENV_PROMPT=(ros_venv) /usr/bin/cmake --build /home/jinhyuk2me/ros_ws/pinky/build/pinky_navigation -- -j12 -l12
[0.465s] INFO:colcon.colcon_core.task.python.build:Building Python package in '/home/jinhyuk2me/ros_ws/pinky/src/pinky_simple_navigator'
[0.465s] INFO:colcon.colcon_core.shell:Skip shell extension 'powershell' for command environment: Not usable outside of PowerShell
[0.465s] DEBUG:colcon.colcon_core.shell:Skip shell extension 'dsv' for command environment
[0.468s] DEBUG:colcon.colcon_core.event_handler.log_command:Invoked command in '/home/jinhyuk2me/ros_ws/pinky/build/pinky_navigation' returned '0': CMAKE_PREFIX_PATH=${CMAKE_PREFIX_PATH}:/opt/ros/jazzy DEBUGINFOD_URLS=https://debuginfod.ubuntu.com PS1=(ros_venv) \[\e[1;34m\](ID: ${ROS_DOMAIN_ID:-0})\[\e[1;32m\]\u\[\e[0m\]:\[\e[1;34m\]\w\[\e[0m\]$ VIRTUAL_ENV_PROMPT=(ros_venv) /usr/bin/cmake --build /home/jinhyuk2me/ros_ws/pinky/build/pinky_navigation -- -j12 -l12
[0.477s] DEBUG:colcon.colcon_core.event_handler.log_command:Invoking command in '/home/jinhyuk2me/ros_ws/pinky/build/pinky_navigation': CMAKE_PREFIX_PATH=${CMAKE_PREFIX_PATH}:/opt/ros/jazzy DEBUGINFOD_URLS=https://debuginfod.ubuntu.com PS1=(ros_venv) \[\e[1;34m\](ID: ${ROS_DOMAIN_ID:-0})\[\e[1;32m\]\u\[\e[0m\]:\[\e[1;34m\]\w\[\e[0m\]$ VIRTUAL_ENV_PROMPT=(ros_venv) /usr/bin/cmake --install /home/jinhyuk2me/ros_ws/pinky/build/pinky_navigation
[0.478s] DEBUG:colcon.colcon_core.event_handler.log_command:Invoked command in '/home/jinhyuk2me/ros_ws/pinky/build/pinky_description' returned '0': CMAKE_PREFIX_PATH=${CMAKE_PREFIX_PATH}:/opt/ros/jazzy DEBUGINFOD_URLS=https://debuginfod.ubuntu.com PS1=(ros_venv) \[\e[1;34m\](ID: ${ROS_DOMAIN_ID:-0})\[\e[1;32m\]\u\[\e[0m\]:\[\e[1;34m\]\w\[\e[0m\]$ VIRTUAL_ENV_PROMPT=(ros_venv) /usr/bin/cmake --build /home/jinhyuk2me/ros_ws/pinky/build/pinky_description -- -j12 -l12
[0.478s] DEBUG:colcon.colcon_core.event_handler.log_command:Invoking command in '/home/jinhyuk2me/ros_ws/pinky/build/pinky_description': CMAKE_PREFIX_PATH=${CMAKE_PREFIX_PATH}:/opt/ros/jazzy DEBUGINFOD_URLS=https://debuginfod.ubuntu.com PS1=(ros_venv) \[\e[1;34m\](ID: ${ROS_DOMAIN_ID:-0})\[\e[1;32m\]\u\[\e[0m\]:\[\e[1;34m\]\w\[\e[0m\]$ VIRTUAL_ENV_PROMPT=(ros_venv) /usr/bin/cmake --install /home/jinhyuk2me/ros_ws/pinky/build/pinky_description
[0.487s] Level 1:colcon.colcon_core.environment:create_environment_scripts_only(pinky_navigation)
[0.492s] DEBUG:colcon.colcon_core.event_handler.log_command:Invoked command in '/home/jinhyuk2me/ros_ws/pinky/build/pinky_navigation' returned '0': CMAKE_PREFIX_PATH=${CMAKE_PREFIX_PATH}:/opt/ros/jazzy DEBUGINFOD_URLS=https://debuginfod.ubuntu.com PS1=(ros_venv) \[\e[1;34m\](ID: ${ROS_DOMAIN_ID:-0})\[\e[1;32m\]\u\[\e[0m\]:\[\e[1;34m\]\w\[\e[0m\]$ VIRTUAL_ENV_PROMPT=(ros_venv) /usr/bin/cmake --install /home/jinhyuk2me/ros_ws/pinky/build/pinky_navigation
[0.495s] Level 1:colcon.colcon_core.environment:checking '/home/jinhyuk2me/ros_ws/pinky/install/pinky_navigation' for CMake module files
[0.495s] Level 1:colcon.colcon_core.environment:checking '/home/jinhyuk2me/ros_ws/pinky/install/pinky_navigation' for CMake config files
[0.495s] Level 1:colcon.colcon_core.shell:create_environment_hook('pinky_navigation', 'cmake_prefix_path')
[0.496s] INFO:colcon.colcon_core.shell:Creating environment hook '/home/jinhyuk2me/ros_ws/pinky/install/pinky_navigation/share/pinky_navigation/hook/cmake_prefix_path.ps1'
[0.496s] INFO:colcon.colcon_core.shell:Creating environment descriptor '/home/jinhyuk2me/ros_ws/pinky/install/pinky_navigation/share/pinky_navigation/hook/cmake_prefix_path.dsv'
[0.496s] INFO:colcon.colcon_core.shell:Creating environment hook '/home/jinhyuk2me/ros_ws/pinky/install/pinky_navigation/share/pinky_navigation/hook/cmake_prefix_path.sh'
[0.497s] Level 1:colcon.colcon_core.environment:checking '/home/jinhyuk2me/ros_ws/pinky/install/pinky_navigation/bin'
[0.497s] Level 1:colcon.colcon_core.environment:checking '/home/jinhyuk2me/ros_ws/pinky/install/pinky_navigation/lib/pkgconfig/pinky_navigation.pc'
[0.497s] Level 1:colcon.colcon_core.environment:checking '/home/jinhyuk2me/ros_ws/pinky/install/pinky_navigation/lib/python3.12/site-packages'
[0.497s] Level 1:colcon.colcon_core.environment:checking '/home/jinhyuk2me/ros_ws/pinky/install/pinky_navigation/bin'
[0.497s] INFO:colcon.colcon_core.shell:Creating package script '/home/jinhyuk2me/ros_ws/pinky/install/pinky_navigation/share/pinky_navigation/package.ps1'
[0.498s] INFO:colcon.colcon_core.shell:Creating package descriptor '/home/jinhyuk2me/ros_ws/pinky/install/pinky_navigation/share/pinky_navigation/package.dsv'
[0.498s] INFO:colcon.colcon_core.shell:Creating package script '/home/jinhyuk2me/ros_ws/pinky/install/pinky_navigation/share/pinky_navigation/package.sh'
[0.498s] INFO:colcon.colcon_core.shell:Creating package script '/home/jinhyuk2me/ros_ws/pinky/install/pinky_navigation/share/pinky_navigation/package.bash'
[0.499s] INFO:colcon.colcon_core.shell:Creating package script '/home/jinhyuk2me/ros_ws/pinky/install/pinky_navigation/share/pinky_navigation/package.zsh'
[0.500s] Level 1:colcon.colcon_core.environment:create_file_with_runtime_dependencies(/home/jinhyuk2me/ros_ws/pinky/install/pinky_navigation/share/colcon-core/packages/pinky_navigation)
[0.500s] Level 1:colcon.colcon_core.environment:create_environment_scripts_only(pinky_navigation)
[0.500s] Level 1:colcon.colcon_core.environment:checking '/home/jinhyuk2me/ros_ws/pinky/install/pinky_navigation' for CMake module files
[0.501s] Level 1:colcon.colcon_core.environment:checking '/home/jinhyuk2me/ros_ws/pinky/install/pinky_navigation' for CMake config files
[0.501s] Level 1:colcon.colcon_core.shell:create_environment_hook('pinky_navigation', 'cmake_prefix_path')
[0.501s] INFO:colcon.colcon_core.shell:Creating environment hook '/home/jinhyuk2me/ros_ws/pinky/install/pinky_navigation/share/pinky_navigation/hook/cmake_prefix_path.ps1'
[0.501s] INFO:colcon.colcon_core.shell:Creating environment descriptor '/home/jinhyuk2me/ros_ws/pinky/install/pinky_navigation/share/pinky_navigation/hook/cmake_prefix_path.dsv'
[0.501s] INFO:colcon.colcon_core.shell:Creating environment hook '/home/jinhyuk2me/ros_ws/pinky/install/pinky_navigation/share/pinky_navigation/hook/cmake_prefix_path.sh'
[0.502s] Level 1:colcon.colcon_core.environment:checking '/home/jinhyuk2me/ros_ws/pinky/install/pinky_navigation/bin'
[0.502s] Level 1:colcon.colcon_core.environment:checking '/home/jinhyuk2me/ros_ws/pinky/install/pinky_navigation/lib/pkgconfig/pinky_navigation.pc'
[0.502s] Level 1:colcon.colcon_core.environment:checking '/home/jinhyuk2me/ros_ws/pinky/install/pinky_navigation/lib/python3.12/site-packages'
[0.502s] Level 1:colcon.colcon_core.environment:checking '/home/jinhyuk2me/ros_ws/pinky/install/pinky_navigation/bin'
[0.502s] INFO:colcon.colcon_core.shell:Creating package script '/home/jinhyuk2me/ros_ws/pinky/install/pinky_navigation/share/pinky_navigation/package.ps1'
[0.502s] INFO:colcon.colcon_core.shell:Creating package descriptor '/home/jinhyuk2me/ros_ws/pinky/install/pinky_navigation/share/pinky_navigation/package.dsv'
[0.503s] INFO:colcon.colcon_core.shell:Creating package script '/home/jinhyuk2me/ros_ws/pinky/install/pinky_navigation/share/pinky_navigation/package.sh'
[0.503s] INFO:colcon.colcon_core.shell:Creating package script '/home/jinhyuk2me/ros_ws/pinky/install/pinky_navigation/share/pinky_navigation/package.bash'
[0.503s] INFO:colcon.colcon_core.shell:Creating package script '/home/jinhyuk2me/ros_ws/pinky/install/pinky_navigation/share/pinky_navigation/package.zsh'
[0.504s] Level 1:colcon.colcon_core.environment:create_file_with_runtime_dependencies(/home/jinhyuk2me/ros_ws/pinky/install/pinky_navigation/share/colcon-core/packages/pinky_navigation)
[0.504s] Level 1:colcon.colcon_core.environment:create_environment_scripts_only(pinky_description)
[0.504s] Level 1:colcon.colcon_core.environment:checking '/home/jinhyuk2me/ros_ws/pinky/install/pinky_description' for CMake module files
[0.505s] DEBUG:colcon.colcon_core.event_handler.log_command:Invoked command in '/home/jinhyuk2me/ros_ws/pinky/build/pinky_description' returned '0': CMAKE_PREFIX_PATH=${CMAKE_PREFIX_PATH}:/opt/ros/jazzy DEBUGINFOD_URLS=https://debuginfod.ubuntu.com PS1=(ros_venv) \[\e[1;34m\](ID: ${ROS_DOMAIN_ID:-0})\[\e[1;32m\]\u\[\e[0m\]:\[\e[1;34m\]\w\[\e[0m\]$ VIRTUAL_ENV_PROMPT=(ros_venv) /usr/bin/cmake --install /home/jinhyuk2me/ros_ws/pinky/build/pinky_description
[0.505s] Level 1:colcon.colcon_core.environment:checking '/home/jinhyuk2me/ros_ws/pinky/install/pinky_description' for CMake config files
[0.505s] Level 1:colcon.colcon_core.shell:create_environment_hook('pinky_description', 'cmake_prefix_path')
[0.506s] INFO:colcon.colcon_core.shell:Creating environment hook '/home/jinhyuk2me/ros_ws/pinky/install/pinky_description/share/pinky_description/hook/cmake_prefix_path.ps1'
[0.506s] INFO:colcon.colcon_core.shell:Creating environment descriptor '/home/jinhyuk2me/ros_ws/pinky/install/pinky_description/share/pinky_description/hook/cmake_prefix_path.dsv'
[0.506s] INFO:colcon.colcon_core.shell:Creating environment hook '/home/jinhyuk2me/ros_ws/pinky/install/pinky_description/share/pinky_description/hook/cmake_prefix_path.sh'
[0.506s] Level 1:colcon.colcon_core.environment:checking '/home/jinhyuk2me/ros_ws/pinky/install/pinky_description/bin'
[0.507s] Level 1:colcon.colcon_core.environment:checking '/home/jinhyuk2me/ros_ws/pinky/install/pinky_description/lib/pkgconfig/pinky_description.pc'
[0.507s] Level 1:colcon.colcon_core.environment:checking '/home/jinhyuk2me/ros_ws/pinky/install/pinky_description/lib/python3.12/site-packages'
[0.507s] Level 1:colcon.colcon_core.environment:checking '/home/jinhyuk2me/ros_ws/pinky/install/pinky_description/bin'
[0.507s] INFO:colcon.colcon_core.shell:Creating package script '/home/jinhyuk2me/ros_ws/pinky/install/pinky_description/share/pinky_description/package.ps1'
[0.507s] INFO:colcon.colcon_core.shell:Creating package descriptor '/home/jinhyuk2me/ros_ws/pinky/install/pinky_description/share/pinky_description/package.dsv'
[0.507s] INFO:colcon.colcon_core.shell:Creating package script '/home/jinhyuk2me/ros_ws/pinky/install/pinky_description/share/pinky_description/package.sh'
[0.508s] INFO:colcon.colcon_core.shell:Creating package script '/home/jinhyuk2me/ros_ws/pinky/install/pinky_description/share/pinky_description/package.bash'
[0.508s] INFO:colcon.colcon_core.shell:Creating package script '/home/jinhyuk2me/ros_ws/pinky/install/pinky_description/share/pinky_description/package.zsh'
[0.508s] Level 1:colcon.colcon_core.environment:create_file_with_runtime_dependencies(/home/jinhyuk2me/ros_ws/pinky/install/pinky_description/share/colcon-core/packages/pinky_description)
[0.509s] Level 1:colcon.colcon_core.environment:create_environment_scripts_only(pinky_description)
[0.509s] Level 1:colcon.colcon_core.environment:checking '/home/jinhyuk2me/ros_ws/pinky/install/pinky_description' for CMake module files
[0.509s] Level 1:colcon.colcon_core.environment:checking '/home/jinhyuk2me/ros_ws/pinky/install/pinky_description' for CMake config files
[0.509s] Level 1:colcon.colcon_core.shell:create_environment_hook('pinky_description', 'cmake_prefix_path')
[0.509s] INFO:colcon.colcon_core.shell:Creating environment hook '/home/jinhyuk2me/ros_ws/pinky/install/pinky_description/share/pinky_description/hook/cmake_prefix_path.ps1'
[0.510s] INFO:colcon.colcon_core.shell:Creating environment descriptor '/home/jinhyuk2me/ros_ws/pinky/install/pinky_description/share/pinky_description/hook/cmake_prefix_path.dsv'
[0.510s] INFO:colcon.colcon_core.shell:Creating environment hook '/home/jinhyuk2me/ros_ws/pinky/install/pinky_description/share/pinky_description/hook/cmake_prefix_path.sh'
[0.510s] Level 1:colcon.colcon_core.environment:checking '/home/jinhyuk2me/ros_ws/pinky/install/pinky_description/bin'
[0.510s] Level 1:colcon.colcon_core.environment:checking '/home/jinhyuk2me/ros_ws/pinky/install/pinky_description/lib/pkgconfig/pinky_description.pc'
[0.511s] Level 1:colcon.colcon_core.environment:checking '/home/jinhyuk2me/ros_ws/pinky/install/pinky_description/lib/python3.12/site-packages'
[0.511s] Level 1:colcon.colcon_core.environment:checking '/home/jinhyuk2me/ros_ws/pinky/install/pinky_description/bin'
[0.511s] INFO:colcon.colcon_core.shell:Creating package script '/home/jinhyuk2me/ros_ws/pinky/install/pinky_description/share/pinky_description/package.ps1'
[0.511s] INFO:colcon.colcon_core.shell:Creating package descriptor '/home/jinhyuk2me/ros_ws/pinky/install/pinky_description/share/pinky_description/package.dsv'
[0.511s] INFO:colcon.colcon_core.shell:Creating package script '/home/jinhyuk2me/ros_ws/pinky/install/pinky_description/share/pinky_description/package.sh'
[0.512s] INFO:colcon.colcon_core.shell:Creating package script '/home/jinhyuk2me/ros_ws/pinky/install/pinky_description/share/pinky_description/package.bash'
[0.512s] INFO:colcon.colcon_core.shell:Creating package script '/home/jinhyuk2me/ros_ws/pinky/install/pinky_description/share/pinky_description/package.zsh'
[0.512s] Level 1:colcon.colcon_core.environment:create_file_with_runtime_dependencies(/home/jinhyuk2me/ros_ws/pinky/install/pinky_description/share/colcon-core/packages/pinky_description)
[0.512s] INFO:colcon.colcon_ros.task.ament_cmake.build:Building ROS package in '/home/jinhyuk2me/ros_ws/pinky/src/pinky_gazebo' with build type 'ament_cmake'
[0.513s] INFO:colcon.colcon_cmake.task.cmake.build:Building CMake package in '/home/jinhyuk2me/ros_ws/pinky/src/pinky_gazebo'
[0.513s] INFO:colcon.colcon_core.shell:Skip shell extension 'powershell' for command environment: Not usable outside of PowerShell
[0.513s] DEBUG:colcon.colcon_core.shell:Skip shell extension 'dsv' for command environment
[0.519s] DEBUG:colcon.colcon_core.event_handler.log_command:Invoking command in '/home/jinhyuk2me/ros_ws/pinky/build/pinky_gazebo': AMENT_PREFIX_PATH=/home/jinhyuk2me/ros_ws/pinky/install/pinky_description:${AMENT_PREFIX_PATH} CMAKE_PREFIX_PATH=/home/jinhyuk2me/ros_ws/pinky/install/pinky_description:/opt/ros/jazzy/opt/gz_sim_vendor:/opt/ros/jazzy/opt/gz_sensors_vendor:/opt/ros/jazzy/opt/gz_physics_vendor:/opt/ros/jazzy/opt/sdformat_vendor:/opt/ros/jazzy/opt/gz_gui_vendor:/opt/ros/jazzy/opt/gz_transport_vendor:/opt/ros/jazzy/opt/gz_rendering_vendor:/opt/ros/jazzy/opt/gz_plugin_vendor:/opt/ros/jazzy/opt/gz_fuel_tools_vendor:/opt/ros/jazzy/opt/gz_msgs_vendor:/opt/ros/jazzy/opt/gz_common_vendor:/opt/ros/jazzy/opt/gz_math_vendor:/opt/ros/jazzy/opt/gz_utils_vendor:/opt/ros/jazzy/opt/gz_tools_vendor:/opt/ros/jazzy/opt/gz_ogre_next_vendor:/opt/ros/jazzy/opt/gz_dartsim_vendor:/opt/ros/jazzy/opt/gz_cmake_vendor:/opt/ros/jazzy DEBUGINFOD_URLS=https://debuginfod.ubuntu.com PS1=(ros_venv) \[\e[1;34m\](ID: ${ROS_DOMAIN_ID:-0})\[\e[1;32m\]\u\[\e[0m\]:\[\e[1;34m\]\w\[\e[0m\]$ VIRTUAL_ENV_PROMPT=(ros_venv) /usr/bin/cmake --build /home/jinhyuk2me/ros_ws/pinky/build/pinky_gazebo -- -j12 -l12
[0.555s] DEBUG:colcon.colcon_core.event_handler.log_command:Invoked command in '/home/jinhyuk2me/ros_ws/pinky/build/pinky_gazebo' returned '0': AMENT_PREFIX_PATH=/home/jinhyuk2me/ros_ws/pinky/install/pinky_description:${AMENT_PREFIX_PATH} CMAKE_PREFIX_PATH=/home/jinhyuk2me/ros_ws/pinky/install/pinky_description:/opt/ros/jazzy/opt/gz_sim_vendor:/opt/ros/jazzy/opt/gz_sensors_vendor:/opt/ros/jazzy/opt/gz_physics_vendor:/opt/ros/jazzy/opt/sdformat_vendor:/opt/ros/jazzy/opt/gz_gui_vendor:/opt/ros/jazzy/opt/gz_transport_vendor:/opt/ros/jazzy/opt/gz_rendering_vendor:/opt/ros/jazzy/opt/gz_plugin_vendor:/opt/ros/jazzy/opt/gz_fuel_tools_vendor:/opt/ros/jazzy/opt/gz_msgs_vendor:/opt/ros/jazzy/opt/gz_common_vendor:/opt/ros/jazzy/opt/gz_math_vendor:/opt/ros/jazzy/opt/gz_utils_vendor:/opt/ros/jazzy/opt/gz_tools_vendor:/opt/ros/jazzy/opt/gz_ogre_next_vendor:/opt/ros/jazzy/opt/gz_dartsim_vendor:/opt/ros/jazzy/opt/gz_cmake_vendor:/opt/ros/jazzy DEBUGINFOD_URLS=https://debuginfod.ubuntu.com PS1=(ros_venv) \[\e[1;34m\](ID: ${ROS_DOMAIN_ID:-0})\[\e[1;32m\]\u\[\e[0m\]:\[\e[1;34m\]\w\[\e[0m\]$ VIRTUAL_ENV_PROMPT=(ros_venv) /usr/bin/cmake --build /home/jinhyuk2me/ros_ws/pinky/build/pinky_gazebo -- -j12 -l12
[0.556s] DEBUG:colcon.colcon_core.event_handler.log_command:Invoking command in '/home/jinhyuk2me/ros_ws/pinky/build/pinky_gazebo': AMENT_PREFIX_PATH=/home/jinhyuk2me/ros_ws/pinky/install/pinky_description:${AMENT_PREFIX_PATH} CMAKE_PREFIX_PATH=/home/jinhyuk2me/ros_ws/pinky/install/pinky_description:/opt/ros/jazzy/opt/gz_sim_vendor:/opt/ros/jazzy/opt/gz_sensors_vendor:/opt/ros/jazzy/opt/gz_physics_vendor:/opt/ros/jazzy/opt/sdformat_vendor:/opt/ros/jazzy/opt/gz_gui_vendor:/opt/ros/jazzy/opt/gz_transport_vendor:/opt/ros/jazzy/opt/gz_rendering_vendor:/opt/ros/jazzy/opt/gz_plugin_vendor:/opt/ros/jazzy/opt/gz_fuel_tools_vendor:/opt/ros/jazzy/opt/gz_msgs_vendor:/opt/ros/jazzy/opt/gz_common_vendor:/opt/ros/jazzy/opt/gz_math_vendor:/opt/ros/jazzy/opt/gz_utils_vendor:/opt/ros/jazzy/opt/gz_tools_vendor:/opt/ros/jazzy/opt/gz_ogre_next_vendor:/opt/ros/jazzy/opt/gz_dartsim_vendor:/opt/ros/jazzy/opt/gz_cmake_vendor:/opt/ros/jazzy DEBUGINFOD_URLS=https://debuginfod.ubuntu.com PS1=(ros_venv) \[\e[1;34m\](ID: ${ROS_DOMAIN_ID:-0})\[\e[1;32m\]\u\[\e[0m\]:\[\e[1;34m\]\w\[\e[0m\]$ VIRTUAL_ENV_PROMPT=(ros_venv) /usr/bin/cmake --install /home/jinhyuk2me/ros_ws/pinky/build/pinky_gazebo
[0.566s] Level 1:colcon.colcon_core.environment:create_environment_scripts_only(pinky_gazebo)
[0.566s] Level 1:colcon.colcon_core.environment:checking '/home/jinhyuk2me/ros_ws/pinky/install/pinky_gazebo' for CMake module files
[0.566s] DEBUG:colcon.colcon_core.event_handler.log_command:Invoked command in '/home/jinhyuk2me/ros_ws/pinky/build/pinky_gazebo' returned '0': AMENT_PREFIX_PATH=/home/jinhyuk2me/ros_ws/pinky/install/pinky_description:${AMENT_PREFIX_PATH} CMAKE_PREFIX_PATH=/home/jinhyuk2me/ros_ws/pinky/install/pinky_description:/opt/ros/jazzy/opt/gz_sim_vendor:/opt/ros/jazzy/opt/gz_sensors_vendor:/opt/ros/jazzy/opt/gz_physics_vendor:/opt/ros/jazzy/opt/sdformat_vendor:/opt/ros/jazzy/opt/gz_gui_vendor:/opt/ros/jazzy/opt/gz_transport_vendor:/opt/ros/jazzy/opt/gz_rendering_vendor:/opt/ros/jazzy/opt/gz_plugin_vendor:/opt/ros/jazzy/opt/gz_fuel_tools_vendor:/opt/ros/jazzy/opt/gz_msgs_vendor:/opt/ros/jazzy/opt/gz_common_vendor:/opt/ros/jazzy/opt/gz_math_vendor:/opt/ros/jazzy/opt/gz_utils_vendor:/opt/ros/jazzy/opt/gz_tools_vendor:/opt/ros/jazzy/opt/gz_ogre_next_vendor:/opt/ros/jazzy/opt/gz_dartsim_vendor:/opt/ros/jazzy/opt/gz_cmake_vendor:/opt/ros/jazzy DEBUGINFOD_URLS=https://debuginfod.ubuntu.com PS1=(ros_venv) \[\e[1;34m\](ID: ${ROS_DOMAIN_ID:-0})\[\e[1;32m\]\u\[\e[0m\]:\[\e[1;34m\]\w\[\e[0m\]$ VIRTUAL_ENV_PROMPT=(ros_venv) /usr/bin/cmake --install /home/jinhyuk2me/ros_ws/pinky/build/pinky_gazebo
[0.566s] Level 1:colcon.colcon_core.environment:checking '/home/jinhyuk2me/ros_ws/pinky/install/pinky_gazebo' for CMake config files
[0.567s] Level 1:colcon.colcon_core.shell:create_environment_hook('pinky_gazebo', 'cmake_prefix_path')
[0.567s] INFO:colcon.colcon_core.shell:Creating environment hook '/home/jinhyuk2me/ros_ws/pinky/install/pinky_gazebo/share/pinky_gazebo/hook/cmake_prefix_path.ps1'
[0.567s] INFO:colcon.colcon_core.shell:Creating environment descriptor '/home/jinhyuk2me/ros_ws/pinky/install/pinky_gazebo/share/pinky_gazebo/hook/cmake_prefix_path.dsv'
[0.568s] INFO:colcon.colcon_core.shell:Creating environment hook '/home/jinhyuk2me/ros_ws/pinky/install/pinky_gazebo/share/pinky_gazebo/hook/cmake_prefix_path.sh'
[0.568s] Level 1:colcon.colcon_core.environment:checking '/home/jinhyuk2me/ros_ws/pinky/install/pinky_gazebo/bin'
[0.568s] Level 1:colcon.colcon_core.environment:checking '/home/jinhyuk2me/ros_ws/pinky/install/pinky_gazebo/lib/pkgconfig/pinky_gazebo.pc'
[0.568s] Level 1:colcon.colcon_core.environment:checking '/home/jinhyuk2me/ros_ws/pinky/install/pinky_gazebo/lib/python3.12/site-packages'
[0.568s] Level 1:colcon.colcon_core.environment:checking '/home/jinhyuk2me/ros_ws/pinky/install/pinky_gazebo/bin'
[0.568s] INFO:colcon.colcon_core.shell:Creating package script '/home/jinhyuk2me/ros_ws/pinky/install/pinky_gazebo/share/pinky_gazebo/package.ps1'
[0.569s] INFO:colcon.colcon_core.shell:Creating package descriptor '/home/jinhyuk2me/ros_ws/pinky/install/pinky_gazebo/share/pinky_gazebo/package.dsv'
[0.569s] INFO:colcon.colcon_core.shell:Creating package script '/home/jinhyuk2me/ros_ws/pinky/install/pinky_gazebo/share/pinky_gazebo/package.sh'
[0.569s] INFO:colcon.colcon_core.shell:Creating package script '/home/jinhyuk2me/ros_ws/pinky/install/pinky_gazebo/share/pinky_gazebo/package.bash'
[0.569s] INFO:colcon.colcon_core.shell:Creating package script '/home/jinhyuk2me/ros_ws/pinky/install/pinky_gazebo/share/pinky_gazebo/package.zsh'
[0.570s] Level 1:colcon.colcon_core.environment:create_file_with_runtime_dependencies(/home/jinhyuk2me/ros_ws/pinky/install/pinky_gazebo/share/colcon-core/packages/pinky_gazebo)
[0.570s] Level 1:colcon.colcon_core.environment:create_environment_scripts_only(pinky_gazebo)
[0.570s] Level 1:colcon.colcon_core.environment:checking '/home/jinhyuk2me/ros_ws/pinky/install/pinky_gazebo' for CMake module files
[0.571s] Level 1:colcon.colcon_core.environment:checking '/home/jinhyuk2me/ros_ws/pinky/install/pinky_gazebo' for CMake config files
[0.571s] Level 1:colcon.colcon_core.shell:create_environment_hook('pinky_gazebo', 'cmake_prefix_path')
[0.571s] INFO:colcon.colcon_core.shell:Creating environment hook '/home/jinhyuk2me/ros_ws/pinky/install/pinky_gazebo/share/pinky_gazebo/hook/cmake_prefix_path.ps1'
[0.571s] INFO:colcon.colcon_core.shell:Creating environment descriptor '/home/jinhyuk2me/ros_ws/pinky/install/pinky_gazebo/share/pinky_gazebo/hook/cmake_prefix_path.dsv'
[0.571s] INFO:colcon.colcon_core.shell:Creating environment hook '/home/jinhyuk2me/ros_ws/pinky/install/pinky_gazebo/share/pinky_gazebo/hook/cmake_prefix_path.sh'
[0.572s] Level 1:colcon.colcon_core.environment:checking '/home/jinhyuk2me/ros_ws/pinky/install/pinky_gazebo/bin'
[0.572s] Level 1:colcon.colcon_core.environment:checking '/home/jinhyuk2me/ros_ws/pinky/install/pinky_gazebo/lib/pkgconfig/pinky_gazebo.pc'
[0.572s] Level 1:colcon.colcon_core.environment:checking '/home/jinhyuk2me/ros_ws/pinky/install/pinky_gazebo/lib/python3.12/site-packages'
[0.572s] Level 1:colcon.colcon_core.environment:checking '/home/jinhyuk2me/ros_ws/pinky/install/pinky_gazebo/bin'
[0.572s] INFO:colcon.colcon_core.shell:Creating package script '/home/jinhyuk2me/ros_ws/pinky/install/pinky_gazebo/share/pinky_gazebo/package.ps1'
[0.573s] INFO:colcon.colcon_core.shell:Creating package descriptor '/home/jinhyuk2me/ros_ws/pinky/install/pinky_gazebo/share/pinky_gazebo/package.dsv'
[0.573s] INFO:colcon.colcon_core.shell:Creating package script '/home/jinhyuk2me/ros_ws/pinky/install/pinky_gazebo/share/pinky_gazebo/package.sh'
[0.573s] INFO:colcon.colcon_core.shell:Creating package script '/home/jinhyuk2me/ros_ws/pinky/install/pinky_gazebo/share/pinky_gazebo/package.bash'
[0.573s] INFO:colcon.colcon_core.shell:Creating package script '/home/jinhyuk2me/ros_ws/pinky/install/pinky_gazebo/share/pinky_gazebo/package.zsh'
[0.574s] Level 1:colcon.colcon_core.environment:create_file_with_runtime_dependencies(/home/jinhyuk2me/ros_ws/pinky/install/pinky_gazebo/share/colcon-core/packages/pinky_gazebo)
[1.025s] DEBUG:colcon.colcon_core.event_handler.log_command:Invoking command in '/home/jinhyuk2me/ros_ws/pinky/src/pinky_simple_navigator': DEBUGINFOD_URLS=https://debuginfod.ubuntu.com PS1=(ros_venv) \[\e[1;34m\](ID: ${ROS_DOMAIN_ID:-0})\[\e[1;32m\]\u\[\e[0m\]:\[\e[1;34m\]\w\[\e[0m\]$ PYTHONPATH=/home/jinhyuk2me/ros_ws/pinky/build/pinky_simple_navigator/prefix_override:/usr/lib/python3/dist-packages/colcon_core/task/python/colcon_distutils_commands:/home/jinhyuk2me/ros_ws/pinky/install/pinky_simple_navigator/lib/python3.12/site-packages:${PYTHONPATH} VIRTUAL_ENV_PROMPT=(ros_venv) /usr/bin/python3 -W ignore:setup.py install is deprecated -W ignore:easy_install command is deprecated setup.py egg_info --egg-base ../../build/pinky_simple_navigator build --build-base /home/jinhyuk2me/ros_ws/pinky/build/pinky_simple_navigator/build install --record /home/jinhyuk2me/ros_ws/pinky/build/pinky_simple_navigator/install.log --single-version-externally-managed install_data
[1.478s] Level 1:colcon.colcon_core.environment:checking '/home/jinhyuk2me/ros_ws/pinky/install/pinky_simple_navigator' for CMake module files
[1.478s] DEBUG:colcon.colcon_core.event_handler.log_command:Invoked command in '/home/jinhyuk2me/ros_ws/pinky/src/pinky_simple_navigator' returned '0': DEBUGINFOD_URLS=https://debuginfod.ubuntu.com PS1=(ros_venv) \[\e[1;34m\](ID: ${ROS_DOMAIN_ID:-0})\[\e[1;32m\]\u\[\e[0m\]:\[\e[1;34m\]\w\[\e[0m\]$ PYTHONPATH=/home/jinhyuk2me/ros_ws/pinky/build/pinky_simple_navigator/prefix_override:/usr/lib/python3/dist-packages/colcon_core/task/python/colcon_distutils_commands:/home/jinhyuk2me/ros_ws/pinky/install/pinky_simple_navigator/lib/python3.12/site-packages:${PYTHONPATH} VIRTUAL_ENV_PROMPT=(ros_venv) /usr/bin/python3 -W ignore:setup.py install is deprecated -W ignore:easy_install command is deprecated setup.py egg_info --egg-base ../../build/pinky_simple_navigator build --build-base /home/jinhyuk2me/ros_ws/pinky/build/pinky_simple_navigator/build install --record /home/jinhyuk2me/ros_ws/pinky/build/pinky_simple_navigator/install.log --single-version-externally-managed install_data
[1.479s] Level 1:colcon.colcon_core.environment:checking '/home/jinhyuk2me/ros_ws/pinky/install/pinky_simple_navigator' for CMake config files
[1.479s] Level 1:colcon.colcon_core.environment:checking '/home/jinhyuk2me/ros_ws/pinky/install/pinky_simple_navigator/lib'
[1.479s] Level 1:colcon.colcon_core.environment:checking '/home/jinhyuk2me/ros_ws/pinky/install/pinky_simple_navigator/bin'
[1.479s] Level 1:colcon.colcon_core.environment:checking '/home/jinhyuk2me/ros_ws/pinky/install/pinky_simple_navigator/lib/pkgconfig/pinky_simple_navigator.pc'
[1.479s] Level 1:colcon.colcon_core.environment:checking '/home/jinhyuk2me/ros_ws/pinky/install/pinky_simple_navigator/lib/python3.12/site-packages'
[1.479s] Level 1:colcon.colcon_core.shell:create_environment_hook('pinky_simple_navigator', 'pythonpath')
[1.480s] INFO:colcon.colcon_core.shell:Creating environment hook '/home/jinhyuk2me/ros_ws/pinky/install/pinky_simple_navigator/share/pinky_simple_navigator/hook/pythonpath.ps1'
[1.480s] INFO:colcon.colcon_core.shell:Creating environment descriptor '/home/jinhyuk2me/ros_ws/pinky/install/pinky_simple_navigator/share/pinky_simple_navigator/hook/pythonpath.dsv'
[1.480s] INFO:colcon.colcon_core.shell:Creating environment hook '/home/jinhyuk2me/ros_ws/pinky/install/pinky_simple_navigator/share/pinky_simple_navigator/hook/pythonpath.sh'
[1.481s] Level 1:colcon.colcon_core.environment:checking '/home/jinhyuk2me/ros_ws/pinky/install/pinky_simple_navigator/bin'
[1.481s] Level 1:colcon.colcon_core.environment:create_environment_scripts_only(pinky_simple_navigator)
[1.481s] INFO:colcon.colcon_core.shell:Creating package script '/home/jinhyuk2me/ros_ws/pinky/install/pinky_simple_navigator/share/pinky_simple_navigator/package.ps1'
[1.481s] INFO:colcon.colcon_core.shell:Creating package descriptor '/home/jinhyuk2me/ros_ws/pinky/install/pinky_simple_navigator/share/pinky_simple_navigator/package.dsv'
[1.481s] INFO:colcon.colcon_core.shell:Creating package script '/home/jinhyuk2me/ros_ws/pinky/install/pinky_simple_navigator/share/pinky_simple_navigator/package.sh'
[1.482s] INFO:colcon.colcon_core.shell:Creating package script '/home/jinhyuk2me/ros_ws/pinky/install/pinky_simple_navigator/share/pinky_simple_navigator/package.bash'
[1.482s] INFO:colcon.colcon_core.shell:Creating package script '/home/jinhyuk2me/ros_ws/pinky/install/pinky_simple_navigator/share/pinky_simple_navigator/package.zsh'
[1.482s] Level 1:colcon.colcon_core.environment:create_file_with_runtime_dependencies(/home/jinhyuk2me/ros_ws/pinky/install/pinky_simple_navigator/share/colcon-core/packages/pinky_simple_navigator)
[1.482s] DEBUG:colcon.colcon_parallel_executor.executor.parallel:closing loop
[1.483s] DEBUG:colcon.colcon_parallel_executor.executor.parallel:loop closed
[1.483s] DEBUG:colcon.colcon_parallel_executor.executor.parallel:run_until_complete finished with '0'
[1.483s] DEBUG:colcon.colcon_core.event_reactor:joining thread
[1.488s] INFO:colcon.colcon_core.plugin_system:Skipping extension 'colcon_notification.desktop_notification.terminal_notifier': Not used on non-Darwin systems
[1.488s] INFO:colcon.colcon_core.plugin_system:Skipping extension 'colcon_notification.desktop_notification.win32': Not used on non-Windows systems
[1.488s] INFO:colcon.colcon_notification.desktop_notification:Sending desktop notification using 'notify2'
[1.511s] DEBUG:colcon.colcon_core.event_reactor:joined thread
[1.511s] INFO:colcon.colcon_core.shell:Creating prefix script '/home/jinhyuk2me/ros_ws/pinky/install/local_setup.ps1'
[1.512s] INFO:colcon.colcon_core.shell:Creating prefix util module '/home/jinhyuk2me/ros_ws/pinky/install/_local_setup_util_ps1.py'
[1.513s] INFO:colcon.colcon_core.shell:Creating prefix chain script '/home/jinhyuk2me/ros_ws/pinky/install/setup.ps1'
[1.514s] INFO:colcon.colcon_core.shell:Creating prefix script '/home/jinhyuk2me/ros_ws/pinky/install/local_setup.sh'
[1.514s] INFO:colcon.colcon_core.shell:Creating prefix util module '/home/jinhyuk2me/ros_ws/pinky/install/_local_setup_util_sh.py'
[1.515s] INFO:colcon.colcon_core.shell:Creating prefix chain script '/home/jinhyuk2me/ros_ws/pinky/install/setup.sh'
[1.515s] INFO:colcon.colcon_core.shell:Creating prefix script '/home/jinhyuk2me/ros_ws/pinky/install/local_setup.bash'
[1.516s] INFO:colcon.colcon_core.shell:Creating prefix chain script '/home/jinhyuk2me/ros_ws/pinky/install/setup.bash'
[1.517s] INFO:colcon.colcon_core.shell:Creating prefix script '/home/jinhyuk2me/ros_ws/pinky/install/local_setup.zsh'
[1.517s] INFO:colcon.colcon_core.shell:Creating prefix chain script '/home/jinhyuk2me/ros_ws/pinky/install/setup.zsh'
