[0.641s] Invoking command in '/home/jinhyuk2me/my_tf_tutorials/src/my_tf': DEBUGINFOD_URLS=https://debuginfod.ubuntu.com PS1=(ros_venv) \[\e[1;34m\](ID: ${ROS_DOMAIN_ID:-0})\[\e[1;32m\]\u\[\e[0m\]:\[\e[1;34m\]\w\[\e[0m\]$ PYTHONPATH=/home/jinhyuk2me/my_tf_tutorials/build/my_tf/prefix_override:/usr/lib/python3/dist-packages/colcon_core/task/python/colcon_distutils_commands:/home/jinhyuk2me/my_tf_tutorials/install/my_tf/lib/python3.12/site-packages:${PYTHONPATH} VIRTUAL_ENV_PROMPT=(ros_venv) /usr/bin/python3 -W ignore:setup.py install is deprecated -W ignore:easy_install command is deprecated setup.py egg_info --egg-base ../../build/my_tf build --build-base /home/jinhyuk2me/my_tf_tutorials/build/my_tf/build install --record /home/jinhyuk2me/my_tf_tutorials/build/my_tf/install.log --single-version-externally-managed install_data
[0.848s] running egg_info
[0.848s] creating ../../build/my_tf/my_tf.egg-info
[0.863s] writing ../../build/my_tf/my_tf.egg-info/PKG-INFO
[0.864s] writing dependency_links to ../../build/my_tf/my_tf.egg-info/dependency_links.txt
[0.864s] writing entry points to ../../build/my_tf/my_tf.egg-info/entry_points.txt
[0.864s] writing requirements to ../../build/my_tf/my_tf.egg-info/requires.txt
[0.864s] writing top-level names to ../../build/my_tf/my_tf.egg-info/top_level.txt
[0.864s] writing manifest file '../../build/my_tf/my_tf.egg-info/SOURCES.txt'
[0.896s] reading manifest file '../../build/my_tf/my_tf.egg-info/SOURCES.txt'
[0.896s] writing manifest file '../../build/my_tf/my_tf.egg-info/SOURCES.txt'
[0.896s] running build
[0.896s] running build_py
[0.897s] creating /home/jinhyuk2me/my_tf_tutorials/build/my_tf/build
[0.897s] creating /home/jinhyuk2me/my_tf_tutorials/build/my_tf/build/lib
[0.897s] creating /home/jinhyuk2me/my_tf_tutorials/build/my_tf/build/lib/my_tf
[0.897s] copying my_tf/__init__.py -> /home/jinhyuk2me/my_tf_tutorials/build/my_tf/build/lib/my_tf
[0.897s] copying my_tf/my_tf_1.py -> /home/jinhyuk2me/my_tf_tutorials/build/my_tf/build/lib/my_tf
[0.897s] running install
[0.901s] running install_lib
[0.918s] creating /home/jinhyuk2me/my_tf_tutorials/install/my_tf/lib/python3.12/site-packages/my_tf
[0.918s] copying /home/jinhyuk2me/my_tf_tutorials/build/my_tf/build/lib/my_tf/__init__.py -> /home/jinhyuk2me/my_tf_tutorials/install/my_tf/lib/python3.12/site-packages/my_tf
[0.918s] copying /home/jinhyuk2me/my_tf_tutorials/build/my_tf/build/lib/my_tf/my_tf_1.py -> /home/jinhyuk2me/my_tf_tutorials/install/my_tf/lib/python3.12/site-packages/my_tf
[0.918s] byte-compiling /home/jinhyuk2me/my_tf_tutorials/install/my_tf/lib/python3.12/site-packages/my_tf/__init__.py to __init__.cpython-312.pyc
[0.918s] byte-compiling /home/jinhyuk2me/my_tf_tutorials/install/my_tf/lib/python3.12/site-packages/my_tf/my_tf_1.py to my_tf_1.cpython-312.pyc
[0.919s] running install_data
[0.919s] creating /home/jinhyuk2me/my_tf_tutorials/install/my_tf/share/ament_index
[0.919s] creating /home/jinhyuk2me/my_tf_tutorials/install/my_tf/share/ament_index/resource_index
[0.919s] creating /home/jinhyuk2me/my_tf_tutorials/install/my_tf/share/ament_index/resource_index/packages
[0.919s] copying resource/my_tf -> /home/jinhyuk2me/my_tf_tutorials/install/my_tf/share/ament_index/resource_index/packages
[0.919s] copying package.xml -> /home/jinhyuk2me/my_tf_tutorials/install/my_tf/share/my_tf
[0.919s] running install_egg_info
[0.936s] Copying ../../build/my_tf/my_tf.egg-info to /home/jinhyuk2me/my_tf_tutorials/install/my_tf/lib/python3.12/site-packages/my_tf-0.0.0-py3.12.egg-info
[0.937s] running install_scripts
[1.045s] Installing my_tf_1 script to /home/jinhyuk2me/my_tf_tutorials/install/my_tf/lib/my_tf
[1.045s] writing list of installed files to '/home/jinhyuk2me/my_tf_tutorials/build/my_tf/install.log'
[1.062s] Invoked command in '/home/jinhyuk2me/my_tf_tutorials/src/my_tf' returned '0': DEBUGINFOD_URLS=https://debuginfod.ubuntu.com PS1=(ros_venv) \[\e[1;34m\](ID: ${ROS_DOMAIN_ID:-0})\[\e[1;32m\]\u\[\e[0m\]:\[\e[1;34m\]\w\[\e[0m\]$ PYTHONPATH=/home/jinhyuk2me/my_tf_tutorials/build/my_tf/prefix_override:/usr/lib/python3/dist-packages/colcon_core/task/python/colcon_distutils_commands:/home/jinhyuk2me/my_tf_tutorials/install/my_tf/lib/python3.12/site-packages:${PYTHONPATH} VIRTUAL_ENV_PROMPT=(ros_venv) /usr/bin/python3 -W ignore:setup.py install is deprecated -W ignore:easy_install command is deprecated setup.py egg_info --egg-base ../../build/my_tf build --build-base /home/jinhyuk2me/my_tf_tutorials/build/my_tf/build install --record /home/jinhyuk2me/my_tf_tutorials/build/my_tf/install.log --single-version-externally-managed install_data
