[0.634s] Invoking command in '/home/jinhyuk2me/ros_ws/ros2_control_study/src/controller_tutorials': DEBUGINFOD_URLS=https://debuginfod.ubuntu.com PS1=(ros_venv) \[\e[1;34m\](ID: ${ROS_DOMAIN_ID:-0})\[\e[1;32m\]\u\[\e[0m\]:\[\e[1;34m\]\w\[\e[0m\]$ PYTHONPATH=/home/jinhyuk2me/ros_ws/ros2_control_study/build/controller_tutorials/prefix_override:/usr/lib/python3/dist-packages/colcon_core/task/python/colcon_distutils_commands:/home/jinhyuk2me/ros_ws/ros2_control_study/install/controller_tutorials/lib/python3.12/site-packages:${PYTHONPATH} VIRTUAL_ENV_PROMPT=(ros_venv) /usr/bin/python3 -W ignore:setup.py install is deprecated -W ignore:easy_install command is deprecated setup.py egg_info --egg-base ../../build/controller_tutorials build --build-base /home/jinhyuk2me/ros_ws/ros2_control_study/build/controller_tutorials/build install --record /home/jinhyuk2me/ros_ws/ros2_control_study/build/controller_tutorials/install.log --single-version-externally-managed install_data
[0.844s] running egg_info
[0.861s] writing ../../build/controller_tutorials/controller_tutorials.egg-info/PKG-INFO
[0.861s] writing dependency_links to ../../build/controller_tutorials/controller_tutorials.egg-info/dependency_links.txt
[0.861s] writing entry points to ../../build/controller_tutorials/controller_tutorials.egg-info/entry_points.txt
[0.861s] writing requirements to ../../build/controller_tutorials/controller_tutorials.egg-info/requires.txt
[0.861s] writing top-level names to ../../build/controller_tutorials/controller_tutorials.egg-info/top_level.txt
[0.895s] reading manifest file '../../build/controller_tutorials/controller_tutorials.egg-info/SOURCES.txt'
[0.896s] writing manifest file '../../build/controller_tutorials/controller_tutorials.egg-info/SOURCES.txt'
[0.896s] running build
[0.896s] running build_py
[0.896s] copying controller_tutorials/monitor_for_move_turtle.py -> /home/jinhyuk2me/ros_ws/ros2_control_study/build/controller_tutorials/build/lib/controller_tutorials
[0.896s] copying controller_tutorials/move_turtle.py -> /home/jinhyuk2me/ros_ws/ros2_control_study/build/controller_tutorials/build/lib/controller_tutorials
[0.897s] running install
[0.901s] running install_lib
[0.919s] copying /home/jinhyuk2me/ros_ws/ros2_control_study/build/controller_tutorials/build/lib/controller_tutorials/monitor_for_move_turtle.py -> /home/jinhyuk2me/ros_ws/ros2_control_study/install/controller_tutorials/lib/python3.12/site-packages/controller_tutorials
[0.919s] copying /home/jinhyuk2me/ros_ws/ros2_control_study/build/controller_tutorials/build/lib/controller_tutorials/move_turtle.py -> /home/jinhyuk2me/ros_ws/ros2_control_study/install/controller_tutorials/lib/python3.12/site-packages/controller_tutorials
[0.920s] byte-compiling /home/jinhyuk2me/ros_ws/ros2_control_study/install/controller_tutorials/lib/python3.12/site-packages/controller_tutorials/monitor_for_move_turtle.py to monitor_for_move_turtle.cpython-312.pyc
[0.921s] byte-compiling /home/jinhyuk2me/ros_ws/ros2_control_study/install/controller_tutorials/lib/python3.12/site-packages/controller_tutorials/move_turtle.py to move_turtle.cpython-312.pyc
[0.922s] running install_data
[0.922s] running install_egg_info
[0.940s] removing '/home/jinhyuk2me/ros_ws/ros2_control_study/install/controller_tutorials/lib/python3.12/site-packages/controller_tutorials-0.0.0-py3.12.egg-info' (and everything under it)
[0.940s] Copying ../../build/controller_tutorials/controller_tutorials.egg-info to /home/jinhyuk2me/ros_ws/ros2_control_study/install/controller_tutorials/lib/python3.12/site-packages/controller_tutorials-0.0.0-py3.12.egg-info
[0.941s] running install_scripts
[1.056s] Installing control_apps script to /home/jinhyuk2me/ros_ws/ros2_control_study/install/controller_tutorials/lib/controller_tutorials
[1.056s] Installing control_rotate script to /home/jinhyuk2me/ros_ws/ros2_control_study/install/controller_tutorials/lib/controller_tutorials
[1.056s] Installing monitor_for_move_turtle script to /home/jinhyuk2me/ros_ws/ros2_control_study/install/controller_tutorials/lib/controller_tutorials
[1.056s] Installing move_turtle script to /home/jinhyuk2me/ros_ws/ros2_control_study/install/controller_tutorials/lib/controller_tutorials
[1.056s] Installing pose_dual_controller script to /home/jinhyuk2me/ros_ws/ros2_control_study/install/controller_tutorials/lib/controller_tutorials
[1.056s] Installing qmonitor_for_pose_dual_controller script to /home/jinhyuk2me/ros_ws/ros2_control_study/install/controller_tutorials/lib/controller_tutorials
[1.056s] Installing simple_rotate script to /home/jinhyuk2me/ros_ws/ros2_control_study/install/controller_tutorials/lib/controller_tutorials
[1.057s] writing list of installed files to '/home/jinhyuk2me/ros_ws/ros2_control_study/build/controller_tutorials/install.log'
[1.074s] Invoked command in '/home/jinhyuk2me/ros_ws/ros2_control_study/src/controller_tutorials' returned '0': DEBUGINFOD_URLS=https://debuginfod.ubuntu.com PS1=(ros_venv) \[\e[1;34m\](ID: ${ROS_DOMAIN_ID:-0})\[\e[1;32m\]\u\[\e[0m\]:\[\e[1;34m\]\w\[\e[0m\]$ PYTHONPATH=/home/jinhyuk2me/ros_ws/ros2_control_study/build/controller_tutorials/prefix_override:/usr/lib/python3/dist-packages/colcon_core/task/python/colcon_distutils_commands:/home/jinhyuk2me/ros_ws/ros2_control_study/install/controller_tutorials/lib/python3.12/site-packages:${PYTHONPATH} VIRTUAL_ENV_PROMPT=(ros_venv) /usr/bin/python3 -W ignore:setup.py install is deprecated -W ignore:easy_install command is deprecated setup.py egg_info --egg-base ../../build/controller_tutorials build --build-base /home/jinhyuk2me/ros_ws/ros2_control_study/build/controller_tutorials/build install --record /home/jinhyuk2me/ros_ws/ros2_control_study/build/controller_tutorials/install.log --single-version-externally-managed install_data
