[0.007s] Invoking command in '/home/jinhyuk2me/ros_ws/pinky/build/pinky_gazebo': CMAKE_PREFIX_PATH=/home/jinhyuk2me/ros_ws/pinky/install/pinky_description:/home/jinhyuk2me/ros_ws/pinky/install/pinky_navigation:/home/jinhyuk2me/ros_ws/pinky/install/pinky_gazebo:/opt/ros/jazzy/opt/gz_sim_vendor:/opt/ros/jazzy/opt/gz_sensors_vendor:/opt/ros/jazzy/opt/gz_physics_vendor:/opt/ros/jazzy/opt/sdformat_vendor:/opt/ros/jazzy/opt/gz_gui_vendor:/opt/ros/jazzy/opt/gz_transport_vendor:/opt/ros/jazzy/opt/gz_rendering_vendor:/opt/ros/jazzy/opt/gz_plugin_vendor:/opt/ros/jazzy/opt/gz_fuel_tools_vendor:/opt/ros/jazzy/opt/gz_msgs_vendor:/opt/ros/jazzy/opt/gz_common_vendor:/opt/ros/jazzy/opt/gz_math_vendor:/opt/ros/jazzy/opt/gz_utils_vendor:/opt/ros/jazzy/opt/gz_tools_vendor:/opt/ros/jazzy/opt/gz_ogre_next_vendor:/opt/ros/jazzy/opt/gz_dartsim_vendor:/opt/ros/jazzy/opt/gz_cmake_vendor:/home/jinhyuk2me/ros_ws/pinky/install/pinky_simple_navigator:/opt/ros/jazzy DEBUGINFOD_URLS=https://debuginfod.ubuntu.com PS1=(ros_venv) \[\e[1;34m\](ID: ${ROS_DOMAIN_ID:-0})\[\e[1;32m\]\u\[\e[0m\]:\[\e[1;34m\]\w\[\e[0m\]$ VIRTUAL_ENV_PROMPT=(ros_venv) /usr/bin/cmake --build /home/jinhyuk2me/ros_ws/pinky/build/pinky_gazebo -- -j12 -l12
[0.040s] Invoked command in '/home/jinhyuk2me/ros_ws/pinky/build/pinky_gazebo' returned '0': CMAKE_PREFIX_PATH=/home/jinhyuk2me/ros_ws/pinky/install/pinky_description:/home/jinhyuk2me/ros_ws/pinky/install/pinky_navigation:/home/jinhyuk2me/ros_ws/pinky/install/pinky_gazebo:/opt/ros/jazzy/opt/gz_sim_vendor:/opt/ros/jazzy/opt/gz_sensors_vendor:/opt/ros/jazzy/opt/gz_physics_vendor:/opt/ros/jazzy/opt/sdformat_vendor:/opt/ros/jazzy/opt/gz_gui_vendor:/opt/ros/jazzy/opt/gz_transport_vendor:/opt/ros/jazzy/opt/gz_rendering_vendor:/opt/ros/jazzy/opt/gz_plugin_vendor:/opt/ros/jazzy/opt/gz_fuel_tools_vendor:/opt/ros/jazzy/opt/gz_msgs_vendor:/opt/ros/jazzy/opt/gz_common_vendor:/opt/ros/jazzy/opt/gz_math_vendor:/opt/ros/jazzy/opt/gz_utils_vendor:/opt/ros/jazzy/opt/gz_tools_vendor:/opt/ros/jazzy/opt/gz_ogre_next_vendor:/opt/ros/jazzy/opt/gz_dartsim_vendor:/opt/ros/jazzy/opt/gz_cmake_vendor:/home/jinhyuk2me/ros_ws/pinky/install/pinky_simple_navigator:/opt/ros/jazzy DEBUGINFOD_URLS=https://debuginfod.ubuntu.com PS1=(ros_venv) \[\e[1;34m\](ID: ${ROS_DOMAIN_ID:-0})\[\e[1;32m\]\u\[\e[0m\]:\[\e[1;34m\]\w\[\e[0m\]$ VIRTUAL_ENV_PROMPT=(ros_venv) /usr/bin/cmake --build /home/jinhyuk2me/ros_ws/pinky/build/pinky_gazebo -- -j12 -l12
[0.041s] Invoking command in '/home/jinhyuk2me/ros_ws/pinky/build/pinky_gazebo': CMAKE_PREFIX_PATH=/home/jinhyuk2me/ros_ws/pinky/install/pinky_description:/home/jinhyuk2me/ros_ws/pinky/install/pinky_navigation:/home/jinhyuk2me/ros_ws/pinky/install/pinky_gazebo:/opt/ros/jazzy/opt/gz_sim_vendor:/opt/ros/jazzy/opt/gz_sensors_vendor:/opt/ros/jazzy/opt/gz_physics_vendor:/opt/ros/jazzy/opt/sdformat_vendor:/opt/ros/jazzy/opt/gz_gui_vendor:/opt/ros/jazzy/opt/gz_transport_vendor:/opt/ros/jazzy/opt/gz_rendering_vendor:/opt/ros/jazzy/opt/gz_plugin_vendor:/opt/ros/jazzy/opt/gz_fuel_tools_vendor:/opt/ros/jazzy/opt/gz_msgs_vendor:/opt/ros/jazzy/opt/gz_common_vendor:/opt/ros/jazzy/opt/gz_math_vendor:/opt/ros/jazzy/opt/gz_utils_vendor:/opt/ros/jazzy/opt/gz_tools_vendor:/opt/ros/jazzy/opt/gz_ogre_next_vendor:/opt/ros/jazzy/opt/gz_dartsim_vendor:/opt/ros/jazzy/opt/gz_cmake_vendor:/home/jinhyuk2me/ros_ws/pinky/install/pinky_simple_navigator:/opt/ros/jazzy DEBUGINFOD_URLS=https://debuginfod.ubuntu.com PS1=(ros_venv) \[\e[1;34m\](ID: ${ROS_DOMAIN_ID:-0})\[\e[1;32m\]\u\[\e[0m\]:\[\e[1;34m\]\w\[\e[0m\]$ VIRTUAL_ENV_PROMPT=(ros_venv) /usr/bin/cmake --install /home/jinhyuk2me/ros_ws/pinky/build/pinky_gazebo
[0.047s] -- Install configuration: ""
[0.047s] -- Up-to-date: /home/jinhyuk2me/ros_ws/pinky/install/pinky_gazebo/share/pinky_gazebo/launch
[0.048s] -- Up-to-date: /home/jinhyuk2me/ros_ws/pinky/install/pinky_gazebo/share/pinky_gazebo/launch/launch_sim_resto.launch.xml
[0.048s] -- Up-to-date: /home/jinhyuk2me/ros_ws/pinky/install/pinky_gazebo/share/pinky_gazebo/launch/launch_sim_empty.launch.xml
[0.048s] -- Up-to-date: /home/jinhyuk2me/ros_ws/pinky/install/pinky_gazebo/share/pinky_gazebo/launch/launch_sim.launch.xml
[0.048s] -- Up-to-date: /home/jinhyuk2me/ros_ws/pinky/install/pinky_gazebo/share/pinky_gazebo/worlds
[0.048s] -- Up-to-date: /home/jinhyuk2me/ros_ws/pinky/install/pinky_gazebo/share/pinky_gazebo/worlds/pinky_factory.world
[0.048s] -- Up-to-date: /home/jinhyuk2me/ros_ws/pinky/install/pinky_gazebo/share/pinky_gazebo/worlds/pinky_restaurant_.world
[0.048s] -- Up-to-date: /home/jinhyuk2me/ros_ws/pinky/install/pinky_gazebo/share/pinky_gazebo/worlds/pinky_restaurant.world
[0.048s] -- Up-to-date: /home/jinhyuk2me/ros_ws/pinky/install/pinky_gazebo/share/pinky_gazebo/worlds/pinky_factory_with_arm.world
[0.048s] -- Up-to-date: /home/jinhyuk2me/ros_ws/pinky/install/pinky_gazebo/share/pinky_gazebo/worlds/pinky_map.world
[0.048s] -- Up-to-date: /home/jinhyuk2me/ros_ws/pinky/install/pinky_gazebo/share/pinky_gazebo/worlds/empty.world
[0.048s] -- Up-to-date: /home/jinhyuk2me/ros_ws/pinky/install/pinky_gazebo/share/pinky_gazebo/models
[0.048s] -- Up-to-date: /home/jinhyuk2me/ros_ws/pinky/install/pinky_gazebo/share/pinky_gazebo/models/obj
[0.048s] -- Up-to-date: /home/jinhyuk2me/ros_ws/pinky/install/pinky_gazebo/share/pinky_gazebo/models/obj/obj.obj
[0.048s] -- Up-to-date: /home/jinhyuk2me/ros_ws/pinky/install/pinky_gazebo/share/pinky_gazebo/models/obj/arm_block.obj
[0.049s] -- Up-to-date: /home/jinhyuk2me/ros_ws/pinky/install/pinky_gazebo/share/pinky_gazebo/models/obj/table2.dae
[0.049s] -- Up-to-date: /home/jinhyuk2me/ros_ws/pinky/install/pinky_gazebo/share/pinky_gazebo/models/obj/table.dae
[0.049s] -- Up-to-date: /home/jinhyuk2me/ros_ws/pinky/install/pinky_gazebo/share/pinky_gazebo/models/obj/station.dae
[0.049s] -- Up-to-date: /home/jinhyuk2me/ros_ws/pinky/install/pinky_gazebo/share/pinky_gazebo/models/shelf
[0.049s] -- Up-to-date: /home/jinhyuk2me/ros_ws/pinky/install/pinky_gazebo/share/pinky_gazebo/models/shelf/model.sdf
[0.049s] -- Up-to-date: /home/jinhyuk2me/ros_ws/pinky/install/pinky_gazebo/share/pinky_gazebo/models/shelf/meshes
[0.049s] -- Up-to-date: /home/jinhyuk2me/ros_ws/pinky/install/pinky_gazebo/share/pinky_gazebo/models/shelf/meshes/Box_paper_04_1_Base_Color.png
[0.049s] -- Up-to-date: /home/jinhyuk2me/ros_ws/pinky/install/pinky_gazebo/share/pinky_gazebo/models/shelf/meshes/shelf_big_movai.dae
[0.049s] -- Up-to-date: /home/jinhyuk2me/ros_ws/pinky/install/pinky_gazebo/share/pinky_gazebo/models/shelf/thumbnails
[0.049s] -- Up-to-date: /home/jinhyuk2me/ros_ws/pinky/install/pinky_gazebo/share/pinky_gazebo/models/shelf/thumbnails/1.png
[0.049s] -- Up-to-date: /home/jinhyuk2me/ros_ws/pinky/install/pinky_gazebo/share/pinky_gazebo/models/shelf/model.config
[0.049s] -- Up-to-date: /home/jinhyuk2me/ros_ws/pinky/install/pinky_gazebo/share/pinky_gazebo/models/shelf/original_modl.sdf
[0.049s] -- Up-to-date: /home/jinhyuk2me/ros_ws/pinky/install/pinky_gazebo/share/pinky_gazebo/models/img
[0.049s] -- Up-to-date: /home/jinhyuk2me/ros_ws/pinky/install/pinky_gazebo/share/pinky_gazebo/models/img/pinklab_half.jpg
[0.049s] -- Up-to-date: /home/jinhyuk2me/ros_ws/pinky/install/pinky_gazebo/share/pinky_gazebo/models/img/pinklab.jpg
[0.049s] -- Up-to-date: /home/jinhyuk2me/ros_ws/pinky/install/pinky_gazebo/share/pinky_gazebo/models/robot
[0.049s] -- Up-to-date: /home/jinhyuk2me/ros_ws/pinky/install/pinky_gazebo/share/pinky_gazebo/models/robot/jetcobot.dae
[0.049s] -- Up-to-date: /home/jinhyuk2me/ros_ws/pinky/install/pinky_gazebo/share/pinky_gazebo/params
[0.050s] -- Up-to-date: /home/jinhyuk2me/ros_ws/pinky/install/pinky_gazebo/share/pinky_gazebo/params/pinky_bridge.yaml
[0.050s] -- Up-to-date: /home/jinhyuk2me/ros_ws/pinky/install/pinky_gazebo/share/ament_index/resource_index/package_run_dependencies/pinky_gazebo
[0.050s] -- Up-to-date: /home/jinhyuk2me/ros_ws/pinky/install/pinky_gazebo/share/ament_index/resource_index/parent_prefix_path/pinky_gazebo
[0.050s] -- Up-to-date: /home/jinhyuk2me/ros_ws/pinky/install/pinky_gazebo/share/pinky_gazebo/environment/ament_prefix_path.sh
[0.050s] -- Up-to-date: /home/jinhyuk2me/ros_ws/pinky/install/pinky_gazebo/share/pinky_gazebo/environment/ament_prefix_path.dsv
[0.050s] -- Up-to-date: /home/jinhyuk2me/ros_ws/pinky/install/pinky_gazebo/share/pinky_gazebo/environment/path.sh
[0.050s] -- Up-to-date: /home/jinhyuk2me/ros_ws/pinky/install/pinky_gazebo/share/pinky_gazebo/environment/path.dsv
[0.050s] -- Up-to-date: /home/jinhyuk2me/ros_ws/pinky/install/pinky_gazebo/share/pinky_gazebo/local_setup.bash
[0.050s] -- Up-to-date: /home/jinhyuk2me/ros_ws/pinky/install/pinky_gazebo/share/pinky_gazebo/local_setup.sh
[0.050s] -- Up-to-date: /home/jinhyuk2me/ros_ws/pinky/install/pinky_gazebo/share/pinky_gazebo/local_setup.zsh
[0.050s] -- Up-to-date: /home/jinhyuk2me/ros_ws/pinky/install/pinky_gazebo/share/pinky_gazebo/local_setup.dsv
[0.050s] -- Installing: /home/jinhyuk2me/ros_ws/pinky/install/pinky_gazebo/share/pinky_gazebo/package.dsv
[0.050s] -- Up-to-date: /home/jinhyuk2me/ros_ws/pinky/install/pinky_gazebo/share/ament_index/resource_index/packages/pinky_gazebo
[0.050s] -- Up-to-date: /home/jinhyuk2me/ros_ws/pinky/install/pinky_gazebo/share/pinky_gazebo/cmake/pinky_gazeboConfig.cmake
[0.050s] -- Up-to-date: /home/jinhyuk2me/ros_ws/pinky/install/pinky_gazebo/share/pinky_gazebo/cmake/pinky_gazeboConfig-version.cmake
[0.051s] -- Up-to-date: /home/jinhyuk2me/ros_ws/pinky/install/pinky_gazebo/share/pinky_gazebo/package.xml
[0.051s] Invoked command in '/home/jinhyuk2me/ros_ws/pinky/build/pinky_gazebo' returned '0': CMAKE_PREFIX_PATH=/home/jinhyuk2me/ros_ws/pinky/install/pinky_description:/home/jinhyuk2me/ros_ws/pinky/install/pinky_navigation:/home/jinhyuk2me/ros_ws/pinky/install/pinky_gazebo:/opt/ros/jazzy/opt/gz_sim_vendor:/opt/ros/jazzy/opt/gz_sensors_vendor:/opt/ros/jazzy/opt/gz_physics_vendor:/opt/ros/jazzy/opt/sdformat_vendor:/opt/ros/jazzy/opt/gz_gui_vendor:/opt/ros/jazzy/opt/gz_transport_vendor:/opt/ros/jazzy/opt/gz_rendering_vendor:/opt/ros/jazzy/opt/gz_plugin_vendor:/opt/ros/jazzy/opt/gz_fuel_tools_vendor:/opt/ros/jazzy/opt/gz_msgs_vendor:/opt/ros/jazzy/opt/gz_common_vendor:/opt/ros/jazzy/opt/gz_math_vendor:/opt/ros/jazzy/opt/gz_utils_vendor:/opt/ros/jazzy/opt/gz_tools_vendor:/opt/ros/jazzy/opt/gz_ogre_next_vendor:/opt/ros/jazzy/opt/gz_dartsim_vendor:/opt/ros/jazzy/opt/gz_cmake_vendor:/home/jinhyuk2me/ros_ws/pinky/install/pinky_simple_navigator:/opt/ros/jazzy DEBUGINFOD_URLS=https://debuginfod.ubuntu.com PS1=(ros_venv) \[\e[1;34m\](ID: ${ROS_DOMAIN_ID:-0})\[\e[1;32m\]\u\[\e[0m\]:\[\e[1;34m\]\w\[\e[0m\]$ VIRTUAL_ENV_PROMPT=(ros_venv) /usr/bin/cmake --install /home/jinhyuk2me/ros_ws/pinky/build/pinky_gazebo
