[0.168s] Invoking command in '/home/jinhyuk2me/ros_ws/build/my_first_package_msgs': CMAKE_PREFIX_PATH=${CMAKE_PREFIX_PATH}:/home/jinhyuk2me/ros_ws/install/my_first_package:/opt/ros/jazzy DEBUGINFOD_URLS=https://debuginfod.ubuntu.com PS1=(ros_venv) \[\e]0;\u@\h: \w\a\]${debian_chroot:+($debian_chroot)}\[\033[01;32m\]\u@\h\[\033[00m\]:\[\033[01;34m\]\w\[\033[00m\]\$ VIRTUAL_ENV_PROMPT=(ros_venv) /usr/bin/cmake --build /home/jinhyuk2me/ros_ws/build/my_first_package_msgs -- -j12 -l12
[0.206s] [  2%] Built target my_first_package_msgs__rosidl_generator_type_description
[0.213s] [  2%] Built target ament_cmake_python_copy_my_first_package_msgs
[0.221s] [  4%] Built target my_first_package_msgs__cpp
[0.222s] [ 22%] Built target my_first_package_msgs__rosidl_generator_c
[0.241s] [ 31%] Built target my_first_package_msgs__rosidl_typesupport_introspection_c
[0.241s] [ 40%] Built target my_first_package_msgs__rosidl_typesupport_c
[0.241s] [ 50%] Built target my_first_package_msgs__rosidl_typesupport_fastrtps_cpp
[0.243s] [ 59%] Built target my_first_package_msgs__rosidl_typesupport_introspection_cpp
[0.244s] [ 68%] Built target my_first_package_msgs__rosidl_typesupport_cpp
[0.245s] [ 77%] Built target my_first_package_msgs__rosidl_typesupport_fastrtps_c
[0.261s] [ 77%] Built target my_first_package_msgs
[0.277s] [ 79%] Built target my_first_package_msgs__py
[0.295s] [ 86%] Built target my_first_package_msgs__rosidl_generator_py
[0.312s] [100%] Built target my_first_package_msgs_s__rosidl_typesupport_fastrtps_c
[0.312s] [100%] Built target my_first_package_msgs_s__rosidl_typesupport_introspection_c
[0.312s] [100%] Built target my_first_package_msgs_s__rosidl_typesupport_c
[0.378s] running egg_info
[0.392s] writing my_first_package_msgs.egg-info/PKG-INFO
[0.392s] writing dependency_links to my_first_package_msgs.egg-info/dependency_links.txt
[0.392s] writing top-level names to my_first_package_msgs.egg-info/top_level.txt
[0.431s] reading manifest file 'my_first_package_msgs.egg-info/SOURCES.txt'
[0.431s] writing manifest file 'my_first_package_msgs.egg-info/SOURCES.txt'
[0.454s] [100%] Built target ament_cmake_python_build_my_first_package_msgs_egg
[0.464s] Invoked command in '/home/jinhyuk2me/ros_ws/build/my_first_package_msgs' returned '0': CMAKE_PREFIX_PATH=${CMAKE_PREFIX_PATH}:/home/jinhyuk2me/ros_ws/install/my_first_package:/opt/ros/jazzy DEBUGINFOD_URLS=https://debuginfod.ubuntu.com PS1=(ros_venv) \[\e]0;\u@\h: \w\a\]${debian_chroot:+($debian_chroot)}\[\033[01;32m\]\u@\h\[\033[00m\]:\[\033[01;34m\]\w\[\033[00m\]\$ VIRTUAL_ENV_PROMPT=(ros_venv) /usr/bin/cmake --build /home/jinhyuk2me/ros_ws/build/my_first_package_msgs -- -j12 -l12
[0.472s] Invoking command in '/home/jinhyuk2me/ros_ws/build/my_first_package_msgs': CMAKE_PREFIX_PATH=${CMAKE_PREFIX_PATH}:/home/jinhyuk2me/ros_ws/install/my_first_package:/opt/ros/jazzy DEBUGINFOD_URLS=https://debuginfod.ubuntu.com PS1=(ros_venv) \[\e]0;\u@\h: \w\a\]${debian_chroot:+($debian_chroot)}\[\033[01;32m\]\u@\h\[\033[00m\]:\[\033[01;34m\]\w\[\033[00m\]\$ VIRTUAL_ENV_PROMPT=(ros_venv) /usr/bin/cmake --install /home/jinhyuk2me/ros_ws/build/my_first_package_msgs
[0.478s] -- Install configuration: ""
[0.478s] -- Up-to-date: /home/jinhyuk2me/ros_ws/install/my_first_package_msgs/share/ament_index/resource_index/rosidl_interfaces/my_first_package_msgs
[0.478s] -- Up-to-date: /home/jinhyuk2me/ros_ws/install/my_first_package_msgs/share/my_first_package_msgs/msg/CmdAndPoseVel.json
[0.478s] -- Up-to-date: /home/jinhyuk2me/ros_ws/install/my_first_package_msgs/share/my_first_package_msgs/srv/MultiSpawn.json
[0.478s] -- Up-to-date: /home/jinhyuk2me/ros_ws/install/my_first_package_msgs/include/my_first_package_msgs/my_first_package_msgs
[0.478s] -- Up-to-date: /home/jinhyuk2me/ros_ws/install/my_first_package_msgs/include/my_first_package_msgs/my_first_package_msgs/srv
[0.478s] -- Up-to-date: /home/jinhyuk2me/ros_ws/install/my_first_package_msgs/include/my_first_package_msgs/my_first_package_msgs/srv/multi_spawn.h
[0.478s] -- Up-to-date: /home/jinhyuk2me/ros_ws/install/my_first_package_msgs/include/my_first_package_msgs/my_first_package_msgs/srv/detail
[0.478s] -- Up-to-date: /home/jinhyuk2me/ros_ws/install/my_first_package_msgs/include/my_first_package_msgs/my_first_package_msgs/srv/detail/multi_spawn__functions.c
[0.478s] -- Up-to-date: /home/jinhyuk2me/ros_ws/install/my_first_package_msgs/include/my_first_package_msgs/my_first_package_msgs/srv/detail/multi_spawn__type_support.h
[0.478s] -- Up-to-date: /home/jinhyuk2me/ros_ws/install/my_first_package_msgs/include/my_first_package_msgs/my_first_package_msgs/srv/detail/multi_spawn__description.c
[0.478s] -- Up-to-date: /home/jinhyuk2me/ros_ws/install/my_first_package_msgs/include/my_first_package_msgs/my_first_package_msgs/srv/detail/multi_spawn__type_support.c
[0.479s] -- Up-to-date: /home/jinhyuk2me/ros_ws/install/my_first_package_msgs/include/my_first_package_msgs/my_first_package_msgs/srv/detail/multi_spawn__struct.h
[0.479s] -- Up-to-date: /home/jinhyuk2me/ros_ws/install/my_first_package_msgs/include/my_first_package_msgs/my_first_package_msgs/srv/detail/multi_spawn__functions.h
[0.479s] -- Up-to-date: /home/jinhyuk2me/ros_ws/install/my_first_package_msgs/include/my_first_package_msgs/my_first_package_msgs/msg
[0.479s] -- Up-to-date: /home/jinhyuk2me/ros_ws/install/my_first_package_msgs/include/my_first_package_msgs/my_first_package_msgs/msg/rosidl_generator_c__visibility_control.h
[0.479s] -- Up-to-date: /home/jinhyuk2me/ros_ws/install/my_first_package_msgs/include/my_first_package_msgs/my_first_package_msgs/msg/cmd_and_pose_vel.h
[0.479s] -- Up-to-date: /home/jinhyuk2me/ros_ws/install/my_first_package_msgs/include/my_first_package_msgs/my_first_package_msgs/msg/detail
[0.479s] -- Up-to-date: /home/jinhyuk2me/ros_ws/install/my_first_package_msgs/include/my_first_package_msgs/my_first_package_msgs/msg/detail/cmd_and_pose_vel__type_support.c
[0.479s] -- Up-to-date: /home/jinhyuk2me/ros_ws/install/my_first_package_msgs/include/my_first_package_msgs/my_first_package_msgs/msg/detail/cmd_and_pose_vel__functions.c
[0.479s] -- Up-to-date: /home/jinhyuk2me/ros_ws/install/my_first_package_msgs/include/my_first_package_msgs/my_first_package_msgs/msg/detail/cmd_and_pose_vel__functions.h
[0.479s] -- Up-to-date: /home/jinhyuk2me/ros_ws/install/my_first_package_msgs/include/my_first_package_msgs/my_first_package_msgs/msg/detail/cmd_and_pose_vel__struct.h
[0.479s] -- Up-to-date: /home/jinhyuk2me/ros_ws/install/my_first_package_msgs/include/my_first_package_msgs/my_first_package_msgs/msg/detail/cmd_and_pose_vel__type_support.h
[0.479s] -- Up-to-date: /home/jinhyuk2me/ros_ws/install/my_first_package_msgs/include/my_first_package_msgs/my_first_package_msgs/msg/detail/cmd_and_pose_vel__description.c
[0.479s] -- Up-to-date: /home/jinhyuk2me/ros_ws/install/my_first_package_msgs/share/my_first_package_msgs/environment/library_path.sh
[0.479s] -- Up-to-date: /home/jinhyuk2me/ros_ws/install/my_first_package_msgs/share/my_first_package_msgs/environment/library_path.dsv
[0.479s] -- Up-to-date: /home/jinhyuk2me/ros_ws/install/my_first_package_msgs/lib/libmy_first_package_msgs__rosidl_generator_c.so
[0.479s] -- Up-to-date: /home/jinhyuk2me/ros_ws/install/my_first_package_msgs/include/my_first_package_msgs/my_first_package_msgs
[0.479s] -- Up-to-date: /home/jinhyuk2me/ros_ws/install/my_first_package_msgs/include/my_first_package_msgs/my_first_package_msgs/srv
[0.480s] -- Up-to-date: /home/jinhyuk2me/ros_ws/install/my_first_package_msgs/include/my_first_package_msgs/my_first_package_msgs/srv/detail
[0.480s] -- Up-to-date: /home/jinhyuk2me/ros_ws/install/my_first_package_msgs/include/my_first_package_msgs/my_first_package_msgs/srv/detail/multi_spawn__rosidl_typesupport_fastrtps_c.h
[0.480s] -- Up-to-date: /home/jinhyuk2me/ros_ws/install/my_first_package_msgs/include/my_first_package_msgs/my_first_package_msgs/msg
[0.480s] -- Up-to-date: /home/jinhyuk2me/ros_ws/install/my_first_package_msgs/include/my_first_package_msgs/my_first_package_msgs/msg/rosidl_typesupport_fastrtps_c__visibility_control.h
[0.480s] -- Up-to-date: /home/jinhyuk2me/ros_ws/install/my_first_package_msgs/include/my_first_package_msgs/my_first_package_msgs/msg/detail
[0.480s] -- Up-to-date: /home/jinhyuk2me/ros_ws/install/my_first_package_msgs/include/my_first_package_msgs/my_first_package_msgs/msg/detail/cmd_and_pose_vel__rosidl_typesupport_fastrtps_c.h
[0.480s] -- Up-to-date: /home/jinhyuk2me/ros_ws/install/my_first_package_msgs/lib/libmy_first_package_msgs__rosidl_typesupport_fastrtps_c.so
[0.480s] -- Up-to-date: /home/jinhyuk2me/ros_ws/install/my_first_package_msgs/include/my_first_package_msgs/my_first_package_msgs
[0.480s] -- Up-to-date: /home/jinhyuk2me/ros_ws/install/my_first_package_msgs/include/my_first_package_msgs/my_first_package_msgs/srv
[0.480s] -- Up-to-date: /home/jinhyuk2me/ros_ws/install/my_first_package_msgs/include/my_first_package_msgs/my_first_package_msgs/srv/detail
[0.480s] -- Up-to-date: /home/jinhyuk2me/ros_ws/install/my_first_package_msgs/include/my_first_package_msgs/my_first_package_msgs/srv/detail/multi_spawn__rosidl_typesupport_introspection_c.h
[0.480s] -- Up-to-date: /home/jinhyuk2me/ros_ws/install/my_first_package_msgs/include/my_first_package_msgs/my_first_package_msgs/srv/detail/multi_spawn__type_support.c
[0.480s] -- Up-to-date: /home/jinhyuk2me/ros_ws/install/my_first_package_msgs/include/my_first_package_msgs/my_first_package_msgs/msg
[0.480s] -- Up-to-date: /home/jinhyuk2me/ros_ws/install/my_first_package_msgs/include/my_first_package_msgs/my_first_package_msgs/msg/rosidl_typesupport_introspection_c__visibility_control.h
[0.480s] -- Up-to-date: /home/jinhyuk2me/ros_ws/install/my_first_package_msgs/include/my_first_package_msgs/my_first_package_msgs/msg/detail
[0.480s] -- Up-to-date: /home/jinhyuk2me/ros_ws/install/my_first_package_msgs/include/my_first_package_msgs/my_first_package_msgs/msg/detail/cmd_and_pose_vel__rosidl_typesupport_introspection_c.h
[0.480s] -- Up-to-date: /home/jinhyuk2me/ros_ws/install/my_first_package_msgs/include/my_first_package_msgs/my_first_package_msgs/msg/detail/cmd_and_pose_vel__type_support.c
[0.481s] -- Up-to-date: /home/jinhyuk2me/ros_ws/install/my_first_package_msgs/lib/libmy_first_package_msgs__rosidl_typesupport_introspection_c.so
[0.481s] -- Up-to-date: /home/jinhyuk2me/ros_ws/install/my_first_package_msgs/lib/libmy_first_package_msgs__rosidl_typesupport_c.so
[0.481s] -- Up-to-date: /home/jinhyuk2me/ros_ws/install/my_first_package_msgs/include/my_first_package_msgs/my_first_package_msgs
[0.481s] -- Up-to-date: /home/jinhyuk2me/ros_ws/install/my_first_package_msgs/include/my_first_package_msgs/my_first_package_msgs/srv
[0.481s] -- Up-to-date: /home/jinhyuk2me/ros_ws/install/my_first_package_msgs/include/my_first_package_msgs/my_first_package_msgs/srv/multi_spawn.hpp
[0.481s] -- Up-to-date: /home/jinhyuk2me/ros_ws/install/my_first_package_msgs/include/my_first_package_msgs/my_first_package_msgs/srv/detail
[0.481s] -- Up-to-date: /home/jinhyuk2me/ros_ws/install/my_first_package_msgs/include/my_first_package_msgs/my_first_package_msgs/srv/detail/multi_spawn__builder.hpp
[0.481s] -- Up-to-date: /home/jinhyuk2me/ros_ws/install/my_first_package_msgs/include/my_first_package_msgs/my_first_package_msgs/srv/detail/multi_spawn__traits.hpp
[0.481s] -- Up-to-date: /home/jinhyuk2me/ros_ws/install/my_first_package_msgs/include/my_first_package_msgs/my_first_package_msgs/srv/detail/multi_spawn__struct.hpp
[0.481s] -- Up-to-date: /home/jinhyuk2me/ros_ws/install/my_first_package_msgs/include/my_first_package_msgs/my_first_package_msgs/srv/detail/multi_spawn__type_support.hpp
[0.481s] -- Up-to-date: /home/jinhyuk2me/ros_ws/install/my_first_package_msgs/include/my_first_package_msgs/my_first_package_msgs/msg
[0.481s] -- Up-to-date: /home/jinhyuk2me/ros_ws/install/my_first_package_msgs/include/my_first_package_msgs/my_first_package_msgs/msg/cmd_and_pose_vel.hpp
[0.481s] -- Up-to-date: /home/jinhyuk2me/ros_ws/install/my_first_package_msgs/include/my_first_package_msgs/my_first_package_msgs/msg/rosidl_generator_cpp__visibility_control.hpp
[0.481s] -- Up-to-date: /home/jinhyuk2me/ros_ws/install/my_first_package_msgs/include/my_first_package_msgs/my_first_package_msgs/msg/detail
[0.481s] -- Up-to-date: /home/jinhyuk2me/ros_ws/install/my_first_package_msgs/include/my_first_package_msgs/my_first_package_msgs/msg/detail/cmd_and_pose_vel__type_support.hpp
[0.481s] -- Up-to-date: /home/jinhyuk2me/ros_ws/install/my_first_package_msgs/include/my_first_package_msgs/my_first_package_msgs/msg/detail/cmd_and_pose_vel__traits.hpp
[0.481s] -- Up-to-date: /home/jinhyuk2me/ros_ws/install/my_first_package_msgs/include/my_first_package_msgs/my_first_package_msgs/msg/detail/cmd_and_pose_vel__builder.hpp
[0.481s] -- Up-to-date: /home/jinhyuk2me/ros_ws/install/my_first_package_msgs/include/my_first_package_msgs/my_first_package_msgs/msg/detail/cmd_and_pose_vel__struct.hpp
[0.482s] -- Up-to-date: /home/jinhyuk2me/ros_ws/install/my_first_package_msgs/include/my_first_package_msgs/my_first_package_msgs
[0.482s] -- Up-to-date: /home/jinhyuk2me/ros_ws/install/my_first_package_msgs/include/my_first_package_msgs/my_first_package_msgs/srv
[0.482s] -- Up-to-date: /home/jinhyuk2me/ros_ws/install/my_first_package_msgs/include/my_first_package_msgs/my_first_package_msgs/srv/detail
[0.482s] -- Up-to-date: /home/jinhyuk2me/ros_ws/install/my_first_package_msgs/include/my_first_package_msgs/my_first_package_msgs/srv/detail/multi_spawn__rosidl_typesupport_fastrtps_cpp.hpp
[0.482s] -- Up-to-date: /home/jinhyuk2me/ros_ws/install/my_first_package_msgs/include/my_first_package_msgs/my_first_package_msgs/srv/detail/dds_fastrtps
[0.482s] -- Up-to-date: /home/jinhyuk2me/ros_ws/install/my_first_package_msgs/include/my_first_package_msgs/my_first_package_msgs/msg
[0.482s] -- Up-to-date: /home/jinhyuk2me/ros_ws/install/my_first_package_msgs/include/my_first_package_msgs/my_first_package_msgs/msg/detail
[0.482s] -- Up-to-date: /home/jinhyuk2me/ros_ws/install/my_first_package_msgs/include/my_first_package_msgs/my_first_package_msgs/msg/detail/dds_fastrtps
[0.482s] -- Up-to-date: /home/jinhyuk2me/ros_ws/install/my_first_package_msgs/include/my_first_package_msgs/my_first_package_msgs/msg/detail/cmd_and_pose_vel__rosidl_typesupport_fastrtps_cpp.hpp
[0.482s] -- Up-to-date: /home/jinhyuk2me/ros_ws/install/my_first_package_msgs/include/my_first_package_msgs/my_first_package_msgs/msg/rosidl_typesupport_fastrtps_cpp__visibility_control.h
[0.482s] -- Up-to-date: /home/jinhyuk2me/ros_ws/install/my_first_package_msgs/lib/libmy_first_package_msgs__rosidl_typesupport_fastrtps_cpp.so
[0.482s] -- Up-to-date: /home/jinhyuk2me/ros_ws/install/my_first_package_msgs/include/my_first_package_msgs/my_first_package_msgs
[0.482s] -- Up-to-date: /home/jinhyuk2me/ros_ws/install/my_first_package_msgs/include/my_first_package_msgs/my_first_package_msgs/srv
[0.482s] -- Up-to-date: /home/jinhyuk2me/ros_ws/install/my_first_package_msgs/include/my_first_package_msgs/my_first_package_msgs/srv/detail
[0.482s] -- Up-to-date: /home/jinhyuk2me/ros_ws/install/my_first_package_msgs/include/my_first_package_msgs/my_first_package_msgs/srv/detail/multi_spawn__type_support.cpp
[0.482s] -- Up-to-date: /home/jinhyuk2me/ros_ws/install/my_first_package_msgs/include/my_first_package_msgs/my_first_package_msgs/srv/detail/multi_spawn__rosidl_typesupport_introspection_cpp.hpp
[0.482s] -- Up-to-date: /home/jinhyuk2me/ros_ws/install/my_first_package_msgs/include/my_first_package_msgs/my_first_package_msgs/msg
[0.483s] -- Up-to-date: /home/jinhyuk2me/ros_ws/install/my_first_package_msgs/include/my_first_package_msgs/my_first_package_msgs/msg/detail
[0.483s] -- Up-to-date: /home/jinhyuk2me/ros_ws/install/my_first_package_msgs/include/my_first_package_msgs/my_first_package_msgs/msg/detail/cmd_and_pose_vel__rosidl_typesupport_introspection_cpp.hpp
[0.483s] -- Up-to-date: /home/jinhyuk2me/ros_ws/install/my_first_package_msgs/include/my_first_package_msgs/my_first_package_msgs/msg/detail/cmd_and_pose_vel__type_support.cpp
[0.483s] -- Up-to-date: /home/jinhyuk2me/ros_ws/install/my_first_package_msgs/lib/libmy_first_package_msgs__rosidl_typesupport_introspection_cpp.so
[0.483s] -- Up-to-date: /home/jinhyuk2me/ros_ws/install/my_first_package_msgs/lib/libmy_first_package_msgs__rosidl_typesupport_cpp.so
[0.483s] -- Up-to-date: /home/jinhyuk2me/ros_ws/install/my_first_package_msgs/share/my_first_package_msgs/environment/pythonpath.sh
[0.483s] -- Up-to-date: /home/jinhyuk2me/ros_ws/install/my_first_package_msgs/share/my_first_package_msgs/environment/pythonpath.dsv
[0.483s] -- Up-to-date: /home/jinhyuk2me/ros_ws/install/my_first_package_msgs/lib/python3.12/site-packages/my_first_package_msgs-0.0.0-py3.12.egg-info
[0.483s] -- Installing: /home/jinhyuk2me/ros_ws/install/my_first_package_msgs/lib/python3.12/site-packages/my_first_package_msgs-0.0.0-py3.12.egg-info/dependency_links.txt
[0.483s] -- Installing: /home/jinhyuk2me/ros_ws/install/my_first_package_msgs/lib/python3.12/site-packages/my_first_package_msgs-0.0.0-py3.12.egg-info/PKG-INFO
[0.483s] -- Installing: /home/jinhyuk2me/ros_ws/install/my_first_package_msgs/lib/python3.12/site-packages/my_first_package_msgs-0.0.0-py3.12.egg-info/top_level.txt
[0.483s] -- Installing: /home/jinhyuk2me/ros_ws/install/my_first_package_msgs/lib/python3.12/site-packages/my_first_package_msgs-0.0.0-py3.12.egg-info/SOURCES.txt
[0.483s] -- Up-to-date: /home/jinhyuk2me/ros_ws/install/my_first_package_msgs/lib/python3.12/site-packages/my_first_package_msgs
[0.483s] -- Up-to-date: /home/jinhyuk2me/ros_ws/install/my_first_package_msgs/lib/python3.12/site-packages/my_first_package_msgs/my_first_package_msgs_s__rosidl_typesupport_introspection_c.so
[0.483s] -- Up-to-date: /home/jinhyuk2me/ros_ws/install/my_first_package_msgs/lib/python3.12/site-packages/my_first_package_msgs/my_first_package_msgs_s__rosidl_typesupport_fastrtps_c.so
[0.483s] -- Up-to-date: /home/jinhyuk2me/ros_ws/install/my_first_package_msgs/lib/python3.12/site-packages/my_first_package_msgs/srv
[0.483s] -- Up-to-date: /home/jinhyuk2me/ros_ws/install/my_first_package_msgs/lib/python3.12/site-packages/my_first_package_msgs/srv/_multi_spawn_s.c
[0.483s] -- Up-to-date: /home/jinhyuk2me/ros_ws/install/my_first_package_msgs/lib/python3.12/site-packages/my_first_package_msgs/srv/_multi_spawn.py
[0.483s] -- Up-to-date: /home/jinhyuk2me/ros_ws/install/my_first_package_msgs/lib/python3.12/site-packages/my_first_package_msgs/srv/__init__.py
[0.483s] -- Up-to-date: /home/jinhyuk2me/ros_ws/install/my_first_package_msgs/lib/python3.12/site-packages/my_first_package_msgs/_my_first_package_msgs_s.ep.rosidl_typesupport_c.c
[0.483s] -- Up-to-date: /home/jinhyuk2me/ros_ws/install/my_first_package_msgs/lib/python3.12/site-packages/my_first_package_msgs/msg
[0.483s] -- Up-to-date: /home/jinhyuk2me/ros_ws/install/my_first_package_msgs/lib/python3.12/site-packages/my_first_package_msgs/msg/_cmd_and_pose_vel_s.c
[0.483s] -- Up-to-date: /home/jinhyuk2me/ros_ws/install/my_first_package_msgs/lib/python3.12/site-packages/my_first_package_msgs/msg/_cmd_and_pose_vel.py
[0.484s] -- Up-to-date: /home/jinhyuk2me/ros_ws/install/my_first_package_msgs/lib/python3.12/site-packages/my_first_package_msgs/msg/__init__.py
[0.484s] -- Up-to-date: /home/jinhyuk2me/ros_ws/install/my_first_package_msgs/lib/python3.12/site-packages/my_first_package_msgs/my_first_package_msgs_s__rosidl_typesupport_c.so
[0.484s] -- Up-to-date: /home/jinhyuk2me/ros_ws/install/my_first_package_msgs/lib/python3.12/site-packages/my_first_package_msgs/_my_first_package_msgs_s.ep.rosidl_typesupport_introspection_c.c
[0.484s] -- Up-to-date: /home/jinhyuk2me/ros_ws/install/my_first_package_msgs/lib/python3.12/site-packages/my_first_package_msgs/__init__.py
[0.484s] -- Up-to-date: /home/jinhyuk2me/ros_ws/install/my_first_package_msgs/lib/python3.12/site-packages/my_first_package_msgs/_my_first_package_msgs_s.ep.rosidl_typesupport_fastrtps_c.c
[0.508s] Listing '/home/jinhyuk2me/ros_ws/install/my_first_package_msgs/lib/python3.12/site-packages/my_first_package_msgs'...
[0.508s] Listing '/home/jinhyuk2me/ros_ws/install/my_first_package_msgs/lib/python3.12/site-packages/my_first_package_msgs/msg'...
[0.508s] Listing '/home/jinhyuk2me/ros_ws/install/my_first_package_msgs/lib/python3.12/site-packages/my_first_package_msgs/srv'...
[0.512s] -- Up-to-date: /home/jinhyuk2me/ros_ws/install/my_first_package_msgs/lib/python3.12/site-packages/my_first_package_msgs/my_first_package_msgs_s__rosidl_typesupport_fastrtps_c.so
[0.512s] -- Up-to-date: /home/jinhyuk2me/ros_ws/install/my_first_package_msgs/lib/python3.12/site-packages/my_first_package_msgs/my_first_package_msgs_s__rosidl_typesupport_introspection_c.so
[0.512s] -- Up-to-date: /home/jinhyuk2me/ros_ws/install/my_first_package_msgs/lib/python3.12/site-packages/my_first_package_msgs/my_first_package_msgs_s__rosidl_typesupport_c.so
[0.512s] -- Up-to-date: /home/jinhyuk2me/ros_ws/install/my_first_package_msgs/lib/libmy_first_package_msgs__rosidl_generator_py.so
[0.513s] -- Up-to-date: /home/jinhyuk2me/ros_ws/install/my_first_package_msgs/share/my_first_package_msgs/msg/CmdAndPoseVel.idl
[0.513s] -- Up-to-date: /home/jinhyuk2me/ros_ws/install/my_first_package_msgs/share/my_first_package_msgs/srv/MultiSpawn.idl
[0.513s] -- Up-to-date: /home/jinhyuk2me/ros_ws/install/my_first_package_msgs/share/my_first_package_msgs/msg/CmdAndPoseVel.msg
[0.513s] -- Up-to-date: /home/jinhyuk2me/ros_ws/install/my_first_package_msgs/share/my_first_package_msgs/srv/MultiSpawn.srv
[0.513s] -- Up-to-date: /home/jinhyuk2me/ros_ws/install/my_first_package_msgs/share/ament_index/resource_index/package_run_dependencies/my_first_package_msgs
[0.513s] -- Up-to-date: /home/jinhyuk2me/ros_ws/install/my_first_package_msgs/share/ament_index/resource_index/parent_prefix_path/my_first_package_msgs
[0.513s] -- Up-to-date: /home/jinhyuk2me/ros_ws/install/my_first_package_msgs/share/my_first_package_msgs/environment/ament_prefix_path.sh
[0.513s] -- Up-to-date: /home/jinhyuk2me/ros_ws/install/my_first_package_msgs/share/my_first_package_msgs/environment/ament_prefix_path.dsv
[0.513s] -- Up-to-date: /home/jinhyuk2me/ros_ws/install/my_first_package_msgs/share/my_first_package_msgs/environment/path.sh
[0.513s] -- Up-to-date: /home/jinhyuk2me/ros_ws/install/my_first_package_msgs/share/my_first_package_msgs/environment/path.dsv
[0.513s] -- Up-to-date: /home/jinhyuk2me/ros_ws/install/my_first_package_msgs/share/my_first_package_msgs/local_setup.bash
[0.513s] -- Up-to-date: /home/jinhyuk2me/ros_ws/install/my_first_package_msgs/share/my_first_package_msgs/local_setup.sh
[0.513s] -- Up-to-date: /home/jinhyuk2me/ros_ws/install/my_first_package_msgs/share/my_first_package_msgs/local_setup.zsh
[0.513s] -- Up-to-date: /home/jinhyuk2me/ros_ws/install/my_first_package_msgs/share/my_first_package_msgs/local_setup.dsv
[0.513s] -- Installing: /home/jinhyuk2me/ros_ws/install/my_first_package_msgs/share/my_first_package_msgs/package.dsv
[0.513s] -- Up-to-date: /home/jinhyuk2me/ros_ws/install/my_first_package_msgs/share/ament_index/resource_index/packages/my_first_package_msgs
[0.514s] -- Up-to-date: /home/jinhyuk2me/ros_ws/install/my_first_package_msgs/share/my_first_package_msgs/cmake/export_my_first_package_msgs__rosidl_generator_cExport.cmake
[0.514s] -- Up-to-date: /home/jinhyuk2me/ros_ws/install/my_first_package_msgs/share/my_first_package_msgs/cmake/export_my_first_package_msgs__rosidl_generator_cExport-noconfig.cmake
[0.514s] -- Up-to-date: /home/jinhyuk2me/ros_ws/install/my_first_package_msgs/share/my_first_package_msgs/cmake/export_my_first_package_msgs__rosidl_typesupport_fastrtps_cExport.cmake
[0.514s] -- Up-to-date: /home/jinhyuk2me/ros_ws/install/my_first_package_msgs/share/my_first_package_msgs/cmake/export_my_first_package_msgs__rosidl_typesupport_fastrtps_cExport-noconfig.cmake
[0.514s] -- Up-to-date: /home/jinhyuk2me/ros_ws/install/my_first_package_msgs/share/my_first_package_msgs/cmake/my_first_package_msgs__rosidl_typesupport_introspection_cExport.cmake
[0.514s] -- Up-to-date: /home/jinhyuk2me/ros_ws/install/my_first_package_msgs/share/my_first_package_msgs/cmake/my_first_package_msgs__rosidl_typesupport_introspection_cExport-noconfig.cmake
[0.514s] -- Up-to-date: /home/jinhyuk2me/ros_ws/install/my_first_package_msgs/share/my_first_package_msgs/cmake/my_first_package_msgs__rosidl_typesupport_cExport.cmake
[0.514s] -- Up-to-date: /home/jinhyuk2me/ros_ws/install/my_first_package_msgs/share/my_first_package_msgs/cmake/my_first_package_msgs__rosidl_typesupport_cExport-noconfig.cmake
[0.514s] -- Up-to-date: /home/jinhyuk2me/ros_ws/install/my_first_package_msgs/share/my_first_package_msgs/cmake/export_my_first_package_msgs__rosidl_generator_cppExport.cmake
[0.514s] -- Up-to-date: /home/jinhyuk2me/ros_ws/install/my_first_package_msgs/share/my_first_package_msgs/cmake/export_my_first_package_msgs__rosidl_typesupport_fastrtps_cppExport.cmake
[0.514s] -- Up-to-date: /home/jinhyuk2me/ros_ws/install/my_first_package_msgs/share/my_first_package_msgs/cmake/export_my_first_package_msgs__rosidl_typesupport_fastrtps_cppExport-noconfig.cmake
[0.514s] -- Up-to-date: /home/jinhyuk2me/ros_ws/install/my_first_package_msgs/share/my_first_package_msgs/cmake/my_first_package_msgs__rosidl_typesupport_introspection_cppExport.cmake
[0.514s] -- Up-to-date: /home/jinhyuk2me/ros_ws/install/my_first_package_msgs/share/my_first_package_msgs/cmake/my_first_package_msgs__rosidl_typesupport_introspection_cppExport-noconfig.cmake
[0.514s] -- Up-to-date: /home/jinhyuk2me/ros_ws/install/my_first_package_msgs/share/my_first_package_msgs/cmake/my_first_package_msgs__rosidl_typesupport_cppExport.cmake
[0.514s] -- Up-to-date: /home/jinhyuk2me/ros_ws/install/my_first_package_msgs/share/my_first_package_msgs/cmake/my_first_package_msgs__rosidl_typesupport_cppExport-noconfig.cmake
[0.514s] -- Up-to-date: /home/jinhyuk2me/ros_ws/install/my_first_package_msgs/share/my_first_package_msgs/cmake/export_my_first_package_msgs__rosidl_generator_pyExport.cmake
[0.514s] -- Up-to-date: /home/jinhyuk2me/ros_ws/install/my_first_package_msgs/share/my_first_package_msgs/cmake/export_my_first_package_msgs__rosidl_generator_pyExport-noconfig.cmake
[0.514s] -- Up-to-date: /home/jinhyuk2me/ros_ws/install/my_first_package_msgs/share/my_first_package_msgs/cmake/rosidl_cmake-extras.cmake
[0.514s] -- Up-to-date: /home/jinhyuk2me/ros_ws/install/my_first_package_msgs/share/my_first_package_msgs/cmake/ament_cmake_export_dependencies-extras.cmake
[0.515s] -- Up-to-date: /home/jinhyuk2me/ros_ws/install/my_first_package_msgs/share/my_first_package_msgs/cmake/ament_cmake_export_include_directories-extras.cmake
[0.515s] -- Up-to-date: /home/jinhyuk2me/ros_ws/install/my_first_package_msgs/share/my_first_package_msgs/cmake/ament_cmake_export_libraries-extras.cmake
[0.515s] -- Up-to-date: /home/jinhyuk2me/ros_ws/install/my_first_package_msgs/share/my_first_package_msgs/cmake/ament_cmake_export_targets-extras.cmake
[0.515s] -- Up-to-date: /home/jinhyuk2me/ros_ws/install/my_first_package_msgs/share/my_first_package_msgs/cmake/rosidl_cmake_export_typesupport_targets-extras.cmake
[0.515s] -- Up-to-date: /home/jinhyuk2me/ros_ws/install/my_first_package_msgs/share/my_first_package_msgs/cmake/rosidl_cmake_export_typesupport_libraries-extras.cmake
[0.515s] -- Up-to-date: /home/jinhyuk2me/ros_ws/install/my_first_package_msgs/share/my_first_package_msgs/cmake/my_first_package_msgsConfig.cmake
[0.515s] -- Up-to-date: /home/jinhyuk2me/ros_ws/install/my_first_package_msgs/share/my_first_package_msgs/cmake/my_first_package_msgsConfig-version.cmake
[0.515s] -- Up-to-date: /home/jinhyuk2me/ros_ws/install/my_first_package_msgs/share/my_first_package_msgs/package.xml
[0.516s] Invoked command in '/home/jinhyuk2me/ros_ws/build/my_first_package_msgs' returned '0': CMAKE_PREFIX_PATH=${CMAKE_PREFIX_PATH}:/home/jinhyuk2me/ros_ws/install/my_first_package:/opt/ros/jazzy DEBUGINFOD_URLS=https://debuginfod.ubuntu.com PS1=(ros_venv) \[\e]0;\u@\h: \w\a\]${debian_chroot:+($debian_chroot)}\[\033[01;32m\]\u@\h\[\033[00m\]:\[\033[01;34m\]\w\[\033[00m\]\$ VIRTUAL_ENV_PROMPT=(ros_venv) /usr/bin/cmake --install /home/jinhyuk2me/ros_ws/build/my_first_package_msgs
