[0.171s] Invoking command in '/home/jinhyuk2me/ros_ws/build/my_first_package_msgs': CMAKE_PREFIX_PATH=${CMAKE_PREFIX_PATH}:/home/jinhyuk2me/ros_ws/install/my_first_package:/opt/ros/jazzy DEBUGINFOD_URLS=https://debuginfod.ubuntu.com VIRTUAL_ENV_PROMPT=(ros_venv) /usr/bin/cmake /home/jinhyuk2me/ros_ws/src/my_first_package_msgs -DCMAKE_INSTALL_PREFIX=/home/jinhyuk2me/ros_ws/install/my_first_package_msgs
[0.226s] -- The C compiler identification is GNU 13.3.0
[0.280s] -- The CXX compiler identification is GNU 13.3.0
[0.299s] -- Detecting C compiler ABI info
[0.395s] -- Detecting C compiler ABI info - done
[0.403s] -- Check for working C compiler: /usr/bin/cc - skipped
[0.403s] -- Detecting C compile features
[0.403s] -- Detecting C compile features - done
[0.416s] -- Detecting CXX compiler ABI info
[0.521s] -- Detecting CXX compiler ABI info - done
[0.529s] -- Check for working CXX compiler: /usr/bin/c++ - skipped
[0.529s] -- Detecting CXX compile features
[0.530s] -- Detecting CXX compile features - done
[0.532s] -- Found ament_cmake: 2.5.4 (/opt/ros/jazzy/share/ament_cmake/cmake)
[0.631s] -- Found Python3: /home/jinhyuk2me/venv/ros_venv/bin/python3 (found version "3.12.3") found components: Interpreter 
[0.715s] -- Found rosidl_default_generators: 1.6.0 (/opt/ros/jazzy/share/rosidl_default_generators/cmake)
[0.719s] -- Using all available rosidl_typesupport_c: rosidl_typesupport_fastrtps_c;rosidl_typesupport_introspection_c
[0.760s] -- Using all available rosidl_typesupport_cpp: rosidl_typesupport_fastrtps_cpp;rosidl_typesupport_introspection_cpp
[0.795s] -- Found rosidl_adapter: 4.6.6 (/opt/ros/jazzy/share/rosidl_adapter/cmake)
[1.220s] -- Found ament_cmake_ros: 0.12.0 (/opt/ros/jazzy/share/ament_cmake_ros/cmake)
[1.510s] -- Using all available rosidl_typesupport_c: rosidl_typesupport_fastrtps_c;rosidl_typesupport_introspection_c
[1.890s] -- Using all available rosidl_typesupport_cpp: rosidl_typesupport_fastrtps_cpp;rosidl_typesupport_introspection_cpp
[1.892s] -- Found python_cmake_module: 0.11.1 (/opt/ros/jazzy/share/python_cmake_module/cmake)
[1.989s] -- Found PythonExtra: /home/jinhyuk2me/venv/ros_venv/bin/python3  
[2.354s] -- Found Python3: /home/jinhyuk2me/venv/ros_venv/bin/python3 (found version "3.12.3") found components: Interpreter Development NumPy Development.Module Development.Embed 
[2.379s] -- Found ament_lint_auto: 0.17.3 (/opt/ros/jazzy/share/ament_lint_auto/cmake)
[2.394s] -- Added test 'lint_cmake' to check CMake code style
[2.395s] -- Added test 'xmllint' to check XML markup files
[2.398s] -- Configuring done (2.2s)
[2.426s] -- Generating done (0.0s)
[2.435s] -- Build files have been written to: /home/jinhyuk2me/ros_ws/build/my_first_package_msgs
[2.441s] Invoked command in '/home/jinhyuk2me/ros_ws/build/my_first_package_msgs' returned '0': CMAKE_PREFIX_PATH=${CMAKE_PREFIX_PATH}:/home/jinhyuk2me/ros_ws/install/my_first_package:/opt/ros/jazzy DEBUGINFOD_URLS=https://debuginfod.ubuntu.com VIRTUAL_ENV_PROMPT=(ros_venv) /usr/bin/cmake /home/jinhyuk2me/ros_ws/src/my_first_package_msgs -DCMAKE_INSTALL_PREFIX=/home/jinhyuk2me/ros_ws/install/my_first_package_msgs
[2.442s] Invoking command in '/home/jinhyuk2me/ros_ws/build/my_first_package_msgs': CMAKE_PREFIX_PATH=${CMAKE_PREFIX_PATH}:/home/jinhyuk2me/ros_ws/install/my_first_package:/opt/ros/jazzy DEBUGINFOD_URLS=https://debuginfod.ubuntu.com VIRTUAL_ENV_PROMPT=(ros_venv) /usr/bin/cmake --build /home/jinhyuk2me/ros_ws/build/my_first_package_msgs -- -j12 -l12
[2.497s] [  2%] [34m[1mGenerating type hashes for ROS interfaces[0m
[2.510s] [  2%] Built target ament_cmake_python_copy_my_first_package_msgs
[2.648s] [  2%] Built target my_first_package_msgs__rosidl_generator_type_description
[2.661s] [  5%] [34m[1mGenerating C code for ROS interfaces[0m
[2.677s] [  8%] [34m[1mGenerating C++ code for ROS interfaces[0m
[2.689s] running egg_info
[2.703s] creating my_first_package_msgs.egg-info
[2.703s] writing my_first_package_msgs.egg-info/PKG-INFO
[2.703s] writing dependency_links to my_first_package_msgs.egg-info/dependency_links.txt
[2.703s] writing top-level names to my_first_package_msgs.egg-info/top_level.txt
[2.703s] writing manifest file 'my_first_package_msgs.egg-info/SOURCES.txt'
[2.746s] reading manifest file 'my_first_package_msgs.egg-info/SOURCES.txt'
[2.746s] writing manifest file 'my_first_package_msgs.egg-info/SOURCES.txt'
[2.773s] [  8%] Built target ament_cmake_python_build_my_first_package_msgs_egg
[2.878s] [  8%] Built target my_first_package_msgs__cpp
[2.893s] [ 14%] [32mBuilding C object CMakeFiles/my_first_package_msgs__rosidl_generator_c.dir/rosidl_generator_c/my_first_package_msgs/msg/detail/cmd_and_pose_vel__description.c.o[0m
[2.893s] [ 14%] [32mBuilding C object CMakeFiles/my_first_package_msgs__rosidl_generator_c.dir/rosidl_generator_c/my_first_package_msgs/msg/detail/cmd_and_pose_vel__functions.c.o[0m
[2.893s] [ 17%] [32mBuilding C object CMakeFiles/my_first_package_msgs__rosidl_generator_c.dir/rosidl_generator_c/my_first_package_msgs/msg/detail/cmd_and_pose_vel__type_support.c.o[0m
[2.938s] [ 20%] [32m[1mLinking C shared library libmy_first_package_msgs__rosidl_generator_c.so[0m
[2.974s] [ 20%] Built target my_first_package_msgs__rosidl_generator_c
[2.989s] [ 23%] [34m[1mGenerating C++ introspection for ROS interfaces[0m
[2.990s] [ 26%] [34m[1mGenerating C++ type support for eProsima Fast-RTPS[0m
[2.991s] [ 29%] [34m[1mGenerating C++ type support dispatch for ROS interfaces[0m
[2.992s] [ 32%] [34m[1mGenerating C introspection for ROS interfaces[0m
[2.992s] [ 35%] [34m[1mGenerating C type support for eProsima Fast-RTPS[0m
[2.994s] [ 38%] [34m[1mGenerating C type support dispatch for ROS interfaces[0m
[3.242s] [ 41%] [32mBuilding CXX object CMakeFiles/my_first_package_msgs__rosidl_typesupport_c.dir/rosidl_typesupport_c/my_first_package_msgs/msg/cmd_and_pose_vel__type_support.cpp.o[0m
[3.253s] [ 44%] [32mBuilding CXX object CMakeFiles/my_first_package_msgs__rosidl_typesupport_cpp.dir/rosidl_typesupport_cpp/my_first_package_msgs/msg/cmd_and_pose_vel__type_support.cpp.o[0m
[3.254s] [ 47%] [32mBuilding CXX object CMakeFiles/my_first_package_msgs__rosidl_typesupport_introspection_cpp.dir/rosidl_typesupport_introspection_cpp/my_first_package_msgs/msg/detail/cmd_and_pose_vel__type_support.cpp.o[0m
[3.268s] [ 50%] [32mBuilding C object CMakeFiles/my_first_package_msgs__rosidl_typesupport_introspection_c.dir/rosidl_typesupport_introspection_c/my_first_package_msgs/msg/detail/cmd_and_pose_vel__type_support.c.o[0m
[3.286s] [ 52%] [32mBuilding CXX object CMakeFiles/my_first_package_msgs__rosidl_typesupport_fastrtps_c.dir/rosidl_typesupport_fastrtps_c/my_first_package_msgs/msg/detail/cmd_and_pose_vel__type_support_c.cpp.o[0m
[3.293s] [ 55%] [32m[1mLinking CXX shared library libmy_first_package_msgs__rosidl_typesupport_c.so[0m
[3.296s] [ 58%] [32mBuilding CXX object CMakeFiles/my_first_package_msgs__rosidl_typesupport_fastrtps_cpp.dir/rosidl_typesupport_fastrtps_cpp/my_first_package_msgs/msg/detail/dds_fastrtps/cmd_and_pose_vel__type_support.cpp.o[0m
[3.313s] [ 61%] [32m[1mLinking C shared library libmy_first_package_msgs__rosidl_typesupport_introspection_c.so[0m
[3.343s] [ 61%] Built target my_first_package_msgs__rosidl_typesupport_c
[3.355s] [ 61%] Built target my_first_package_msgs__rosidl_typesupport_introspection_c
[3.519s] [ 64%] [32m[1mLinking CXX shared library libmy_first_package_msgs__rosidl_typesupport_cpp.so[0m
[3.524s] [ 67%] [32m[1mLinking CXX shared library libmy_first_package_msgs__rosidl_typesupport_introspection_cpp.so[0m
[3.568s] [ 67%] Built target my_first_package_msgs__rosidl_typesupport_introspection_cpp
[3.568s] [ 67%] Built target my_first_package_msgs__rosidl_typesupport_cpp
[3.661s] [ 70%] [32m[1mLinking CXX shared library libmy_first_package_msgs__rosidl_typesupport_fastrtps_c.so[0m
[3.677s] [ 73%] [32m[1mLinking CXX shared library libmy_first_package_msgs__rosidl_typesupport_fastrtps_cpp.so[0m
[3.711s] [ 73%] Built target my_first_package_msgs__rosidl_typesupport_fastrtps_c
[3.725s] [ 73%] Built target my_first_package_msgs__rosidl_typesupport_fastrtps_cpp
[3.750s] [ 73%] Built target my_first_package_msgs
[3.773s] [ 76%] [34m[1mGenerating Python code for ROS interfaces[0m
[4.024s] [ 76%] Built target my_first_package_msgs__py
[4.050s] [ 79%] [32mBuilding C object CMakeFiles/my_first_package_msgs__rosidl_generator_py.dir/rosidl_generator_py/my_first_package_msgs/msg/_cmd_and_pose_vel_s.c.o[0m
[4.154s] [ 82%] [32m[1mLinking C shared library libmy_first_package_msgs__rosidl_generator_py.so[0m
[4.195s] [ 82%] Built target my_first_package_msgs__rosidl_generator_py
[4.221s] [ 85%] [32mBuilding C object CMakeFiles/my_first_package_msgs_s__rosidl_typesupport_c.dir/rosidl_generator_py/my_first_package_msgs/_my_first_package_msgs_s.ep.rosidl_typesupport_c.c.o[0m
[4.221s] [ 88%] [32mBuilding C object CMakeFiles/my_first_package_msgs_s__rosidl_typesupport_introspection_c.dir/rosidl_generator_py/my_first_package_msgs/_my_first_package_msgs_s.ep.rosidl_typesupport_introspection_c.c.o[0m
[4.221s] [ 91%] [32mBuilding C object CMakeFiles/my_first_package_msgs_s__rosidl_typesupport_fastrtps_c.dir/rosidl_generator_py/my_first_package_msgs/_my_first_package_msgs_s.ep.rosidl_typesupport_fastrtps_c.c.o[0m
[4.304s] [ 97%] [32m[1mLinking C shared module rosidl_generator_py/my_first_package_msgs/my_first_package_msgs_s__rosidl_typesupport_introspection_c.so[0m
[4.304s] [ 97%] [32m[1mLinking C shared module rosidl_generator_py/my_first_package_msgs/my_first_package_msgs_s__rosidl_typesupport_c.so[0m
[4.310s] [100%] [32m[1mLinking C shared module rosidl_generator_py/my_first_package_msgs/my_first_package_msgs_s__rosidl_typesupport_fastrtps_c.so[0m
[4.341s] [100%] Built target my_first_package_msgs_s__rosidl_typesupport_c
[4.342s] [100%] Built target my_first_package_msgs_s__rosidl_typesupport_introspection_c
[4.345s] [100%] Built target my_first_package_msgs_s__rosidl_typesupport_fastrtps_c
[4.358s] Invoked command in '/home/jinhyuk2me/ros_ws/build/my_first_package_msgs' returned '0': CMAKE_PREFIX_PATH=${CMAKE_PREFIX_PATH}:/home/jinhyuk2me/ros_ws/install/my_first_package:/opt/ros/jazzy DEBUGINFOD_URLS=https://debuginfod.ubuntu.com VIRTUAL_ENV_PROMPT=(ros_venv) /usr/bin/cmake --build /home/jinhyuk2me/ros_ws/build/my_first_package_msgs -- -j12 -l12
[4.368s] Invoking command in '/home/jinhyuk2me/ros_ws/build/my_first_package_msgs': CMAKE_PREFIX_PATH=${CMAKE_PREFIX_PATH}:/home/jinhyuk2me/ros_ws/install/my_first_package:/opt/ros/jazzy DEBUGINFOD_URLS=https://debuginfod.ubuntu.com VIRTUAL_ENV_PROMPT=(ros_venv) /usr/bin/cmake --install /home/jinhyuk2me/ros_ws/build/my_first_package_msgs
[4.377s] -- Install configuration: ""
[4.377s] -- Installing: /home/jinhyuk2me/ros_ws/install/my_first_package_msgs/share/ament_index/resource_index/rosidl_interfaces/my_first_package_msgs
[4.377s] -- Installing: /home/jinhyuk2me/ros_ws/install/my_first_package_msgs/share/my_first_package_msgs/msg/CmdAndPoseVel.json
[4.377s] -- Installing: /home/jinhyuk2me/ros_ws/install/my_first_package_msgs/include/my_first_package_msgs/my_first_package_msgs
[4.377s] -- Installing: /home/jinhyuk2me/ros_ws/install/my_first_package_msgs/include/my_first_package_msgs/my_first_package_msgs/msg
[4.377s] -- Installing: /home/jinhyuk2me/ros_ws/install/my_first_package_msgs/include/my_first_package_msgs/my_first_package_msgs/msg/rosidl_generator_c__visibility_control.h
[4.377s] -- Installing: /home/jinhyuk2me/ros_ws/install/my_first_package_msgs/include/my_first_package_msgs/my_first_package_msgs/msg/cmd_and_pose_vel.h
[4.377s] -- Installing: /home/jinhyuk2me/ros_ws/install/my_first_package_msgs/include/my_first_package_msgs/my_first_package_msgs/msg/detail
[4.377s] -- Installing: /home/jinhyuk2me/ros_ws/install/my_first_package_msgs/include/my_first_package_msgs/my_first_package_msgs/msg/detail/cmd_and_pose_vel__type_support.c
[4.378s] -- Installing: /home/jinhyuk2me/ros_ws/install/my_first_package_msgs/include/my_first_package_msgs/my_first_package_msgs/msg/detail/cmd_and_pose_vel__functions.c
[4.378s] -- Installing: /home/jinhyuk2me/ros_ws/install/my_first_package_msgs/include/my_first_package_msgs/my_first_package_msgs/msg/detail/cmd_and_pose_vel__functions.h
[4.378s] -- Installing: /home/jinhyuk2me/ros_ws/install/my_first_package_msgs/include/my_first_package_msgs/my_first_package_msgs/msg/detail/cmd_and_pose_vel__struct.h
[4.378s] -- Installing: /home/jinhyuk2me/ros_ws/install/my_first_package_msgs/include/my_first_package_msgs/my_first_package_msgs/msg/detail/cmd_and_pose_vel__type_support.h
[4.378s] -- Installing: /home/jinhyuk2me/ros_ws/install/my_first_package_msgs/include/my_first_package_msgs/my_first_package_msgs/msg/detail/cmd_and_pose_vel__description.c
[4.378s] -- Installing: /home/jinhyuk2me/ros_ws/install/my_first_package_msgs/share/my_first_package_msgs/environment/library_path.sh
[4.378s] -- Installing: /home/jinhyuk2me/ros_ws/install/my_first_package_msgs/share/my_first_package_msgs/environment/library_path.dsv
[4.378s] -- Installing: /home/jinhyuk2me/ros_ws/install/my_first_package_msgs/lib/libmy_first_package_msgs__rosidl_generator_c.so
[4.379s] -- Set non-toolchain portion of runtime path of "/home/jinhyuk2me/ros_ws/install/my_first_package_msgs/lib/libmy_first_package_msgs__rosidl_generator_c.so" to ""
[4.379s] -- Up-to-date: /home/jinhyuk2me/ros_ws/install/my_first_package_msgs/include/my_first_package_msgs/my_first_package_msgs
[4.379s] -- Up-to-date: /home/jinhyuk2me/ros_ws/install/my_first_package_msgs/include/my_first_package_msgs/my_first_package_msgs/msg
[4.379s] -- Installing: /home/jinhyuk2me/ros_ws/install/my_first_package_msgs/include/my_first_package_msgs/my_first_package_msgs/msg/rosidl_typesupport_fastrtps_c__visibility_control.h
[4.379s] -- Up-to-date: /home/jinhyuk2me/ros_ws/install/my_first_package_msgs/include/my_first_package_msgs/my_first_package_msgs/msg/detail
[4.379s] -- Installing: /home/jinhyuk2me/ros_ws/install/my_first_package_msgs/include/my_first_package_msgs/my_first_package_msgs/msg/detail/cmd_and_pose_vel__rosidl_typesupport_fastrtps_c.h
[4.379s] -- Installing: /home/jinhyuk2me/ros_ws/install/my_first_package_msgs/lib/libmy_first_package_msgs__rosidl_typesupport_fastrtps_c.so
[4.380s] -- Set non-toolchain portion of runtime path of "/home/jinhyuk2me/ros_ws/install/my_first_package_msgs/lib/libmy_first_package_msgs__rosidl_typesupport_fastrtps_c.so" to ""
[4.380s] -- Up-to-date: /home/jinhyuk2me/ros_ws/install/my_first_package_msgs/include/my_first_package_msgs/my_first_package_msgs
[4.380s] -- Up-to-date: /home/jinhyuk2me/ros_ws/install/my_first_package_msgs/include/my_first_package_msgs/my_first_package_msgs/msg
[4.380s] -- Installing: /home/jinhyuk2me/ros_ws/install/my_first_package_msgs/include/my_first_package_msgs/my_first_package_msgs/msg/rosidl_typesupport_introspection_c__visibility_control.h
[4.380s] -- Up-to-date: /home/jinhyuk2me/ros_ws/install/my_first_package_msgs/include/my_first_package_msgs/my_first_package_msgs/msg/detail
[4.380s] -- Installing: /home/jinhyuk2me/ros_ws/install/my_first_package_msgs/include/my_first_package_msgs/my_first_package_msgs/msg/detail/cmd_and_pose_vel__rosidl_typesupport_introspection_c.h
[4.380s] -- Up-to-date: /home/jinhyuk2me/ros_ws/install/my_first_package_msgs/include/my_first_package_msgs/my_first_package_msgs/msg/detail/cmd_and_pose_vel__type_support.c
[4.380s] -- Installing: /home/jinhyuk2me/ros_ws/install/my_first_package_msgs/lib/libmy_first_package_msgs__rosidl_typesupport_introspection_c.so
[4.380s] -- Set non-toolchain portion of runtime path of "/home/jinhyuk2me/ros_ws/install/my_first_package_msgs/lib/libmy_first_package_msgs__rosidl_typesupport_introspection_c.so" to ""
[4.380s] -- Installing: /home/jinhyuk2me/ros_ws/install/my_first_package_msgs/lib/libmy_first_package_msgs__rosidl_typesupport_c.so
[4.381s] -- Set non-toolchain portion of runtime path of "/home/jinhyuk2me/ros_ws/install/my_first_package_msgs/lib/libmy_first_package_msgs__rosidl_typesupport_c.so" to ""
[4.381s] -- Up-to-date: /home/jinhyuk2me/ros_ws/install/my_first_package_msgs/include/my_first_package_msgs/my_first_package_msgs
[4.381s] -- Up-to-date: /home/jinhyuk2me/ros_ws/install/my_first_package_msgs/include/my_first_package_msgs/my_first_package_msgs/msg
[4.381s] -- Installing: /home/jinhyuk2me/ros_ws/install/my_first_package_msgs/include/my_first_package_msgs/my_first_package_msgs/msg/cmd_and_pose_vel.hpp
[4.381s] -- Installing: /home/jinhyuk2me/ros_ws/install/my_first_package_msgs/include/my_first_package_msgs/my_first_package_msgs/msg/rosidl_generator_cpp__visibility_control.hpp
[4.381s] -- Up-to-date: /home/jinhyuk2me/ros_ws/install/my_first_package_msgs/include/my_first_package_msgs/my_first_package_msgs/msg/detail
[4.381s] -- Installing: /home/jinhyuk2me/ros_ws/install/my_first_package_msgs/include/my_first_package_msgs/my_first_package_msgs/msg/detail/cmd_and_pose_vel__type_support.hpp
[4.381s] -- Installing: /home/jinhyuk2me/ros_ws/install/my_first_package_msgs/include/my_first_package_msgs/my_first_package_msgs/msg/detail/cmd_and_pose_vel__traits.hpp
[4.381s] -- Installing: /home/jinhyuk2me/ros_ws/install/my_first_package_msgs/include/my_first_package_msgs/my_first_package_msgs/msg/detail/cmd_and_pose_vel__builder.hpp
[4.381s] -- Installing: /home/jinhyuk2me/ros_ws/install/my_first_package_msgs/include/my_first_package_msgs/my_first_package_msgs/msg/detail/cmd_and_pose_vel__struct.hpp
[4.381s] -- Up-to-date: /home/jinhyuk2me/ros_ws/install/my_first_package_msgs/include/my_first_package_msgs/my_first_package_msgs
[4.381s] -- Up-to-date: /home/jinhyuk2me/ros_ws/install/my_first_package_msgs/include/my_first_package_msgs/my_first_package_msgs/msg
[4.381s] -- Up-to-date: /home/jinhyuk2me/ros_ws/install/my_first_package_msgs/include/my_first_package_msgs/my_first_package_msgs/msg/detail
[4.381s] -- Installing: /home/jinhyuk2me/ros_ws/install/my_first_package_msgs/include/my_first_package_msgs/my_first_package_msgs/msg/detail/dds_fastrtps
[4.382s] -- Installing: /home/jinhyuk2me/ros_ws/install/my_first_package_msgs/include/my_first_package_msgs/my_first_package_msgs/msg/detail/cmd_and_pose_vel__rosidl_typesupport_fastrtps_cpp.hpp
[4.382s] -- Installing: /home/jinhyuk2me/ros_ws/install/my_first_package_msgs/include/my_first_package_msgs/my_first_package_msgs/msg/rosidl_typesupport_fastrtps_cpp__visibility_control.h
[4.382s] -- Installing: /home/jinhyuk2me/ros_ws/install/my_first_package_msgs/lib/libmy_first_package_msgs__rosidl_typesupport_fastrtps_cpp.so
[4.382s] -- Set non-toolchain portion of runtime path of "/home/jinhyuk2me/ros_ws/install/my_first_package_msgs/lib/libmy_first_package_msgs__rosidl_typesupport_fastrtps_cpp.so" to ""
[4.382s] -- Up-to-date: /home/jinhyuk2me/ros_ws/install/my_first_package_msgs/include/my_first_package_msgs/my_first_package_msgs
[4.382s] -- Up-to-date: /home/jinhyuk2me/ros_ws/install/my_first_package_msgs/include/my_first_package_msgs/my_first_package_msgs/msg
[4.382s] -- Up-to-date: /home/jinhyuk2me/ros_ws/install/my_first_package_msgs/include/my_first_package_msgs/my_first_package_msgs/msg/detail
[4.382s] -- Installing: /home/jinhyuk2me/ros_ws/install/my_first_package_msgs/include/my_first_package_msgs/my_first_package_msgs/msg/detail/cmd_and_pose_vel__rosidl_typesupport_introspection_cpp.hpp
[4.382s] -- Installing: /home/jinhyuk2me/ros_ws/install/my_first_package_msgs/include/my_first_package_msgs/my_first_package_msgs/msg/detail/cmd_and_pose_vel__type_support.cpp
[4.382s] -- Installing: /home/jinhyuk2me/ros_ws/install/my_first_package_msgs/lib/libmy_first_package_msgs__rosidl_typesupport_introspection_cpp.so
[4.383s] -- Set non-toolchain portion of runtime path of "/home/jinhyuk2me/ros_ws/install/my_first_package_msgs/lib/libmy_first_package_msgs__rosidl_typesupport_introspection_cpp.so" to ""
[4.383s] -- Installing: /home/jinhyuk2me/ros_ws/install/my_first_package_msgs/lib/libmy_first_package_msgs__rosidl_typesupport_cpp.so
[4.383s] -- Set non-toolchain portion of runtime path of "/home/jinhyuk2me/ros_ws/install/my_first_package_msgs/lib/libmy_first_package_msgs__rosidl_typesupport_cpp.so" to ""
[4.383s] -- Installing: /home/jinhyuk2me/ros_ws/install/my_first_package_msgs/share/my_first_package_msgs/environment/pythonpath.sh
[4.383s] -- Installing: /home/jinhyuk2me/ros_ws/install/my_first_package_msgs/share/my_first_package_msgs/environment/pythonpath.dsv
[4.383s] -- Installing: /home/jinhyuk2me/ros_ws/install/my_first_package_msgs/lib/python3.12/site-packages/my_first_package_msgs-0.0.0-py3.12.egg-info
[4.383s] -- Installing: /home/jinhyuk2me/ros_ws/install/my_first_package_msgs/lib/python3.12/site-packages/my_first_package_msgs-0.0.0-py3.12.egg-info/dependency_links.txt
[4.383s] -- Installing: /home/jinhyuk2me/ros_ws/install/my_first_package_msgs/lib/python3.12/site-packages/my_first_package_msgs-0.0.0-py3.12.egg-info/PKG-INFO
[4.384s] -- Installing: /home/jinhyuk2me/ros_ws/install/my_first_package_msgs/lib/python3.12/site-packages/my_first_package_msgs-0.0.0-py3.12.egg-info/top_level.txt
[4.384s] -- Installing: /home/jinhyuk2me/ros_ws/install/my_first_package_msgs/lib/python3.12/site-packages/my_first_package_msgs-0.0.0-py3.12.egg-info/SOURCES.txt
[4.384s] -- Installing: /home/jinhyuk2me/ros_ws/install/my_first_package_msgs/lib/python3.12/site-packages/my_first_package_msgs
[4.384s] -- Installing: /home/jinhyuk2me/ros_ws/install/my_first_package_msgs/lib/python3.12/site-packages/my_first_package_msgs/my_first_package_msgs_s__rosidl_typesupport_introspection_c.so
[4.384s] -- Installing: /home/jinhyuk2me/ros_ws/install/my_first_package_msgs/lib/python3.12/site-packages/my_first_package_msgs/my_first_package_msgs_s__rosidl_typesupport_fastrtps_c.so
[4.384s] -- Installing: /home/jinhyuk2me/ros_ws/install/my_first_package_msgs/lib/python3.12/site-packages/my_first_package_msgs/_my_first_package_msgs_s.ep.rosidl_typesupport_c.c
[4.384s] -- Installing: /home/jinhyuk2me/ros_ws/install/my_first_package_msgs/lib/python3.12/site-packages/my_first_package_msgs/msg
[4.384s] -- Installing: /home/jinhyuk2me/ros_ws/install/my_first_package_msgs/lib/python3.12/site-packages/my_first_package_msgs/msg/_cmd_and_pose_vel_s.c
[4.384s] -- Installing: /home/jinhyuk2me/ros_ws/install/my_first_package_msgs/lib/python3.12/site-packages/my_first_package_msgs/msg/_cmd_and_pose_vel.py
[4.384s] -- Installing: /home/jinhyuk2me/ros_ws/install/my_first_package_msgs/lib/python3.12/site-packages/my_first_package_msgs/msg/__init__.py
[4.385s] -- Installing: /home/jinhyuk2me/ros_ws/install/my_first_package_msgs/lib/python3.12/site-packages/my_first_package_msgs/my_first_package_msgs_s__rosidl_typesupport_c.so
[4.385s] -- Installing: /home/jinhyuk2me/ros_ws/install/my_first_package_msgs/lib/python3.12/site-packages/my_first_package_msgs/_my_first_package_msgs_s.ep.rosidl_typesupport_introspection_c.c
[4.385s] -- Installing: /home/jinhyuk2me/ros_ws/install/my_first_package_msgs/lib/python3.12/site-packages/my_first_package_msgs/__init__.py
[4.385s] -- Installing: /home/jinhyuk2me/ros_ws/install/my_first_package_msgs/lib/python3.12/site-packages/my_first_package_msgs/_my_first_package_msgs_s.ep.rosidl_typesupport_fastrtps_c.c
[4.416s] Listing '/home/jinhyuk2me/ros_ws/install/my_first_package_msgs/lib/python3.12/site-packages/my_first_package_msgs'...
[4.416s] Compiling '/home/jinhyuk2me/ros_ws/install/my_first_package_msgs/lib/python3.12/site-packages/my_first_package_msgs/__init__.py'...
[4.416s] Listing '/home/jinhyuk2me/ros_ws/install/my_first_package_msgs/lib/python3.12/site-packages/my_first_package_msgs/msg'...
[4.416s] Compiling '/home/jinhyuk2me/ros_ws/install/my_first_package_msgs/lib/python3.12/site-packages/my_first_package_msgs/msg/__init__.py'...
[4.417s] Compiling '/home/jinhyuk2me/ros_ws/install/my_first_package_msgs/lib/python3.12/site-packages/my_first_package_msgs/msg/_cmd_and_pose_vel.py'...
[4.422s] -- Installing: /home/jinhyuk2me/ros_ws/install/my_first_package_msgs/lib/python3.12/site-packages/my_first_package_msgs/my_first_package_msgs_s__rosidl_typesupport_fastrtps_c.so
[4.423s] -- Set non-toolchain portion of runtime path of "/home/jinhyuk2me/ros_ws/install/my_first_package_msgs/lib/python3.12/site-packages/my_first_package_msgs/my_first_package_msgs_s__rosidl_typesupport_fastrtps_c.so" to ""
[4.423s] -- Installing: /home/jinhyuk2me/ros_ws/install/my_first_package_msgs/lib/python3.12/site-packages/my_first_package_msgs/my_first_package_msgs_s__rosidl_typesupport_introspection_c.so
[4.423s] -- Set non-toolchain portion of runtime path of "/home/jinhyuk2me/ros_ws/install/my_first_package_msgs/lib/python3.12/site-packages/my_first_package_msgs/my_first_package_msgs_s__rosidl_typesupport_introspection_c.so" to ""
[4.424s] -- Installing: /home/jinhyuk2me/ros_ws/install/my_first_package_msgs/lib/python3.12/site-packages/my_first_package_msgs/my_first_package_msgs_s__rosidl_typesupport_c.so
[4.424s] -- Set non-toolchain portion of runtime path of "/home/jinhyuk2me/ros_ws/install/my_first_package_msgs/lib/python3.12/site-packages/my_first_package_msgs/my_first_package_msgs_s__rosidl_typesupport_c.so" to ""
[4.424s] -- Installing: /home/jinhyuk2me/ros_ws/install/my_first_package_msgs/lib/libmy_first_package_msgs__rosidl_generator_py.so
[4.425s] -- Set non-toolchain portion of runtime path of "/home/jinhyuk2me/ros_ws/install/my_first_package_msgs/lib/libmy_first_package_msgs__rosidl_generator_py.so" to ""
[4.425s] -- Installing: /home/jinhyuk2me/ros_ws/install/my_first_package_msgs/share/my_first_package_msgs/msg/CmdAndPoseVel.idl
[4.425s] -- Installing: /home/jinhyuk2me/ros_ws/install/my_first_package_msgs/share/my_first_package_msgs/src/CmdAndPoseVel.msg
[4.425s] -- Installing: /home/jinhyuk2me/ros_ws/install/my_first_package_msgs/share/ament_index/resource_index/package_run_dependencies/my_first_package_msgs
[4.425s] -- Installing: /home/jinhyuk2me/ros_ws/install/my_first_package_msgs/share/ament_index/resource_index/parent_prefix_path/my_first_package_msgs
[4.426s] -- Installing: /home/jinhyuk2me/ros_ws/install/my_first_package_msgs/share/my_first_package_msgs/environment/ament_prefix_path.sh
[4.426s] -- Installing: /home/jinhyuk2me/ros_ws/install/my_first_package_msgs/share/my_first_package_msgs/environment/ament_prefix_path.dsv
[4.426s] -- Installing: /home/jinhyuk2me/ros_ws/install/my_first_package_msgs/share/my_first_package_msgs/environment/path.sh
[4.426s] -- Installing: /home/jinhyuk2me/ros_ws/install/my_first_package_msgs/share/my_first_package_msgs/environment/path.dsv
[4.426s] -- Installing: /home/jinhyuk2me/ros_ws/install/my_first_package_msgs/share/my_first_package_msgs/local_setup.bash
[4.427s] -- Installing: /home/jinhyuk2me/ros_ws/install/my_first_package_msgs/share/my_first_package_msgs/local_setup.sh
[4.427s] -- Installing: /home/jinhyuk2me/ros_ws/install/my_first_package_msgs/share/my_first_package_msgs/local_setup.zsh
[4.427s] -- Installing: /home/jinhyuk2me/ros_ws/install/my_first_package_msgs/share/my_first_package_msgs/local_setup.dsv
[4.427s] -- Installing: /home/jinhyuk2me/ros_ws/install/my_first_package_msgs/share/my_first_package_msgs/package.dsv
[4.427s] -- Installing: /home/jinhyuk2me/ros_ws/install/my_first_package_msgs/share/ament_index/resource_index/packages/my_first_package_msgs
[4.427s] -- Installing: /home/jinhyuk2me/ros_ws/install/my_first_package_msgs/share/my_first_package_msgs/cmake/export_my_first_package_msgs__rosidl_generator_cExport.cmake
[4.427s] -- Installing: /home/jinhyuk2me/ros_ws/install/my_first_package_msgs/share/my_first_package_msgs/cmake/export_my_first_package_msgs__rosidl_generator_cExport-noconfig.cmake
[4.428s] -- Installing: /home/jinhyuk2me/ros_ws/install/my_first_package_msgs/share/my_first_package_msgs/cmake/export_my_first_package_msgs__rosidl_typesupport_fastrtps_cExport.cmake
[4.428s] -- Installing: /home/jinhyuk2me/ros_ws/install/my_first_package_msgs/share/my_first_package_msgs/cmake/export_my_first_package_msgs__rosidl_typesupport_fastrtps_cExport-noconfig.cmake
[4.428s] -- Installing: /home/jinhyuk2me/ros_ws/install/my_first_package_msgs/share/my_first_package_msgs/cmake/my_first_package_msgs__rosidl_typesupport_introspection_cExport.cmake
[4.428s] -- Installing: /home/jinhyuk2me/ros_ws/install/my_first_package_msgs/share/my_first_package_msgs/cmake/my_first_package_msgs__rosidl_typesupport_introspection_cExport-noconfig.cmake
[4.428s] -- Installing: /home/jinhyuk2me/ros_ws/install/my_first_package_msgs/share/my_first_package_msgs/cmake/my_first_package_msgs__rosidl_typesupport_cExport.cmake
[4.428s] -- Installing: /home/jinhyuk2me/ros_ws/install/my_first_package_msgs/share/my_first_package_msgs/cmake/my_first_package_msgs__rosidl_typesupport_cExport-noconfig.cmake
[4.428s] -- Installing: /home/jinhyuk2me/ros_ws/install/my_first_package_msgs/share/my_first_package_msgs/cmake/export_my_first_package_msgs__rosidl_generator_cppExport.cmake
[4.429s] -- Installing: /home/jinhyuk2me/ros_ws/install/my_first_package_msgs/share/my_first_package_msgs/cmake/export_my_first_package_msgs__rosidl_typesupport_fastrtps_cppExport.cmake
[4.429s] -- Installing: /home/jinhyuk2me/ros_ws/install/my_first_package_msgs/share/my_first_package_msgs/cmake/export_my_first_package_msgs__rosidl_typesupport_fastrtps_cppExport-noconfig.cmake
[4.429s] -- Installing: /home/jinhyuk2me/ros_ws/install/my_first_package_msgs/share/my_first_package_msgs/cmake/my_first_package_msgs__rosidl_typesupport_introspection_cppExport.cmake
[4.429s] -- Installing: /home/jinhyuk2me/ros_ws/install/my_first_package_msgs/share/my_first_package_msgs/cmake/my_first_package_msgs__rosidl_typesupport_introspection_cppExport-noconfig.cmake
[4.429s] -- Installing: /home/jinhyuk2me/ros_ws/install/my_first_package_msgs/share/my_first_package_msgs/cmake/my_first_package_msgs__rosidl_typesupport_cppExport.cmake
[4.429s] -- Installing: /home/jinhyuk2me/ros_ws/install/my_first_package_msgs/share/my_first_package_msgs/cmake/my_first_package_msgs__rosidl_typesupport_cppExport-noconfig.cmake
[4.429s] -- Installing: /home/jinhyuk2me/ros_ws/install/my_first_package_msgs/share/my_first_package_msgs/cmake/export_my_first_package_msgs__rosidl_generator_pyExport.cmake
[4.430s] -- Installing: /home/jinhyuk2me/ros_ws/install/my_first_package_msgs/share/my_first_package_msgs/cmake/export_my_first_package_msgs__rosidl_generator_pyExport-noconfig.cmake
[4.430s] -- Installing: /home/jinhyuk2me/ros_ws/install/my_first_package_msgs/share/my_first_package_msgs/cmake/rosidl_cmake-extras.cmake
[4.430s] -- Installing: /home/jinhyuk2me/ros_ws/install/my_first_package_msgs/share/my_first_package_msgs/cmake/ament_cmake_export_include_directories-extras.cmake
[4.430s] -- Installing: /home/jinhyuk2me/ros_ws/install/my_first_package_msgs/share/my_first_package_msgs/cmake/ament_cmake_export_libraries-extras.cmake
[4.430s] -- Installing: /home/jinhyuk2me/ros_ws/install/my_first_package_msgs/share/my_first_package_msgs/cmake/ament_cmake_export_targets-extras.cmake
[4.430s] -- Installing: /home/jinhyuk2me/ros_ws/install/my_first_package_msgs/share/my_first_package_msgs/cmake/rosidl_cmake_export_typesupport_targets-extras.cmake
[4.430s] -- Installing: /home/jinhyuk2me/ros_ws/install/my_first_package_msgs/share/my_first_package_msgs/cmake/ament_cmake_export_dependencies-extras.cmake
[4.431s] -- Installing: /home/jinhyuk2me/ros_ws/install/my_first_package_msgs/share/my_first_package_msgs/cmake/rosidl_cmake_export_typesupport_libraries-extras.cmake
[4.431s] -- Installing: /home/jinhyuk2me/ros_ws/install/my_first_package_msgs/share/my_first_package_msgs/cmake/my_first_package_msgsConfig.cmake
[4.431s] -- Installing: /home/jinhyuk2me/ros_ws/install/my_first_package_msgs/share/my_first_package_msgs/cmake/my_first_package_msgsConfig-version.cmake
[4.431s] -- Installing: /home/jinhyuk2me/ros_ws/install/my_first_package_msgs/share/my_first_package_msgs/package.xml
[4.433s] Invoked command in '/home/jinhyuk2me/ros_ws/build/my_first_package_msgs' returned '0': CMAKE_PREFIX_PATH=${CMAKE_PREFIX_PATH}:/home/jinhyuk2me/ros_ws/install/my_first_package:/opt/ros/jazzy DEBUGINFOD_URLS=https://debuginfod.ubuntu.com VIRTUAL_ENV_PROMPT=(ros_venv) /usr/bin/cmake --install /home/jinhyuk2me/ros_ws/build/my_first_package_msgs
