[0.173s] Invoking command in '/home/jinhyuk2me/ros_ws/build/my_first_package_msgs': CMAKE_PREFIX_PATH=${CMAKE_PREFIX_PATH}:/home/jinhyuk2me/ros_ws/install/my_first_package:/opt/ros/jazzy DEBUGINFOD_URLS=https://debuginfod.ubuntu.com VIRTUAL_ENV_PROMPT=(ros_venv) /usr/bin/cmake --build /home/jinhyuk2me/ros_ws/build/my_first_package_msgs -- -j12 -l12
[0.234s] [  2%] Built target my_first_package_msgs__rosidl_generator_type_description
[0.245s] [  2%] Built target ament_cmake_python_copy_my_first_package_msgs
[0.259s] [  5%] Built target my_first_package_msgs__cpp
[0.262s] [ 20%] Built target my_first_package_msgs__rosidl_generator_c
[0.299s] [ 29%] Built target my_first_package_msgs__rosidl_typesupport_cpp
[0.301s] [ 38%] Built target my_first_package_msgs__rosidl_typesupport_introspection_cpp
[0.303s] [ 47%] Built target my_first_package_msgs__rosidl_typesupport_c
[0.305s] [ 55%] Built target my_first_package_msgs__rosidl_typesupport_fastrtps_c
[0.306s] [ 64%] Built target my_first_package_msgs__rosidl_typesupport_fastrtps_cpp
[0.307s] [ 73%] Built target my_first_package_msgs__rosidl_typesupport_introspection_c
[0.335s] [ 73%] Built target my_first_package_msgs
[0.360s] [ 76%] Built target my_first_package_msgs__py
[0.390s] [ 82%] Built target my_first_package_msgs__rosidl_generator_py
[0.425s] [ 88%] Built target my_first_package_msgs_s__rosidl_typesupport_introspection_c
[0.426s] [ 94%] Built target my_first_package_msgs_s__rosidl_typesupport_c
[0.427s] [100%] Built target my_first_package_msgs_s__rosidl_typesupport_fastrtps_c
[0.442s] running egg_info
[0.456s] writing my_first_package_msgs.egg-info/PKG-INFO
[0.456s] writing dependency_links to my_first_package_msgs.egg-info/dependency_links.txt
[0.456s] writing top-level names to my_first_package_msgs.egg-info/top_level.txt
[0.499s] reading manifest file 'my_first_package_msgs.egg-info/SOURCES.txt'
[0.500s] writing manifest file 'my_first_package_msgs.egg-info/SOURCES.txt'
[0.528s] [100%] Built target ament_cmake_python_build_my_first_package_msgs_egg
[0.540s] Invoked command in '/home/jinhyuk2me/ros_ws/build/my_first_package_msgs' returned '0': CMAKE_PREFIX_PATH=${CMAKE_PREFIX_PATH}:/home/jinhyuk2me/ros_ws/install/my_first_package:/opt/ros/jazzy DEBUGINFOD_URLS=https://debuginfod.ubuntu.com VIRTUAL_ENV_PROMPT=(ros_venv) /usr/bin/cmake --build /home/jinhyuk2me/ros_ws/build/my_first_package_msgs -- -j12 -l12
[0.553s] Invoking command in '/home/jinhyuk2me/ros_ws/build/my_first_package_msgs': CMAKE_PREFIX_PATH=${CMAKE_PREFIX_PATH}:/home/jinhyuk2me/ros_ws/install/my_first_package:/opt/ros/jazzy DEBUGINFOD_URLS=https://debuginfod.ubuntu.com VIRTUAL_ENV_PROMPT=(ros_venv) /usr/bin/cmake --install /home/jinhyuk2me/ros_ws/build/my_first_package_msgs
[0.563s] -- Install configuration: ""
[0.563s] -- Up-to-date: /home/jinhyuk2me/ros_ws/install/my_first_package_msgs/share/ament_index/resource_index/rosidl_interfaces/my_first_package_msgs
[0.563s] -- Up-to-date: /home/jinhyuk2me/ros_ws/install/my_first_package_msgs/share/my_first_package_msgs/msg/CmdAndPoseVel.json
[0.563s] -- Up-to-date: /home/jinhyuk2me/ros_ws/install/my_first_package_msgs/include/my_first_package_msgs/my_first_package_msgs
[0.563s] -- Up-to-date: /home/jinhyuk2me/ros_ws/install/my_first_package_msgs/include/my_first_package_msgs/my_first_package_msgs/msg
[0.563s] -- Up-to-date: /home/jinhyuk2me/ros_ws/install/my_first_package_msgs/include/my_first_package_msgs/my_first_package_msgs/msg/rosidl_generator_c__visibility_control.h
[0.563s] -- Up-to-date: /home/jinhyuk2me/ros_ws/install/my_first_package_msgs/include/my_first_package_msgs/my_first_package_msgs/msg/cmd_and_pose_vel.h
[0.563s] -- Up-to-date: /home/jinhyuk2me/ros_ws/install/my_first_package_msgs/include/my_first_package_msgs/my_first_package_msgs/msg/detail
[0.564s] -- Up-to-date: /home/jinhyuk2me/ros_ws/install/my_first_package_msgs/include/my_first_package_msgs/my_first_package_msgs/msg/detail/cmd_and_pose_vel__type_support.c
[0.564s] -- Up-to-date: /home/jinhyuk2me/ros_ws/install/my_first_package_msgs/include/my_first_package_msgs/my_first_package_msgs/msg/detail/cmd_and_pose_vel__functions.c
[0.564s] -- Up-to-date: /home/jinhyuk2me/ros_ws/install/my_first_package_msgs/include/my_first_package_msgs/my_first_package_msgs/msg/detail/cmd_and_pose_vel__functions.h
[0.564s] -- Up-to-date: /home/jinhyuk2me/ros_ws/install/my_first_package_msgs/include/my_first_package_msgs/my_first_package_msgs/msg/detail/cmd_and_pose_vel__struct.h
[0.564s] -- Up-to-date: /home/jinhyuk2me/ros_ws/install/my_first_package_msgs/include/my_first_package_msgs/my_first_package_msgs/msg/detail/cmd_and_pose_vel__type_support.h
[0.564s] -- Up-to-date: /home/jinhyuk2me/ros_ws/install/my_first_package_msgs/include/my_first_package_msgs/my_first_package_msgs/msg/detail/cmd_and_pose_vel__description.c
[0.564s] -- Up-to-date: /home/jinhyuk2me/ros_ws/install/my_first_package_msgs/share/my_first_package_msgs/environment/library_path.sh
[0.564s] -- Up-to-date: /home/jinhyuk2me/ros_ws/install/my_first_package_msgs/share/my_first_package_msgs/environment/library_path.dsv
[0.564s] -- Up-to-date: /home/jinhyuk2me/ros_ws/install/my_first_package_msgs/lib/libmy_first_package_msgs__rosidl_generator_c.so
[0.564s] -- Up-to-date: /home/jinhyuk2me/ros_ws/install/my_first_package_msgs/include/my_first_package_msgs/my_first_package_msgs
[0.564s] -- Up-to-date: /home/jinhyuk2me/ros_ws/install/my_first_package_msgs/include/my_first_package_msgs/my_first_package_msgs/msg
[0.564s] -- Up-to-date: /home/jinhyuk2me/ros_ws/install/my_first_package_msgs/include/my_first_package_msgs/my_first_package_msgs/msg/rosidl_typesupport_fastrtps_c__visibility_control.h
[0.564s] -- Up-to-date: /home/jinhyuk2me/ros_ws/install/my_first_package_msgs/include/my_first_package_msgs/my_first_package_msgs/msg/detail
[0.564s] -- Up-to-date: /home/jinhyuk2me/ros_ws/install/my_first_package_msgs/include/my_first_package_msgs/my_first_package_msgs/msg/detail/cmd_and_pose_vel__rosidl_typesupport_fastrtps_c.h
[0.564s] -- Up-to-date: /home/jinhyuk2me/ros_ws/install/my_first_package_msgs/lib/libmy_first_package_msgs__rosidl_typesupport_fastrtps_c.so
[0.565s] -- Up-to-date: /home/jinhyuk2me/ros_ws/install/my_first_package_msgs/include/my_first_package_msgs/my_first_package_msgs
[0.565s] -- Up-to-date: /home/jinhyuk2me/ros_ws/install/my_first_package_msgs/include/my_first_package_msgs/my_first_package_msgs/msg
[0.565s] -- Up-to-date: /home/jinhyuk2me/ros_ws/install/my_first_package_msgs/include/my_first_package_msgs/my_first_package_msgs/msg/rosidl_typesupport_introspection_c__visibility_control.h
[0.565s] -- Up-to-date: /home/jinhyuk2me/ros_ws/install/my_first_package_msgs/include/my_first_package_msgs/my_first_package_msgs/msg/detail
[0.565s] -- Up-to-date: /home/jinhyuk2me/ros_ws/install/my_first_package_msgs/include/my_first_package_msgs/my_first_package_msgs/msg/detail/cmd_and_pose_vel__rosidl_typesupport_introspection_c.h
[0.565s] -- Up-to-date: /home/jinhyuk2me/ros_ws/install/my_first_package_msgs/include/my_first_package_msgs/my_first_package_msgs/msg/detail/cmd_and_pose_vel__type_support.c
[0.565s] -- Up-to-date: /home/jinhyuk2me/ros_ws/install/my_first_package_msgs/lib/libmy_first_package_msgs__rosidl_typesupport_introspection_c.so
[0.565s] -- Up-to-date: /home/jinhyuk2me/ros_ws/install/my_first_package_msgs/lib/libmy_first_package_msgs__rosidl_typesupport_c.so
[0.565s] -- Up-to-date: /home/jinhyuk2me/ros_ws/install/my_first_package_msgs/include/my_first_package_msgs/my_first_package_msgs
[0.565s] -- Up-to-date: /home/jinhyuk2me/ros_ws/install/my_first_package_msgs/include/my_first_package_msgs/my_first_package_msgs/msg
[0.565s] -- Up-to-date: /home/jinhyuk2me/ros_ws/install/my_first_package_msgs/include/my_first_package_msgs/my_first_package_msgs/msg/cmd_and_pose_vel.hpp
[0.565s] -- Up-to-date: /home/jinhyuk2me/ros_ws/install/my_first_package_msgs/include/my_first_package_msgs/my_first_package_msgs/msg/rosidl_generator_cpp__visibility_control.hpp
[0.566s] -- Up-to-date: /home/jinhyuk2me/ros_ws/install/my_first_package_msgs/include/my_first_package_msgs/my_first_package_msgs/msg/detail
[0.566s] -- Up-to-date: /home/jinhyuk2me/ros_ws/install/my_first_package_msgs/include/my_first_package_msgs/my_first_package_msgs/msg/detail/cmd_and_pose_vel__type_support.hpp
[0.566s] -- Up-to-date: /home/jinhyuk2me/ros_ws/install/my_first_package_msgs/include/my_first_package_msgs/my_first_package_msgs/msg/detail/cmd_and_pose_vel__traits.hpp
[0.566s] -- Up-to-date: /home/jinhyuk2me/ros_ws/install/my_first_package_msgs/include/my_first_package_msgs/my_first_package_msgs/msg/detail/cmd_and_pose_vel__builder.hpp
[0.566s] -- Up-to-date: /home/jinhyuk2me/ros_ws/install/my_first_package_msgs/include/my_first_package_msgs/my_first_package_msgs/msg/detail/cmd_and_pose_vel__struct.hpp
[0.566s] -- Up-to-date: /home/jinhyuk2me/ros_ws/install/my_first_package_msgs/include/my_first_package_msgs/my_first_package_msgs
[0.566s] -- Up-to-date: /home/jinhyuk2me/ros_ws/install/my_first_package_msgs/include/my_first_package_msgs/my_first_package_msgs/msg
[0.566s] -- Up-to-date: /home/jinhyuk2me/ros_ws/install/my_first_package_msgs/include/my_first_package_msgs/my_first_package_msgs/msg/detail
[0.566s] -- Up-to-date: /home/jinhyuk2me/ros_ws/install/my_first_package_msgs/include/my_first_package_msgs/my_first_package_msgs/msg/detail/dds_fastrtps
[0.566s] -- Up-to-date: /home/jinhyuk2me/ros_ws/install/my_first_package_msgs/include/my_first_package_msgs/my_first_package_msgs/msg/detail/cmd_and_pose_vel__rosidl_typesupport_fastrtps_cpp.hpp
[0.566s] -- Up-to-date: /home/jinhyuk2me/ros_ws/install/my_first_package_msgs/include/my_first_package_msgs/my_first_package_msgs/msg/rosidl_typesupport_fastrtps_cpp__visibility_control.h
[0.566s] -- Up-to-date: /home/jinhyuk2me/ros_ws/install/my_first_package_msgs/lib/libmy_first_package_msgs__rosidl_typesupport_fastrtps_cpp.so
[0.566s] -- Up-to-date: /home/jinhyuk2me/ros_ws/install/my_first_package_msgs/include/my_first_package_msgs/my_first_package_msgs
[0.566s] -- Up-to-date: /home/jinhyuk2me/ros_ws/install/my_first_package_msgs/include/my_first_package_msgs/my_first_package_msgs/msg
[0.567s] -- Up-to-date: /home/jinhyuk2me/ros_ws/install/my_first_package_msgs/include/my_first_package_msgs/my_first_package_msgs/msg/detail
[0.567s] -- Up-to-date: /home/jinhyuk2me/ros_ws/install/my_first_package_msgs/include/my_first_package_msgs/my_first_package_msgs/msg/detail/cmd_and_pose_vel__rosidl_typesupport_introspection_cpp.hpp
[0.567s] -- Up-to-date: /home/jinhyuk2me/ros_ws/install/my_first_package_msgs/include/my_first_package_msgs/my_first_package_msgs/msg/detail/cmd_and_pose_vel__type_support.cpp
[0.567s] -- Up-to-date: /home/jinhyuk2me/ros_ws/install/my_first_package_msgs/lib/libmy_first_package_msgs__rosidl_typesupport_introspection_cpp.so
[0.567s] -- Up-to-date: /home/jinhyuk2me/ros_ws/install/my_first_package_msgs/lib/libmy_first_package_msgs__rosidl_typesupport_cpp.so
[0.567s] -- Up-to-date: /home/jinhyuk2me/ros_ws/install/my_first_package_msgs/share/my_first_package_msgs/environment/pythonpath.sh
[0.567s] -- Up-to-date: /home/jinhyuk2me/ros_ws/install/my_first_package_msgs/share/my_first_package_msgs/environment/pythonpath.dsv
[0.567s] -- Up-to-date: /home/jinhyuk2me/ros_ws/install/my_first_package_msgs/lib/python3.12/site-packages/my_first_package_msgs-0.0.0-py3.12.egg-info
[0.567s] -- Installing: /home/jinhyuk2me/ros_ws/install/my_first_package_msgs/lib/python3.12/site-packages/my_first_package_msgs-0.0.0-py3.12.egg-info/dependency_links.txt
[0.567s] -- Installing: /home/jinhyuk2me/ros_ws/install/my_first_package_msgs/lib/python3.12/site-packages/my_first_package_msgs-0.0.0-py3.12.egg-info/PKG-INFO
[0.567s] -- Installing: /home/jinhyuk2me/ros_ws/install/my_first_package_msgs/lib/python3.12/site-packages/my_first_package_msgs-0.0.0-py3.12.egg-info/top_level.txt
[0.567s] -- Installing: /home/jinhyuk2me/ros_ws/install/my_first_package_msgs/lib/python3.12/site-packages/my_first_package_msgs-0.0.0-py3.12.egg-info/SOURCES.txt
[0.567s] -- Up-to-date: /home/jinhyuk2me/ros_ws/install/my_first_package_msgs/lib/python3.12/site-packages/my_first_package_msgs
[0.567s] -- Up-to-date: /home/jinhyuk2me/ros_ws/install/my_first_package_msgs/lib/python3.12/site-packages/my_first_package_msgs/my_first_package_msgs_s__rosidl_typesupport_introspection_c.so
[0.567s] -- Up-to-date: /home/jinhyuk2me/ros_ws/install/my_first_package_msgs/lib/python3.12/site-packages/my_first_package_msgs/my_first_package_msgs_s__rosidl_typesupport_fastrtps_c.so
[0.567s] -- Up-to-date: /home/jinhyuk2me/ros_ws/install/my_first_package_msgs/lib/python3.12/site-packages/my_first_package_msgs/_my_first_package_msgs_s.ep.rosidl_typesupport_c.c
[0.568s] -- Up-to-date: /home/jinhyuk2me/ros_ws/install/my_first_package_msgs/lib/python3.12/site-packages/my_first_package_msgs/msg
[0.568s] -- Up-to-date: /home/jinhyuk2me/ros_ws/install/my_first_package_msgs/lib/python3.12/site-packages/my_first_package_msgs/msg/_cmd_and_pose_vel_s.c
[0.568s] -- Up-to-date: /home/jinhyuk2me/ros_ws/install/my_first_package_msgs/lib/python3.12/site-packages/my_first_package_msgs/msg/_cmd_and_pose_vel.py
[0.568s] -- Up-to-date: /home/jinhyuk2me/ros_ws/install/my_first_package_msgs/lib/python3.12/site-packages/my_first_package_msgs/msg/__init__.py
[0.568s] -- Up-to-date: /home/jinhyuk2me/ros_ws/install/my_first_package_msgs/lib/python3.12/site-packages/my_first_package_msgs/my_first_package_msgs_s__rosidl_typesupport_c.so
[0.568s] -- Up-to-date: /home/jinhyuk2me/ros_ws/install/my_first_package_msgs/lib/python3.12/site-packages/my_first_package_msgs/_my_first_package_msgs_s.ep.rosidl_typesupport_introspection_c.c
[0.568s] -- Up-to-date: /home/jinhyuk2me/ros_ws/install/my_first_package_msgs/lib/python3.12/site-packages/my_first_package_msgs/__init__.py
[0.568s] -- Up-to-date: /home/jinhyuk2me/ros_ws/install/my_first_package_msgs/lib/python3.12/site-packages/my_first_package_msgs/_my_first_package_msgs_s.ep.rosidl_typesupport_fastrtps_c.c
[0.595s] Listing '/home/jinhyuk2me/ros_ws/install/my_first_package_msgs/lib/python3.12/site-packages/my_first_package_msgs'...
[0.595s] Listing '/home/jinhyuk2me/ros_ws/install/my_first_package_msgs/lib/python3.12/site-packages/my_first_package_msgs/msg'...
[0.599s] -- Up-to-date: /home/jinhyuk2me/ros_ws/install/my_first_package_msgs/lib/python3.12/site-packages/my_first_package_msgs/my_first_package_msgs_s__rosidl_typesupport_fastrtps_c.so
[0.600s] -- Up-to-date: /home/jinhyuk2me/ros_ws/install/my_first_package_msgs/lib/python3.12/site-packages/my_first_package_msgs/my_first_package_msgs_s__rosidl_typesupport_introspection_c.so
[0.600s] -- Up-to-date: /home/jinhyuk2me/ros_ws/install/my_first_package_msgs/lib/python3.12/site-packages/my_first_package_msgs/my_first_package_msgs_s__rosidl_typesupport_c.so
[0.600s] -- Up-to-date: /home/jinhyuk2me/ros_ws/install/my_first_package_msgs/lib/libmy_first_package_msgs__rosidl_generator_py.so
[0.600s] -- Up-to-date: /home/jinhyuk2me/ros_ws/install/my_first_package_msgs/share/my_first_package_msgs/msg/CmdAndPoseVel.idl
[0.600s] -- Up-to-date: /home/jinhyuk2me/ros_ws/install/my_first_package_msgs/share/my_first_package_msgs/src/CmdAndPoseVel.msg
[0.601s] -- Up-to-date: /home/jinhyuk2me/ros_ws/install/my_first_package_msgs/share/ament_index/resource_index/package_run_dependencies/my_first_package_msgs
[0.601s] -- Up-to-date: /home/jinhyuk2me/ros_ws/install/my_first_package_msgs/share/ament_index/resource_index/parent_prefix_path/my_first_package_msgs
[0.601s] -- Up-to-date: /home/jinhyuk2me/ros_ws/install/my_first_package_msgs/share/my_first_package_msgs/environment/ament_prefix_path.sh
[0.601s] -- Up-to-date: /home/jinhyuk2me/ros_ws/install/my_first_package_msgs/share/my_first_package_msgs/environment/ament_prefix_path.dsv
[0.601s] -- Up-to-date: /home/jinhyuk2me/ros_ws/install/my_first_package_msgs/share/my_first_package_msgs/environment/path.sh
[0.601s] -- Up-to-date: /home/jinhyuk2me/ros_ws/install/my_first_package_msgs/share/my_first_package_msgs/environment/path.dsv
[0.601s] -- Up-to-date: /home/jinhyuk2me/ros_ws/install/my_first_package_msgs/share/my_first_package_msgs/local_setup.bash
[0.601s] -- Up-to-date: /home/jinhyuk2me/ros_ws/install/my_first_package_msgs/share/my_first_package_msgs/local_setup.sh
[0.601s] -- Up-to-date: /home/jinhyuk2me/ros_ws/install/my_first_package_msgs/share/my_first_package_msgs/local_setup.zsh
[0.601s] -- Up-to-date: /home/jinhyuk2me/ros_ws/install/my_first_package_msgs/share/my_first_package_msgs/local_setup.dsv
[0.601s] -- Installing: /home/jinhyuk2me/ros_ws/install/my_first_package_msgs/share/my_first_package_msgs/package.dsv
[0.601s] -- Up-to-date: /home/jinhyuk2me/ros_ws/install/my_first_package_msgs/share/ament_index/resource_index/packages/my_first_package_msgs
[0.601s] -- Up-to-date: /home/jinhyuk2me/ros_ws/install/my_first_package_msgs/share/my_first_package_msgs/cmake/export_my_first_package_msgs__rosidl_generator_cExport.cmake
[0.601s] -- Up-to-date: /home/jinhyuk2me/ros_ws/install/my_first_package_msgs/share/my_first_package_msgs/cmake/export_my_first_package_msgs__rosidl_generator_cExport-noconfig.cmake
[0.602s] -- Up-to-date: /home/jinhyuk2me/ros_ws/install/my_first_package_msgs/share/my_first_package_msgs/cmake/export_my_first_package_msgs__rosidl_typesupport_fastrtps_cExport.cmake
[0.602s] -- Up-to-date: /home/jinhyuk2me/ros_ws/install/my_first_package_msgs/share/my_first_package_msgs/cmake/export_my_first_package_msgs__rosidl_typesupport_fastrtps_cExport-noconfig.cmake
[0.602s] -- Up-to-date: /home/jinhyuk2me/ros_ws/install/my_first_package_msgs/share/my_first_package_msgs/cmake/my_first_package_msgs__rosidl_typesupport_introspection_cExport.cmake
[0.602s] -- Up-to-date: /home/jinhyuk2me/ros_ws/install/my_first_package_msgs/share/my_first_package_msgs/cmake/my_first_package_msgs__rosidl_typesupport_introspection_cExport-noconfig.cmake
[0.602s] -- Up-to-date: /home/jinhyuk2me/ros_ws/install/my_first_package_msgs/share/my_first_package_msgs/cmake/my_first_package_msgs__rosidl_typesupport_cExport.cmake
[0.602s] -- Up-to-date: /home/jinhyuk2me/ros_ws/install/my_first_package_msgs/share/my_first_package_msgs/cmake/my_first_package_msgs__rosidl_typesupport_cExport-noconfig.cmake
[0.602s] -- Up-to-date: /home/jinhyuk2me/ros_ws/install/my_first_package_msgs/share/my_first_package_msgs/cmake/export_my_first_package_msgs__rosidl_generator_cppExport.cmake
[0.602s] -- Up-to-date: /home/jinhyuk2me/ros_ws/install/my_first_package_msgs/share/my_first_package_msgs/cmake/export_my_first_package_msgs__rosidl_typesupport_fastrtps_cppExport.cmake
[0.602s] -- Up-to-date: /home/jinhyuk2me/ros_ws/install/my_first_package_msgs/share/my_first_package_msgs/cmake/export_my_first_package_msgs__rosidl_typesupport_fastrtps_cppExport-noconfig.cmake
[0.602s] -- Up-to-date: /home/jinhyuk2me/ros_ws/install/my_first_package_msgs/share/my_first_package_msgs/cmake/my_first_package_msgs__rosidl_typesupport_introspection_cppExport.cmake
[0.602s] -- Up-to-date: /home/jinhyuk2me/ros_ws/install/my_first_package_msgs/share/my_first_package_msgs/cmake/my_first_package_msgs__rosidl_typesupport_introspection_cppExport-noconfig.cmake
[0.602s] -- Up-to-date: /home/jinhyuk2me/ros_ws/install/my_first_package_msgs/share/my_first_package_msgs/cmake/my_first_package_msgs__rosidl_typesupport_cppExport.cmake
[0.602s] -- Up-to-date: /home/jinhyuk2me/ros_ws/install/my_first_package_msgs/share/my_first_package_msgs/cmake/my_first_package_msgs__rosidl_typesupport_cppExport-noconfig.cmake
[0.602s] -- Up-to-date: /home/jinhyuk2me/ros_ws/install/my_first_package_msgs/share/my_first_package_msgs/cmake/export_my_first_package_msgs__rosidl_generator_pyExport.cmake
[0.602s] -- Up-to-date: /home/jinhyuk2me/ros_ws/install/my_first_package_msgs/share/my_first_package_msgs/cmake/export_my_first_package_msgs__rosidl_generator_pyExport-noconfig.cmake
[0.603s] -- Up-to-date: /home/jinhyuk2me/ros_ws/install/my_first_package_msgs/share/my_first_package_msgs/cmake/rosidl_cmake-extras.cmake
[0.603s] -- Up-to-date: /home/jinhyuk2me/ros_ws/install/my_first_package_msgs/share/my_first_package_msgs/cmake/ament_cmake_export_include_directories-extras.cmake
[0.603s] -- Up-to-date: /home/jinhyuk2me/ros_ws/install/my_first_package_msgs/share/my_first_package_msgs/cmake/ament_cmake_export_libraries-extras.cmake
[0.603s] -- Up-to-date: /home/jinhyuk2me/ros_ws/install/my_first_package_msgs/share/my_first_package_msgs/cmake/ament_cmake_export_targets-extras.cmake
[0.603s] -- Up-to-date: /home/jinhyuk2me/ros_ws/install/my_first_package_msgs/share/my_first_package_msgs/cmake/rosidl_cmake_export_typesupport_targets-extras.cmake
[0.603s] -- Up-to-date: /home/jinhyuk2me/ros_ws/install/my_first_package_msgs/share/my_first_package_msgs/cmake/ament_cmake_export_dependencies-extras.cmake
[0.603s] -- Up-to-date: /home/jinhyuk2me/ros_ws/install/my_first_package_msgs/share/my_first_package_msgs/cmake/rosidl_cmake_export_typesupport_libraries-extras.cmake
[0.603s] -- Up-to-date: /home/jinhyuk2me/ros_ws/install/my_first_package_msgs/share/my_first_package_msgs/cmake/my_first_package_msgsConfig.cmake
[0.603s] -- Up-to-date: /home/jinhyuk2me/ros_ws/install/my_first_package_msgs/share/my_first_package_msgs/cmake/my_first_package_msgsConfig-version.cmake
[0.603s] -- Up-to-date: /home/jinhyuk2me/ros_ws/install/my_first_package_msgs/share/my_first_package_msgs/package.xml
[0.605s] Invoked command in '/home/jinhyuk2me/ros_ws/build/my_first_package_msgs' returned '0': CMAKE_PREFIX_PATH=${CMAKE_PREFIX_PATH}:/home/jinhyuk2me/ros_ws/install/my_first_package:/opt/ros/jazzy DEBUGINFOD_URLS=https://debuginfod.ubuntu.com VIRTUAL_ENV_PROMPT=(ros_venv) /usr/bin/cmake --install /home/jinhyuk2me/ros_ws/build/my_first_package_msgs
