[0.007s] Invoking command in '/home/jinhyuk2me/ros_ws/pinky/build/pinky_gazebo': CMAKE_PREFIX_PATH=/home/jinhyuk2me/ros_ws/pinky/install/pinky_description:/home/jinhyuk2me/ros_ws/pinky/install/pinky_navigation:/home/jinhyuk2me/ros_ws/pinky/install/pinky_gazebo:/opt/ros/jazzy/opt/gz_sim_vendor:/opt/ros/jazzy/opt/gz_sensors_vendor:/opt/ros/jazzy/opt/gz_physics_vendor:/opt/ros/jazzy/opt/sdformat_vendor:/opt/ros/jazzy/opt/gz_gui_vendor:/opt/ros/jazzy/opt/gz_transport_vendor:/opt/ros/jazzy/opt/gz_rendering_vendor:/opt/ros/jazzy/opt/gz_plugin_vendor:/opt/ros/jazzy/opt/gz_fuel_tools_vendor:/opt/ros/jazzy/opt/gz_msgs_vendor:/opt/ros/jazzy/opt/gz_common_vendor:/opt/ros/jazzy/opt/gz_math_vendor:/opt/ros/jazzy/opt/gz_utils_vendor:/opt/ros/jazzy/opt/gz_tools_vendor:/opt/ros/jazzy/opt/gz_ogre_next_vendor:/opt/ros/jazzy/opt/gz_dartsim_vendor:/opt/ros/jazzy/opt/gz_cmake_vendor:/home/jinhyuk2me/ros_ws/pinky/install/pinky_simple_navigator:/opt/ros/jazzy DEBUGINFOD_URLS=https://debuginfod.ubuntu.com PS1=(ros_venv) \[\e[1;34m\](ID: ${ROS_DOMAIN_ID:-0})\[\e[1;32m\]\u\[\e[0m\]:\[\e[1;34m\]\w\[\e[0m\]$ VIRTUAL_ENV_PROMPT=(ros_venv) /usr/bin/cmake /home/jinhyuk2me/ros_ws/pinky/src/pinky_gazebo -DCMAKE_INSTALL_PREFIX=/home/jinhyuk2me/ros_ws/pinky/install/pinky_gazebo
[0.059s] -- The C compiler identification is GNU 13.3.0
[0.107s] -- The CXX compiler identification is GNU 13.3.0
[0.122s] -- Detecting C compiler ABI info
[0.206s] -- Detecting C compiler ABI info - done
[0.214s] -- Check for working C compiler: /usr/bin/cc - skipped
[0.214s] -- Detecting C compile features
[0.215s] -- Detecting C compile features - done
[0.223s] -- Detecting CXX compiler ABI info
[0.318s] -- Detecting CXX compiler ABI info - done
[0.326s] -- Check for working CXX compiler: /usr/bin/c++ - skipped
[0.327s] -- Detecting CXX compile features
[0.327s] -- Detecting CXX compile features - done
[0.332s] -- Found ament_cmake: 2.5.4 (/opt/ros/jazzy/share/ament_cmake/cmake)
[0.434s] -- Found Python3: /home/jinhyuk2me/venv/ros_venv/bin/python3 (found version "3.12.3") found components: Interpreter 
[0.549s] -- Found ament_lint_auto: 0.17.3 (/opt/ros/jazzy/share/ament_lint_auto/cmake)
[0.648s] -- Added test 'lint_cmake' to check CMake code style
[0.651s] -- Added test 'xmllint' to check XML markup files
[0.653s] -- Configuring done (0.6s)
[0.657s] -- Generating done (0.0s)
[0.658s] -- Build files have been written to: /home/jinhyuk2me/ros_ws/pinky/build/pinky_gazebo
[0.663s] Invoked command in '/home/jinhyuk2me/ros_ws/pinky/build/pinky_gazebo' returned '0': CMAKE_PREFIX_PATH=/home/jinhyuk2me/ros_ws/pinky/install/pinky_description:/home/jinhyuk2me/ros_ws/pinky/install/pinky_navigation:/home/jinhyuk2me/ros_ws/pinky/install/pinky_gazebo:/opt/ros/jazzy/opt/gz_sim_vendor:/opt/ros/jazzy/opt/gz_sensors_vendor:/opt/ros/jazzy/opt/gz_physics_vendor:/opt/ros/jazzy/opt/sdformat_vendor:/opt/ros/jazzy/opt/gz_gui_vendor:/opt/ros/jazzy/opt/gz_transport_vendor:/opt/ros/jazzy/opt/gz_rendering_vendor:/opt/ros/jazzy/opt/gz_plugin_vendor:/opt/ros/jazzy/opt/gz_fuel_tools_vendor:/opt/ros/jazzy/opt/gz_msgs_vendor:/opt/ros/jazzy/opt/gz_common_vendor:/opt/ros/jazzy/opt/gz_math_vendor:/opt/ros/jazzy/opt/gz_utils_vendor:/opt/ros/jazzy/opt/gz_tools_vendor:/opt/ros/jazzy/opt/gz_ogre_next_vendor:/opt/ros/jazzy/opt/gz_dartsim_vendor:/opt/ros/jazzy/opt/gz_cmake_vendor:/home/jinhyuk2me/ros_ws/pinky/install/pinky_simple_navigator:/opt/ros/jazzy DEBUGINFOD_URLS=https://debuginfod.ubuntu.com PS1=(ros_venv) \[\e[1;34m\](ID: ${ROS_DOMAIN_ID:-0})\[\e[1;32m\]\u\[\e[0m\]:\[\e[1;34m\]\w\[\e[0m\]$ VIRTUAL_ENV_PROMPT=(ros_venv) /usr/bin/cmake /home/jinhyuk2me/ros_ws/pinky/src/pinky_gazebo -DCMAKE_INSTALL_PREFIX=/home/jinhyuk2me/ros_ws/pinky/install/pinky_gazebo
[0.664s] Invoking command in '/home/jinhyuk2me/ros_ws/pinky/build/pinky_gazebo': CMAKE_PREFIX_PATH=/home/jinhyuk2me/ros_ws/pinky/install/pinky_description:/home/jinhyuk2me/ros_ws/pinky/install/pinky_navigation:/home/jinhyuk2me/ros_ws/pinky/install/pinky_gazebo:/opt/ros/jazzy/opt/gz_sim_vendor:/opt/ros/jazzy/opt/gz_sensors_vendor:/opt/ros/jazzy/opt/gz_physics_vendor:/opt/ros/jazzy/opt/sdformat_vendor:/opt/ros/jazzy/opt/gz_gui_vendor:/opt/ros/jazzy/opt/gz_transport_vendor:/opt/ros/jazzy/opt/gz_rendering_vendor:/opt/ros/jazzy/opt/gz_plugin_vendor:/opt/ros/jazzy/opt/gz_fuel_tools_vendor:/opt/ros/jazzy/opt/gz_msgs_vendor:/opt/ros/jazzy/opt/gz_common_vendor:/opt/ros/jazzy/opt/gz_math_vendor:/opt/ros/jazzy/opt/gz_utils_vendor:/opt/ros/jazzy/opt/gz_tools_vendor:/opt/ros/jazzy/opt/gz_ogre_next_vendor:/opt/ros/jazzy/opt/gz_dartsim_vendor:/opt/ros/jazzy/opt/gz_cmake_vendor:/home/jinhyuk2me/ros_ws/pinky/install/pinky_simple_navigator:/opt/ros/jazzy DEBUGINFOD_URLS=https://debuginfod.ubuntu.com PS1=(ros_venv) \[\e[1;34m\](ID: ${ROS_DOMAIN_ID:-0})\[\e[1;32m\]\u\[\e[0m\]:\[\e[1;34m\]\w\[\e[0m\]$ VIRTUAL_ENV_PROMPT=(ros_venv) /usr/bin/cmake --build /home/jinhyuk2me/ros_ws/pinky/build/pinky_gazebo -- -j12 -l12
[0.701s] Invoked command in '/home/jinhyuk2me/ros_ws/pinky/build/pinky_gazebo' returned '0': CMAKE_PREFIX_PATH=/home/jinhyuk2me/ros_ws/pinky/install/pinky_description:/home/jinhyuk2me/ros_ws/pinky/install/pinky_navigation:/home/jinhyuk2me/ros_ws/pinky/install/pinky_gazebo:/opt/ros/jazzy/opt/gz_sim_vendor:/opt/ros/jazzy/opt/gz_sensors_vendor:/opt/ros/jazzy/opt/gz_physics_vendor:/opt/ros/jazzy/opt/sdformat_vendor:/opt/ros/jazzy/opt/gz_gui_vendor:/opt/ros/jazzy/opt/gz_transport_vendor:/opt/ros/jazzy/opt/gz_rendering_vendor:/opt/ros/jazzy/opt/gz_plugin_vendor:/opt/ros/jazzy/opt/gz_fuel_tools_vendor:/opt/ros/jazzy/opt/gz_msgs_vendor:/opt/ros/jazzy/opt/gz_common_vendor:/opt/ros/jazzy/opt/gz_math_vendor:/opt/ros/jazzy/opt/gz_utils_vendor:/opt/ros/jazzy/opt/gz_tools_vendor:/opt/ros/jazzy/opt/gz_ogre_next_vendor:/opt/ros/jazzy/opt/gz_dartsim_vendor:/opt/ros/jazzy/opt/gz_cmake_vendor:/home/jinhyuk2me/ros_ws/pinky/install/pinky_simple_navigator:/opt/ros/jazzy DEBUGINFOD_URLS=https://debuginfod.ubuntu.com PS1=(ros_venv) \[\e[1;34m\](ID: ${ROS_DOMAIN_ID:-0})\[\e[1;32m\]\u\[\e[0m\]:\[\e[1;34m\]\w\[\e[0m\]$ VIRTUAL_ENV_PROMPT=(ros_venv) /usr/bin/cmake --build /home/jinhyuk2me/ros_ws/pinky/build/pinky_gazebo -- -j12 -l12
[0.702s] Invoking command in '/home/jinhyuk2me/ros_ws/pinky/build/pinky_gazebo': CMAKE_PREFIX_PATH=/home/jinhyuk2me/ros_ws/pinky/install/pinky_description:/home/jinhyuk2me/ros_ws/pinky/install/pinky_navigation:/home/jinhyuk2me/ros_ws/pinky/install/pinky_gazebo:/opt/ros/jazzy/opt/gz_sim_vendor:/opt/ros/jazzy/opt/gz_sensors_vendor:/opt/ros/jazzy/opt/gz_physics_vendor:/opt/ros/jazzy/opt/sdformat_vendor:/opt/ros/jazzy/opt/gz_gui_vendor:/opt/ros/jazzy/opt/gz_transport_vendor:/opt/ros/jazzy/opt/gz_rendering_vendor:/opt/ros/jazzy/opt/gz_plugin_vendor:/opt/ros/jazzy/opt/gz_fuel_tools_vendor:/opt/ros/jazzy/opt/gz_msgs_vendor:/opt/ros/jazzy/opt/gz_common_vendor:/opt/ros/jazzy/opt/gz_math_vendor:/opt/ros/jazzy/opt/gz_utils_vendor:/opt/ros/jazzy/opt/gz_tools_vendor:/opt/ros/jazzy/opt/gz_ogre_next_vendor:/opt/ros/jazzy/opt/gz_dartsim_vendor:/opt/ros/jazzy/opt/gz_cmake_vendor:/home/jinhyuk2me/ros_ws/pinky/install/pinky_simple_navigator:/opt/ros/jazzy DEBUGINFOD_URLS=https://debuginfod.ubuntu.com PS1=(ros_venv) \[\e[1;34m\](ID: ${ROS_DOMAIN_ID:-0})\[\e[1;32m\]\u\[\e[0m\]:\[\e[1;34m\]\w\[\e[0m\]$ VIRTUAL_ENV_PROMPT=(ros_venv) /usr/bin/cmake --install /home/jinhyuk2me/ros_ws/pinky/build/pinky_gazebo
[0.709s] -- Install configuration: ""
[0.709s] -- Installing: /home/jinhyuk2me/ros_ws/pinky/install/pinky_gazebo/share/pinky_gazebo/launch
[0.709s] -- Installing: /home/jinhyuk2me/ros_ws/pinky/install/pinky_gazebo/share/pinky_gazebo/launch/launch_sim_resto.launch.xml
[0.709s] -- Installing: /home/jinhyuk2me/ros_ws/pinky/install/pinky_gazebo/share/pinky_gazebo/launch/launch_sim_empty.launch.xml
[0.709s] -- Installing: /home/jinhyuk2me/ros_ws/pinky/install/pinky_gazebo/share/pinky_gazebo/launch/launch_sim.launch.xml
[0.710s] -- Installing: /home/jinhyuk2me/ros_ws/pinky/install/pinky_gazebo/share/pinky_gazebo/worlds
[0.710s] -- Installing: /home/jinhyuk2me/ros_ws/pinky/install/pinky_gazebo/share/pinky_gazebo/worlds/pinky_factory.world
[0.710s] -- Installing: /home/jinhyuk2me/ros_ws/pinky/install/pinky_gazebo/share/pinky_gazebo/worlds/pinky_restaurant_.world
[0.710s] -- Installing: /home/jinhyuk2me/ros_ws/pinky/install/pinky_gazebo/share/pinky_gazebo/worlds/pinky_restaurant.world
[0.710s] -- Installing: /home/jinhyuk2me/ros_ws/pinky/install/pinky_gazebo/share/pinky_gazebo/worlds/pinky_factory_with_arm.world
[0.710s] -- Installing: /home/jinhyuk2me/ros_ws/pinky/install/pinky_gazebo/share/pinky_gazebo/worlds/pinky_map.world
[0.710s] -- Installing: /home/jinhyuk2me/ros_ws/pinky/install/pinky_gazebo/share/pinky_gazebo/worlds/empty.world
[0.710s] -- Installing: /home/jinhyuk2me/ros_ws/pinky/install/pinky_gazebo/share/pinky_gazebo/models
[0.711s] -- Installing: /home/jinhyuk2me/ros_ws/pinky/install/pinky_gazebo/share/pinky_gazebo/models/obj
[0.711s] -- Installing: /home/jinhyuk2me/ros_ws/pinky/install/pinky_gazebo/share/pinky_gazebo/models/obj/obj.obj
[0.711s] -- Installing: /home/jinhyuk2me/ros_ws/pinky/install/pinky_gazebo/share/pinky_gazebo/models/obj/arm_block.obj
[0.711s] -- Installing: /home/jinhyuk2me/ros_ws/pinky/install/pinky_gazebo/share/pinky_gazebo/models/obj/table2.dae
[0.711s] -- Installing: /home/jinhyuk2me/ros_ws/pinky/install/pinky_gazebo/share/pinky_gazebo/models/obj/table.dae
[0.711s] -- Installing: /home/jinhyuk2me/ros_ws/pinky/install/pinky_gazebo/share/pinky_gazebo/models/obj/station.dae
[0.711s] -- Installing: /home/jinhyuk2me/ros_ws/pinky/install/pinky_gazebo/share/pinky_gazebo/models/shelf
[0.711s] -- Installing: /home/jinhyuk2me/ros_ws/pinky/install/pinky_gazebo/share/pinky_gazebo/models/shelf/model.sdf
[0.711s] -- Installing: /home/jinhyuk2me/ros_ws/pinky/install/pinky_gazebo/share/pinky_gazebo/models/shelf/meshes
[0.711s] -- Installing: /home/jinhyuk2me/ros_ws/pinky/install/pinky_gazebo/share/pinky_gazebo/models/shelf/meshes/Box_paper_04_1_Base_Color.png
[0.712s] -- Installing: /home/jinhyuk2me/ros_ws/pinky/install/pinky_gazebo/share/pinky_gazebo/models/shelf/meshes/shelf_big_movai.dae
[0.713s] -- Installing: /home/jinhyuk2me/ros_ws/pinky/install/pinky_gazebo/share/pinky_gazebo/models/shelf/thumbnails
[0.713s] -- Installing: /home/jinhyuk2me/ros_ws/pinky/install/pinky_gazebo/share/pinky_gazebo/models/shelf/thumbnails/1.png
[0.713s] -- Installing: /home/jinhyuk2me/ros_ws/pinky/install/pinky_gazebo/share/pinky_gazebo/models/shelf/model.config
[0.713s] -- Installing: /home/jinhyuk2me/ros_ws/pinky/install/pinky_gazebo/share/pinky_gazebo/models/shelf/original_modl.sdf
[0.713s] -- Installing: /home/jinhyuk2me/ros_ws/pinky/install/pinky_gazebo/share/pinky_gazebo/models/img
[0.713s] -- Installing: /home/jinhyuk2me/ros_ws/pinky/install/pinky_gazebo/share/pinky_gazebo/models/img/pinklab_half.jpg
[0.714s] -- Installing: /home/jinhyuk2me/ros_ws/pinky/install/pinky_gazebo/share/pinky_gazebo/models/img/pinklab.jpg
[0.714s] -- Installing: /home/jinhyuk2me/ros_ws/pinky/install/pinky_gazebo/share/pinky_gazebo/models/robot
[0.714s] -- Installing: /home/jinhyuk2me/ros_ws/pinky/install/pinky_gazebo/share/pinky_gazebo/models/robot/jetcobot.dae
[0.749s] -- Installing: /home/jinhyuk2me/ros_ws/pinky/install/pinky_gazebo/share/pinky_gazebo/params
[0.749s] -- Installing: /home/jinhyuk2me/ros_ws/pinky/install/pinky_gazebo/share/pinky_gazebo/params/pinky_bridge.yaml
[0.750s] -- Installing: /home/jinhyuk2me/ros_ws/pinky/install/pinky_gazebo/share/ament_index/resource_index/package_run_dependencies/pinky_gazebo
[0.750s] -- Installing: /home/jinhyuk2me/ros_ws/pinky/install/pinky_gazebo/share/ament_index/resource_index/parent_prefix_path/pinky_gazebo
[0.750s] -- Installing: /home/jinhyuk2me/ros_ws/pinky/install/pinky_gazebo/share/pinky_gazebo/environment/ament_prefix_path.sh
[0.750s] -- Installing: /home/jinhyuk2me/ros_ws/pinky/install/pinky_gazebo/share/pinky_gazebo/environment/ament_prefix_path.dsv
[0.750s] -- Installing: /home/jinhyuk2me/ros_ws/pinky/install/pinky_gazebo/share/pinky_gazebo/environment/path.sh
[0.750s] -- Installing: /home/jinhyuk2me/ros_ws/pinky/install/pinky_gazebo/share/pinky_gazebo/environment/path.dsv
[0.751s] -- Installing: /home/jinhyuk2me/ros_ws/pinky/install/pinky_gazebo/share/pinky_gazebo/local_setup.bash
[0.751s] -- Installing: /home/jinhyuk2me/ros_ws/pinky/install/pinky_gazebo/share/pinky_gazebo/local_setup.sh
[0.751s] -- Installing: /home/jinhyuk2me/ros_ws/pinky/install/pinky_gazebo/share/pinky_gazebo/local_setup.zsh
[0.751s] -- Installing: /home/jinhyuk2me/ros_ws/pinky/install/pinky_gazebo/share/pinky_gazebo/local_setup.dsv
[0.751s] -- Installing: /home/jinhyuk2me/ros_ws/pinky/install/pinky_gazebo/share/pinky_gazebo/package.dsv
[0.751s] -- Installing: /home/jinhyuk2me/ros_ws/pinky/install/pinky_gazebo/share/ament_index/resource_index/packages/pinky_gazebo
[0.752s] -- Installing: /home/jinhyuk2me/ros_ws/pinky/install/pinky_gazebo/share/pinky_gazebo/cmake/pinky_gazeboConfig.cmake
[0.752s] -- Installing: /home/jinhyuk2me/ros_ws/pinky/install/pinky_gazebo/share/pinky_gazebo/cmake/pinky_gazeboConfig-version.cmake
[0.752s] -- Installing: /home/jinhyuk2me/ros_ws/pinky/install/pinky_gazebo/share/pinky_gazebo/package.xml
[0.754s] Invoked command in '/home/jinhyuk2me/ros_ws/pinky/build/pinky_gazebo' returned '0': CMAKE_PREFIX_PATH=/home/jinhyuk2me/ros_ws/pinky/install/pinky_description:/home/jinhyuk2me/ros_ws/pinky/install/pinky_navigation:/home/jinhyuk2me/ros_ws/pinky/install/pinky_gazebo:/opt/ros/jazzy/opt/gz_sim_vendor:/opt/ros/jazzy/opt/gz_sensors_vendor:/opt/ros/jazzy/opt/gz_physics_vendor:/opt/ros/jazzy/opt/sdformat_vendor:/opt/ros/jazzy/opt/gz_gui_vendor:/opt/ros/jazzy/opt/gz_transport_vendor:/opt/ros/jazzy/opt/gz_rendering_vendor:/opt/ros/jazzy/opt/gz_plugin_vendor:/opt/ros/jazzy/opt/gz_fuel_tools_vendor:/opt/ros/jazzy/opt/gz_msgs_vendor:/opt/ros/jazzy/opt/gz_common_vendor:/opt/ros/jazzy/opt/gz_math_vendor:/opt/ros/jazzy/opt/gz_utils_vendor:/opt/ros/jazzy/opt/gz_tools_vendor:/opt/ros/jazzy/opt/gz_ogre_next_vendor:/opt/ros/jazzy/opt/gz_dartsim_vendor:/opt/ros/jazzy/opt/gz_cmake_vendor:/home/jinhyuk2me/ros_ws/pinky/install/pinky_simple_navigator:/opt/ros/jazzy DEBUGINFOD_URLS=https://debuginfod.ubuntu.com PS1=(ros_venv) \[\e[1;34m\](ID: ${ROS_DOMAIN_ID:-0})\[\e[1;32m\]\u\[\e[0m\]:\[\e[1;34m\]\w\[\e[0m\]$ VIRTUAL_ENV_PROMPT=(ros_venv) /usr/bin/cmake --install /home/jinhyuk2me/ros_ws/pinky/build/pinky_gazebo
