running egg_info
writing ../../build/my_tf/my_tf.egg-info/PKG-INFO
writing dependency_links to ../../build/my_tf/my_tf.egg-info/dependency_links.txt
writing entry points to ../../build/my_tf/my_tf.egg-info/entry_points.txt
writing requirements to ../../build/my_tf/my_tf.egg-info/requires.txt
writing top-level names to ../../build/my_tf/my_tf.egg-info/top_level.txt
reading manifest file '../../build/my_tf/my_tf.egg-info/SOURCES.txt'
writing manifest file '../../build/my_tf/my_tf.egg-info/SOURCES.txt'
running build
running build_py
copying my_tf/my_tf_2.py -> /home/jinhyuk2me/my_tf_tutorials/build/my_tf/build/lib/my_tf
running install
running install_lib
copying /home/jinhyuk2me/my_tf_tutorials/build/my_tf/build/lib/my_tf/my_tf_2.py -> /home/jinhyuk2me/my_tf_tutorials/install/my_tf/lib/python3.12/site-packages/my_tf
byte-compiling /home/jinhyuk2me/my_tf_tutorials/install/my_tf/lib/python3.12/site-packages/my_tf/my_tf_2.py to my_tf_2.cpython-312.pyc
running install_data
running install_egg_info
removing '/home/jinhyuk2me/my_tf_tutorials/install/my_tf/lib/python3.12/site-packages/my_tf-0.0.0-py3.12.egg-info' (and everything under it)
Copying ../../build/my_tf/my_tf.egg-info to /home/jinhyuk2me/my_tf_tutorials/install/my_tf/lib/python3.12/site-packages/my_tf-0.0.0-py3.12.egg-info
running install_scripts
Installing my_tf_1 script to /home/jinhyuk2me/my_tf_tutorials/install/my_tf/lib/my_tf
Installing my_tf_2 script to /home/jinhyuk2me/my_tf_tutorials/install/my_tf/lib/my_tf
writing list of installed files to '/home/jinhyuk2me/my_tf_tutorials/build/my_tf/install.log'
