[0.638s] Invoking command in '/home/jinhyuk2me/my_tf_tutorials/src/my_tf': DEBUGINFOD_URLS=https://debuginfod.ubuntu.com PS1=(ros_venv) \[\e[1;34m\](ID: ${ROS_DOMAIN_ID:-0})\[\e[1;32m\]\u\[\e[0m\]:\[\e[1;34m\]\w\[\e[0m\]$ PYTHONPATH=/home/jinhyuk2me/my_tf_tutorials/build/my_tf/prefix_override:/usr/lib/python3/dist-packages/colcon_core/task/python/colcon_distutils_commands:/home/jinhyuk2me/my_tf_tutorials/install/my_tf/lib/python3.12/site-packages:${PYTHONPATH} VIRTUAL_ENV_PROMPT=(ros_venv) /usr/bin/python3 -W ignore:setup.py install is deprecated -W ignore:easy_install command is deprecated setup.py egg_info --egg-base ../../build/my_tf build --build-base /home/jinhyuk2me/my_tf_tutorials/build/my_tf/build install --record /home/jinhyuk2me/my_tf_tutorials/build/my_tf/install.log --single-version-externally-managed install_data
[0.851s] running egg_info
[0.868s] writing ../../build/my_tf/my_tf.egg-info/PKG-INFO
[0.868s] writing dependency_links to ../../build/my_tf/my_tf.egg-info/dependency_links.txt
[0.868s] writing entry points to ../../build/my_tf/my_tf.egg-info/entry_points.txt
[0.868s] writing requirements to ../../build/my_tf/my_tf.egg-info/requires.txt
[0.868s] writing top-level names to ../../build/my_tf/my_tf.egg-info/top_level.txt
[0.902s] reading manifest file '../../build/my_tf/my_tf.egg-info/SOURCES.txt'
[0.902s] writing manifest file '../../build/my_tf/my_tf.egg-info/SOURCES.txt'
[0.902s] running build
[0.902s] running build_py
[0.902s] copying my_tf/my_tf_2.py -> /home/jinhyuk2me/my_tf_tutorials/build/my_tf/build/lib/my_tf
[0.903s] running install
[0.907s] running install_lib
[0.924s] copying /home/jinhyuk2me/my_tf_tutorials/build/my_tf/build/lib/my_tf/my_tf_2.py -> /home/jinhyuk2me/my_tf_tutorials/install/my_tf/lib/python3.12/site-packages/my_tf
[0.924s] byte-compiling /home/jinhyuk2me/my_tf_tutorials/install/my_tf/lib/python3.12/site-packages/my_tf/my_tf_2.py to my_tf_2.cpython-312.pyc
[0.925s] running install_data
[0.925s] running install_egg_info
[0.942s] removing '/home/jinhyuk2me/my_tf_tutorials/install/my_tf/lib/python3.12/site-packages/my_tf-0.0.0-py3.12.egg-info' (and everything under it)
[0.942s] Copying ../../build/my_tf/my_tf.egg-info to /home/jinhyuk2me/my_tf_tutorials/install/my_tf/lib/python3.12/site-packages/my_tf-0.0.0-py3.12.egg-info
[0.943s] running install_scripts
[1.054s] Installing my_tf_1 script to /home/jinhyuk2me/my_tf_tutorials/install/my_tf/lib/my_tf
[1.054s] Installing my_tf_2 script to /home/jinhyuk2me/my_tf_tutorials/install/my_tf/lib/my_tf
[1.054s] writing list of installed files to '/home/jinhyuk2me/my_tf_tutorials/build/my_tf/install.log'
[1.071s] Invoked command in '/home/jinhyuk2me/my_tf_tutorials/src/my_tf' returned '0': DEBUGINFOD_URLS=https://debuginfod.ubuntu.com PS1=(ros_venv) \[\e[1;34m\](ID: ${ROS_DOMAIN_ID:-0})\[\e[1;32m\]\u\[\e[0m\]:\[\e[1;34m\]\w\[\e[0m\]$ PYTHONPATH=/home/jinhyuk2me/my_tf_tutorials/build/my_tf/prefix_override:/usr/lib/python3/dist-packages/colcon_core/task/python/colcon_distutils_commands:/home/jinhyuk2me/my_tf_tutorials/install/my_tf/lib/python3.12/site-packages:${PYTHONPATH} VIRTUAL_ENV_PROMPT=(ros_venv) /usr/bin/python3 -W ignore:setup.py install is deprecated -W ignore:easy_install command is deprecated setup.py egg_info --egg-base ../../build/my_tf build --build-base /home/jinhyuk2me/my_tf_tutorials/build/my_tf/build install --record /home/jinhyuk2me/my_tf_tutorials/build/my_tf/install.log --single-version-externally-managed install_data
