running egg_info
writing ../../build/pinky_simple_navigator/pinky_simple_navigator.egg-info/PKG-INFO
writing dependency_links to ../../build/pinky_simple_navigator/pinky_simple_navigator.egg-info/dependency_links.txt
writing entry points to ../../build/pinky_simple_navigator/pinky_simple_navigator.egg-info/entry_points.txt
writing requirements to ../../build/pinky_simple_navigator/pinky_simple_navigator.egg-info/requires.txt
writing top-level names to ../../build/pinky_simple_navigator/pinky_simple_navigator.egg-info/top_level.txt
reading manifest file '../../build/pinky_simple_navigator/pinky_simple_navigator.egg-info/SOURCES.txt'
writing manifest file '../../build/pinky_simple_navigator/pinky_simple_navigator.egg-info/SOURCES.txt'
running build
running build_py
copying pinky_simple_navigator/simple_navigator.py -> /home/jinhyuk2me/ros_ws/pinky/build/pinky_simple_navigator/build/lib/pinky_simple_navigator
running install
running install_lib
copying /home/jinhyuk2me/ros_ws/pinky/build/pinky_simple_navigator/build/lib/pinky_simple_navigator/simple_navigator.py -> /home/jinhyuk2me/ros_ws/pinky/install/pinky_simple_navigator/lib/python3.12/site-packages/pinky_simple_navigator
byte-compiling /home/jinhyuk2me/ros_ws/pinky/install/pinky_simple_navigator/lib/python3.12/site-packages/pinky_simple_navigator/simple_navigator.py to simple_navigator.cpython-312.pyc
running install_data
running install_egg_info
removing '/home/jinhyuk2me/ros_ws/pinky/install/pinky_simple_navigator/lib/python3.12/site-packages/pinky_simple_navigator-0.0.0-py3.12.egg-info' (and everything under it)
Copying ../../build/pinky_simple_navigator/pinky_simple_navigator.egg-info to /home/jinhyuk2me/ros_ws/pinky/install/pinky_simple_navigator/lib/python3.12/site-packages/pinky_simple_navigator-0.0.0-py3.12.egg-info
running install_scripts
Installing simple_navigator script to /home/jinhyuk2me/ros_ws/pinky/install/pinky_simple_navigator/lib/pinky_simple_navigator
writing list of installed files to '/home/jinhyuk2me/ros_ws/pinky/build/pinky_simple_navigator/install.log'
