[0.679s] Invoking command in '/home/jinhyuk2me/ros_ws/pinky/src/pinky_simple_navigator': DEBUGINFOD_URLS=https://debuginfod.ubuntu.com PS1=(ros_venv) \[\e[1;34m\](ID: ${ROS_DOMAIN_ID:-0})\[\e[1;32m\]\u\[\e[0m\]:\[\e[1;34m\]\w\[\e[0m\]$ PYTHONPATH=/home/jinhyuk2me/ros_ws/pinky/build/pinky_simple_navigator/prefix_override:/usr/lib/python3/dist-packages/colcon_core/task/python/colcon_distutils_commands:/home/jinhyuk2me/ros_ws/pinky/install/pinky_simple_navigator/lib/python3.12/site-packages:${PYTHONPATH} VIRTUAL_ENV_PROMPT=(ros_venv) /usr/bin/python3 -W ignore:setup.py install is deprecated -W ignore:easy_install command is deprecated setup.py egg_info --egg-base ../../build/pinky_simple_navigator build --build-base /home/jinhyuk2me/ros_ws/pinky/build/pinky_simple_navigator/build install --record /home/jinhyuk2me/ros_ws/pinky/build/pinky_simple_navigator/install.log --single-version-externally-managed install_data
[0.899s] running egg_info
[0.916s] writing ../../build/pinky_simple_navigator/pinky_simple_navigator.egg-info/PKG-INFO
[0.916s] writing dependency_links to ../../build/pinky_simple_navigator/pinky_simple_navigator.egg-info/dependency_links.txt
[0.916s] writing entry points to ../../build/pinky_simple_navigator/pinky_simple_navigator.egg-info/entry_points.txt
[0.916s] writing requirements to ../../build/pinky_simple_navigator/pinky_simple_navigator.egg-info/requires.txt
[0.916s] writing top-level names to ../../build/pinky_simple_navigator/pinky_simple_navigator.egg-info/top_level.txt
[0.951s] reading manifest file '../../build/pinky_simple_navigator/pinky_simple_navigator.egg-info/SOURCES.txt'
[0.952s] writing manifest file '../../build/pinky_simple_navigator/pinky_simple_navigator.egg-info/SOURCES.txt'
[0.952s] running build
[0.952s] running build_py
[0.952s] copying pinky_simple_navigator/simple_navigator.py -> /home/jinhyuk2me/ros_ws/pinky/build/pinky_simple_navigator/build/lib/pinky_simple_navigator
[0.952s] running install
[0.957s] running install_lib
[0.974s] copying /home/jinhyuk2me/ros_ws/pinky/build/pinky_simple_navigator/build/lib/pinky_simple_navigator/simple_navigator.py -> /home/jinhyuk2me/ros_ws/pinky/install/pinky_simple_navigator/lib/python3.12/site-packages/pinky_simple_navigator
[0.975s] byte-compiling /home/jinhyuk2me/ros_ws/pinky/install/pinky_simple_navigator/lib/python3.12/site-packages/pinky_simple_navigator/simple_navigator.py to simple_navigator.cpython-312.pyc
[0.976s] running install_data
[0.976s] running install_egg_info
[0.994s] removing '/home/jinhyuk2me/ros_ws/pinky/install/pinky_simple_navigator/lib/python3.12/site-packages/pinky_simple_navigator-0.0.0-py3.12.egg-info' (and everything under it)
[0.994s] Copying ../../build/pinky_simple_navigator/pinky_simple_navigator.egg-info to /home/jinhyuk2me/ros_ws/pinky/install/pinky_simple_navigator/lib/python3.12/site-packages/pinky_simple_navigator-0.0.0-py3.12.egg-info
[0.995s] running install_scripts
[1.116s] Installing simple_navigator script to /home/jinhyuk2me/ros_ws/pinky/install/pinky_simple_navigator/lib/pinky_simple_navigator
[1.116s] writing list of installed files to '/home/jinhyuk2me/ros_ws/pinky/build/pinky_simple_navigator/install.log'
[1.133s] Invoked command in '/home/jinhyuk2me/ros_ws/pinky/src/pinky_simple_navigator' returned '0': DEBUGINFOD_URLS=https://debuginfod.ubuntu.com PS1=(ros_venv) \[\e[1;34m\](ID: ${ROS_DOMAIN_ID:-0})\[\e[1;32m\]\u\[\e[0m\]:\[\e[1;34m\]\w\[\e[0m\]$ PYTHONPATH=/home/jinhyuk2me/ros_ws/pinky/build/pinky_simple_navigator/prefix_override:/usr/lib/python3/dist-packages/colcon_core/task/python/colcon_distutils_commands:/home/jinhyuk2me/ros_ws/pinky/install/pinky_simple_navigator/lib/python3.12/site-packages:${PYTHONPATH} VIRTUAL_ENV_PROMPT=(ros_venv) /usr/bin/python3 -W ignore:setup.py install is deprecated -W ignore:easy_install command is deprecated setup.py egg_info --egg-base ../../build/pinky_simple_navigator build --build-base /home/jinhyuk2me/ros_ws/pinky/build/pinky_simple_navigator/build install --record /home/jinhyuk2me/ros_ws/pinky/build/pinky_simple_navigator/install.log --single-version-externally-managed install_data
