[0.172s] Invoking command in '/home/jinhyuk2me/ros_ws/build/my_first_package_msgs': CMAKE_PREFIX_PATH=${CMAKE_PREFIX_PATH}:/home/jinhyuk2me/ros_ws/install/my_first_package:/opt/ros/jazzy DEBUGINFOD_URLS=https://debuginfod.ubuntu.com VIRTUAL_ENV_PROMPT=(ros_venv) /usr/bin/cmake --build /home/jinhyuk2me/ros_ws/build/my_first_package_msgs -- -j12 -l12
[0.196s] -- Found ament_cmake: 2.5.4 (/opt/ros/jazzy/share/ament_cmake/cmake)
[0.214s] -- Found Python3: /home/jinhyuk2me/venv/ros_venv/bin/python3 (found version "3.12.3") found components: Interpreter 
[0.274s] -- Found rosidl_default_generators: 1.6.0 (/opt/ros/jazzy/share/rosidl_default_generators/cmake)
[0.276s] -- Using all available rosidl_typesupport_c: rosidl_typesupport_fastrtps_c;rosidl_typesupport_introspection_c
[0.303s] -- Using all available rosidl_typesupport_cpp: rosidl_typesupport_fastrtps_cpp;rosidl_typesupport_introspection_cpp
[0.325s] -- Found rosidl_adapter: 4.6.6 (/opt/ros/jazzy/share/rosidl_adapter/cmake)
[0.541s] -- Found ament_cmake_ros: 0.12.0 (/opt/ros/jazzy/share/ament_cmake_ros/cmake)
[0.602s] -- Using all available rosidl_typesupport_c: rosidl_typesupport_fastrtps_c;rosidl_typesupport_introspection_c
[0.684s] -- Using all available rosidl_typesupport_cpp: rosidl_typesupport_fastrtps_cpp;rosidl_typesupport_introspection_cpp
[0.685s] -- Found python_cmake_module: 0.11.1 (/opt/ros/jazzy/share/python_cmake_module/cmake)
[0.910s] -- Found Python3: /home/jinhyuk2me/venv/ros_venv/bin/python3 (found version "3.12.3") found components: Interpreter Development NumPy Development.Module Development.Embed 
[0.919s] -- Found ament_lint_auto: 0.17.3 (/opt/ros/jazzy/share/ament_lint_auto/cmake)
[0.927s] -- Added test 'lint_cmake' to check CMake code style
[0.928s] -- Added test 'xmllint' to check XML markup files
[0.929s] -- Configuring done (0.7s)
[0.961s] -- Generating done (0.0s)
[0.971s] -- Build files have been written to: /home/jinhyuk2me/ros_ws/build/my_first_package_msgs
[1.010s] [  2%] [34m[1mGenerating type hashes for ROS interfaces[0m
[1.020s] [  2%] Built target ament_cmake_python_copy_my_first_package_msgs
[1.177s] [  2%] Built target my_first_package_msgs__rosidl_generator_type_description
[1.188s] running egg_info
[1.190s] [  4%] [34m[1mGenerating C code for ROS interfaces[0m
[1.201s] writing my_first_package_msgs.egg-info/PKG-INFO
[1.202s] writing dependency_links to my_first_package_msgs.egg-info/dependency_links.txt
[1.202s] writing top-level names to my_first_package_msgs.egg-info/top_level.txt
[1.202s] [  6%] [34m[1mGenerating C++ code for ROS interfaces[0m
[1.241s] reading manifest file 'my_first_package_msgs.egg-info/SOURCES.txt'
[1.241s] writing manifest file 'my_first_package_msgs.egg-info/SOURCES.txt'
[1.267s] [  6%] Built target ament_cmake_python_build_my_first_package_msgs_egg
[1.486s] [  6%] Built target my_first_package_msgs__cpp
[1.539s] [  9%] [32mBuilding C object CMakeFiles/my_first_package_msgs__rosidl_generator_c.dir/rosidl_generator_c/my_first_package_msgs/msg/detail/cmd_and_pose_vel__description.c.o[0m
[1.540s] [ 11%] [32mBuilding C object CMakeFiles/my_first_package_msgs__rosidl_generator_c.dir/rosidl_generator_c/my_first_package_msgs/msg/detail/cmd_and_pose_vel__type_support.c.o[0m
[1.542s] [ 13%] [32mBuilding C object CMakeFiles/my_first_package_msgs__rosidl_generator_c.dir/rosidl_generator_c/my_first_package_msgs/srv/detail/multi_spawn__description.c.o[0m
[1.542s] [ 15%] [32mBuilding C object CMakeFiles/my_first_package_msgs__rosidl_generator_c.dir/rosidl_generator_c/my_first_package_msgs/srv/detail/multi_spawn__functions.c.o[0m
[1.544s] [ 18%] [32mBuilding C object CMakeFiles/my_first_package_msgs__rosidl_generator_c.dir/rosidl_generator_c/my_first_package_msgs/msg/detail/cmd_and_pose_vel__functions.c.o[0m
[1.544s] [ 20%] [32mBuilding C object CMakeFiles/my_first_package_msgs__rosidl_generator_c.dir/rosidl_generator_c/my_first_package_msgs/srv/detail/multi_spawn__type_support.c.o[0m
[1.608s] [ 22%] [32m[1mLinking C shared library libmy_first_package_msgs__rosidl_generator_c.so[0m
[1.647s] [ 22%] Built target my_first_package_msgs__rosidl_generator_c
[1.659s] [ 25%] [34m[1mGenerating C++ type support for eProsima Fast-RTPS[0m
[1.663s] [ 29%] [34m[1mGenerating C type support for eProsima Fast-RTPS[0m
[1.663s] [ 29%] [34m[1mGenerating C++ introspection for ROS interfaces[0m
[1.663s] [ 31%] [34m[1mGenerating C type support dispatch for ROS interfaces[0m
[1.664s] [ 34%] [34m[1mGenerating C++ type support dispatch for ROS interfaces[0m
[1.665s] [ 36%] [34m[1mGenerating C introspection for ROS interfaces[0m
[1.905s] [ 38%] [32mBuilding CXX object CMakeFiles/my_first_package_msgs__rosidl_typesupport_c.dir/rosidl_typesupport_c/my_first_package_msgs/msg/cmd_and_pose_vel__type_support.cpp.o[0m
[1.905s] [ 40%] [32mBuilding CXX object CMakeFiles/my_first_package_msgs__rosidl_typesupport_c.dir/rosidl_typesupport_c/my_first_package_msgs/srv/multi_spawn__type_support.cpp.o[0m
[1.919s] [ 43%] [32mBuilding CXX object CMakeFiles/my_first_package_msgs__rosidl_typesupport_cpp.dir/rosidl_typesupport_cpp/my_first_package_msgs/msg/cmd_and_pose_vel__type_support.cpp.o[0m
[1.919s] [ 45%] [32mBuilding CXX object CMakeFiles/my_first_package_msgs__rosidl_typesupport_cpp.dir/rosidl_typesupport_cpp/my_first_package_msgs/srv/multi_spawn__type_support.cpp.o[0m
[1.947s] [ 47%] [32mBuilding CXX object CMakeFiles/my_first_package_msgs__rosidl_typesupport_introspection_cpp.dir/rosidl_typesupport_introspection_cpp/my_first_package_msgs/msg/detail/cmd_and_pose_vel__type_support.cpp.o[0m
[1.947s] [ 50%] [32mBuilding CXX object CMakeFiles/my_first_package_msgs__rosidl_typesupport_introspection_cpp.dir/rosidl_typesupport_introspection_cpp/my_first_package_msgs/srv/detail/multi_spawn__type_support.cpp.o[0m
[1.964s] [ 52%] [32mBuilding C object CMakeFiles/my_first_package_msgs__rosidl_typesupport_introspection_c.dir/rosidl_typesupport_introspection_c/my_first_package_msgs/srv/detail/multi_spawn__type_support.c.o[0m
[1.966s] [ 54%] [32mBuilding C object CMakeFiles/my_first_package_msgs__rosidl_typesupport_introspection_c.dir/rosidl_typesupport_introspection_c/my_first_package_msgs/msg/detail/cmd_and_pose_vel__type_support.c.o[0m
[1.971s] [ 56%] [32m[1mLinking CXX shared library libmy_first_package_msgs__rosidl_typesupport_c.so[0m
[2.021s] [ 59%] [32mBuilding CXX object CMakeFiles/my_first_package_msgs__rosidl_typesupport_fastrtps_cpp.dir/rosidl_typesupport_fastrtps_cpp/my_first_package_msgs/msg/detail/dds_fastrtps/cmd_and_pose_vel__type_support.cpp.o[0m
[2.021s] [ 61%] [32mBuilding CXX object CMakeFiles/my_first_package_msgs__rosidl_typesupport_fastrtps_cpp.dir/rosidl_typesupport_fastrtps_cpp/my_first_package_msgs/srv/detail/dds_fastrtps/multi_spawn__type_support.cpp.o[0m
[2.033s] [ 63%] [32m[1mLinking C shared library libmy_first_package_msgs__rosidl_typesupport_introspection_c.so[0m
[2.035s] [ 63%] Built target my_first_package_msgs__rosidl_typesupport_c
[2.090s] [ 63%] Built target my_first_package_msgs__rosidl_typesupport_introspection_c
[2.113s] [ 68%] [32mBuilding CXX object CMakeFiles/my_first_package_msgs__rosidl_typesupport_fastrtps_c.dir/rosidl_typesupport_fastrtps_c/my_first_package_msgs/msg/detail/cmd_and_pose_vel__type_support_c.cpp.o[0m
[2.113s] [ 68%] [32mBuilding CXX object CMakeFiles/my_first_package_msgs__rosidl_typesupport_fastrtps_c.dir/rosidl_typesupport_fastrtps_c/my_first_package_msgs/srv/detail/multi_spawn__type_support_c.cpp.o[0m
[2.299s] [ 70%] [32m[1mLinking CXX shared library libmy_first_package_msgs__rosidl_typesupport_cpp.so[0m
[2.372s] [ 70%] Built target my_first_package_msgs__rosidl_typesupport_cpp
[2.394s] [ 72%] [32m[1mLinking CXX shared library libmy_first_package_msgs__rosidl_typesupport_introspection_cpp.so[0m
[2.459s] [ 72%] Built target my_first_package_msgs__rosidl_typesupport_introspection_cpp
[2.548s] [ 75%] [32m[1mLinking CXX shared library libmy_first_package_msgs__rosidl_typesupport_fastrtps_c.so[0m
[2.575s] [ 77%] [32m[1mLinking CXX shared library libmy_first_package_msgs__rosidl_typesupport_fastrtps_cpp.so[0m
[2.592s] [ 77%] Built target my_first_package_msgs__rosidl_typesupport_fastrtps_c
[2.646s] [ 77%] Built target my_first_package_msgs__rosidl_typesupport_fastrtps_cpp
[2.670s] [ 77%] Built target my_first_package_msgs
[2.695s] [ 79%] [34m[1mGenerating Python code for ROS interfaces[0m
[3.117s] [ 79%] Built target my_first_package_msgs__py
[3.148s] [ 84%] [32mBuilding C object CMakeFiles/my_first_package_msgs__rosidl_generator_py.dir/rosidl_generator_py/my_first_package_msgs/srv/_multi_spawn_s.c.o[0m
[3.148s] [ 84%] [32mBuilding C object CMakeFiles/my_first_package_msgs__rosidl_generator_py.dir/rosidl_generator_py/my_first_package_msgs/msg/_cmd_and_pose_vel_s.c.o[0m
[3.295s] [ 86%] [32m[1mLinking C shared library libmy_first_package_msgs__rosidl_generator_py.so[0m
[3.339s] [ 86%] Built target my_first_package_msgs__rosidl_generator_py
[3.370s] [ 88%] [32mBuilding C object CMakeFiles/my_first_package_msgs_s__rosidl_typesupport_fastrtps_c.dir/rosidl_generator_py/my_first_package_msgs/_my_first_package_msgs_s.ep.rosidl_typesupport_fastrtps_c.c.o[0m
[3.370s] [ 90%] [32mBuilding C object CMakeFiles/my_first_package_msgs_s__rosidl_typesupport_c.dir/rosidl_generator_py/my_first_package_msgs/_my_first_package_msgs_s.ep.rosidl_typesupport_c.c.o[0m
[3.371s] [ 93%] [32mBuilding C object CMakeFiles/my_first_package_msgs_s__rosidl_typesupport_introspection_c.dir/rosidl_generator_py/my_first_package_msgs/_my_first_package_msgs_s.ep.rosidl_typesupport_introspection_c.c.o[0m
[3.468s] [ 95%] [32m[1mLinking C shared module rosidl_generator_py/my_first_package_msgs/my_first_package_msgs_s__rosidl_typesupport_c.so[0m
[3.471s] [ 97%] [32m[1mLinking C shared module rosidl_generator_py/my_first_package_msgs/my_first_package_msgs_s__rosidl_typesupport_introspection_c.so[0m
[3.482s] [100%] [32m[1mLinking C shared module rosidl_generator_py/my_first_package_msgs/my_first_package_msgs_s__rosidl_typesupport_fastrtps_c.so[0m
[3.506s] [100%] Built target my_first_package_msgs_s__rosidl_typesupport_c
[3.510s] [100%] Built target my_first_package_msgs_s__rosidl_typesupport_introspection_c
[3.519s] [100%] Built target my_first_package_msgs_s__rosidl_typesupport_fastrtps_c
[3.534s] Invoked command in '/home/jinhyuk2me/ros_ws/build/my_first_package_msgs' returned '0': CMAKE_PREFIX_PATH=${CMAKE_PREFIX_PATH}:/home/jinhyuk2me/ros_ws/install/my_first_package:/opt/ros/jazzy DEBUGINFOD_URLS=https://debuginfod.ubuntu.com VIRTUAL_ENV_PROMPT=(ros_venv) /usr/bin/cmake --build /home/jinhyuk2me/ros_ws/build/my_first_package_msgs -- -j12 -l12
[3.545s] Invoking command in '/home/jinhyuk2me/ros_ws/build/my_first_package_msgs': CMAKE_PREFIX_PATH=${CMAKE_PREFIX_PATH}:/home/jinhyuk2me/ros_ws/install/my_first_package:/opt/ros/jazzy DEBUGINFOD_URLS=https://debuginfod.ubuntu.com VIRTUAL_ENV_PROMPT=(ros_venv) /usr/bin/cmake --install /home/jinhyuk2me/ros_ws/build/my_first_package_msgs
[3.556s] -- Install configuration: ""
[3.556s] -- Installing: /home/jinhyuk2me/ros_ws/install/my_first_package_msgs/share/ament_index/resource_index/rosidl_interfaces/my_first_package_msgs
[3.556s] -- Installing: /home/jinhyuk2me/ros_ws/install/my_first_package_msgs/share/my_first_package_msgs/msg/CmdAndPoseVel.json
[3.556s] -- Installing: /home/jinhyuk2me/ros_ws/install/my_first_package_msgs/share/my_first_package_msgs/srv/MultiSpawn.json
[3.556s] -- Up-to-date: /home/jinhyuk2me/ros_ws/install/my_first_package_msgs/include/my_first_package_msgs/my_first_package_msgs
[3.556s] -- Installing: /home/jinhyuk2me/ros_ws/install/my_first_package_msgs/include/my_first_package_msgs/my_first_package_msgs/srv
[3.556s] -- Installing: /home/jinhyuk2me/ros_ws/install/my_first_package_msgs/include/my_first_package_msgs/my_first_package_msgs/srv/multi_spawn.h
[3.557s] -- Installing: /home/jinhyuk2me/ros_ws/install/my_first_package_msgs/include/my_first_package_msgs/my_first_package_msgs/srv/detail
[3.557s] -- Installing: /home/jinhyuk2me/ros_ws/install/my_first_package_msgs/include/my_first_package_msgs/my_first_package_msgs/srv/detail/multi_spawn__functions.c
[3.557s] -- Installing: /home/jinhyuk2me/ros_ws/install/my_first_package_msgs/include/my_first_package_msgs/my_first_package_msgs/srv/detail/multi_spawn__type_support.h
[3.557s] -- Installing: /home/jinhyuk2me/ros_ws/install/my_first_package_msgs/include/my_first_package_msgs/my_first_package_msgs/srv/detail/multi_spawn__description.c
[3.557s] -- Installing: /home/jinhyuk2me/ros_ws/install/my_first_package_msgs/include/my_first_package_msgs/my_first_package_msgs/srv/detail/multi_spawn__type_support.c
[3.557s] -- Installing: /home/jinhyuk2me/ros_ws/install/my_first_package_msgs/include/my_first_package_msgs/my_first_package_msgs/srv/detail/multi_spawn__struct.h
[3.557s] -- Installing: /home/jinhyuk2me/ros_ws/install/my_first_package_msgs/include/my_first_package_msgs/my_first_package_msgs/srv/detail/multi_spawn__functions.h
[3.557s] -- Up-to-date: /home/jinhyuk2me/ros_ws/install/my_first_package_msgs/include/my_first_package_msgs/my_first_package_msgs/msg
[3.558s] -- Up-to-date: /home/jinhyuk2me/ros_ws/install/my_first_package_msgs/include/my_first_package_msgs/my_first_package_msgs/msg/rosidl_generator_c__visibility_control.h
[3.558s] -- Installing: /home/jinhyuk2me/ros_ws/install/my_first_package_msgs/include/my_first_package_msgs/my_first_package_msgs/msg/cmd_and_pose_vel.h
[3.558s] -- Up-to-date: /home/jinhyuk2me/ros_ws/install/my_first_package_msgs/include/my_first_package_msgs/my_first_package_msgs/msg/detail
[3.558s] -- Installing: /home/jinhyuk2me/ros_ws/install/my_first_package_msgs/include/my_first_package_msgs/my_first_package_msgs/msg/detail/cmd_and_pose_vel__type_support.c
[3.558s] -- Installing: /home/jinhyuk2me/ros_ws/install/my_first_package_msgs/include/my_first_package_msgs/my_first_package_msgs/msg/detail/cmd_and_pose_vel__functions.c
[3.558s] -- Installing: /home/jinhyuk2me/ros_ws/install/my_first_package_msgs/include/my_first_package_msgs/my_first_package_msgs/msg/detail/cmd_and_pose_vel__functions.h
[3.558s] -- Installing: /home/jinhyuk2me/ros_ws/install/my_first_package_msgs/include/my_first_package_msgs/my_first_package_msgs/msg/detail/cmd_and_pose_vel__struct.h
[3.558s] -- Installing: /home/jinhyuk2me/ros_ws/install/my_first_package_msgs/include/my_first_package_msgs/my_first_package_msgs/msg/detail/cmd_and_pose_vel__type_support.h
[3.559s] -- Installing: /home/jinhyuk2me/ros_ws/install/my_first_package_msgs/include/my_first_package_msgs/my_first_package_msgs/msg/detail/cmd_and_pose_vel__description.c
[3.559s] -- Up-to-date: /home/jinhyuk2me/ros_ws/install/my_first_package_msgs/share/my_first_package_msgs/environment/library_path.sh
[3.559s] -- Up-to-date: /home/jinhyuk2me/ros_ws/install/my_first_package_msgs/share/my_first_package_msgs/environment/library_path.dsv
[3.559s] -- Installing: /home/jinhyuk2me/ros_ws/install/my_first_package_msgs/lib/libmy_first_package_msgs__rosidl_generator_c.so
[3.559s] -- Set non-toolchain portion of runtime path of "/home/jinhyuk2me/ros_ws/install/my_first_package_msgs/lib/libmy_first_package_msgs__rosidl_generator_c.so" to ""
[3.559s] -- Up-to-date: /home/jinhyuk2me/ros_ws/install/my_first_package_msgs/include/my_first_package_msgs/my_first_package_msgs
[3.559s] -- Up-to-date: /home/jinhyuk2me/ros_ws/install/my_first_package_msgs/include/my_first_package_msgs/my_first_package_msgs/srv
[3.560s] -- Up-to-date: /home/jinhyuk2me/ros_ws/install/my_first_package_msgs/include/my_first_package_msgs/my_first_package_msgs/srv/detail
[3.560s] -- Installing: /home/jinhyuk2me/ros_ws/install/my_first_package_msgs/include/my_first_package_msgs/my_first_package_msgs/srv/detail/multi_spawn__rosidl_typesupport_fastrtps_c.h
[3.560s] -- Up-to-date: /home/jinhyuk2me/ros_ws/install/my_first_package_msgs/include/my_first_package_msgs/my_first_package_msgs/msg
[3.560s] -- Up-to-date: /home/jinhyuk2me/ros_ws/install/my_first_package_msgs/include/my_first_package_msgs/my_first_package_msgs/msg/rosidl_typesupport_fastrtps_c__visibility_control.h
[3.560s] -- Up-to-date: /home/jinhyuk2me/ros_ws/install/my_first_package_msgs/include/my_first_package_msgs/my_first_package_msgs/msg/detail
[3.560s] -- Installing: /home/jinhyuk2me/ros_ws/install/my_first_package_msgs/include/my_first_package_msgs/my_first_package_msgs/msg/detail/cmd_and_pose_vel__rosidl_typesupport_fastrtps_c.h
[3.560s] -- Installing: /home/jinhyuk2me/ros_ws/install/my_first_package_msgs/lib/libmy_first_package_msgs__rosidl_typesupport_fastrtps_c.so
[3.560s] -- Set non-toolchain portion of runtime path of "/home/jinhyuk2me/ros_ws/install/my_first_package_msgs/lib/libmy_first_package_msgs__rosidl_typesupport_fastrtps_c.so" to ""
[3.560s] -- Up-to-date: /home/jinhyuk2me/ros_ws/install/my_first_package_msgs/include/my_first_package_msgs/my_first_package_msgs
[3.560s] -- Up-to-date: /home/jinhyuk2me/ros_ws/install/my_first_package_msgs/include/my_first_package_msgs/my_first_package_msgs/srv
[3.561s] -- Up-to-date: /home/jinhyuk2me/ros_ws/install/my_first_package_msgs/include/my_first_package_msgs/my_first_package_msgs/srv/detail
[3.561s] -- Installing: /home/jinhyuk2me/ros_ws/install/my_first_package_msgs/include/my_first_package_msgs/my_first_package_msgs/srv/detail/multi_spawn__rosidl_typesupport_introspection_c.h
[3.561s] -- Up-to-date: /home/jinhyuk2me/ros_ws/install/my_first_package_msgs/include/my_first_package_msgs/my_first_package_msgs/srv/detail/multi_spawn__type_support.c
[3.561s] -- Up-to-date: /home/jinhyuk2me/ros_ws/install/my_first_package_msgs/include/my_first_package_msgs/my_first_package_msgs/msg
[3.561s] -- Up-to-date: /home/jinhyuk2me/ros_ws/install/my_first_package_msgs/include/my_first_package_msgs/my_first_package_msgs/msg/rosidl_typesupport_introspection_c__visibility_control.h
[3.561s] -- Up-to-date: /home/jinhyuk2me/ros_ws/install/my_first_package_msgs/include/my_first_package_msgs/my_first_package_msgs/msg/detail
[3.561s] -- Installing: /home/jinhyuk2me/ros_ws/install/my_first_package_msgs/include/my_first_package_msgs/my_first_package_msgs/msg/detail/cmd_and_pose_vel__rosidl_typesupport_introspection_c.h
[3.561s] -- Up-to-date: /home/jinhyuk2me/ros_ws/install/my_first_package_msgs/include/my_first_package_msgs/my_first_package_msgs/msg/detail/cmd_and_pose_vel__type_support.c
[3.561s] -- Installing: /home/jinhyuk2me/ros_ws/install/my_first_package_msgs/lib/libmy_first_package_msgs__rosidl_typesupport_introspection_c.so
[3.561s] -- Set non-toolchain portion of runtime path of "/home/jinhyuk2me/ros_ws/install/my_first_package_msgs/lib/libmy_first_package_msgs__rosidl_typesupport_introspection_c.so" to ""
[3.561s] -- Installing: /home/jinhyuk2me/ros_ws/install/my_first_package_msgs/lib/libmy_first_package_msgs__rosidl_typesupport_c.so
[3.562s] -- Set non-toolchain portion of runtime path of "/home/jinhyuk2me/ros_ws/install/my_first_package_msgs/lib/libmy_first_package_msgs__rosidl_typesupport_c.so" to ""
[3.562s] -- Up-to-date: /home/jinhyuk2me/ros_ws/install/my_first_package_msgs/include/my_first_package_msgs/my_first_package_msgs
[3.562s] -- Up-to-date: /home/jinhyuk2me/ros_ws/install/my_first_package_msgs/include/my_first_package_msgs/my_first_package_msgs/srv
[3.562s] -- Installing: /home/jinhyuk2me/ros_ws/install/my_first_package_msgs/include/my_first_package_msgs/my_first_package_msgs/srv/multi_spawn.hpp
[3.562s] -- Up-to-date: /home/jinhyuk2me/ros_ws/install/my_first_package_msgs/include/my_first_package_msgs/my_first_package_msgs/srv/detail
[3.562s] -- Installing: /home/jinhyuk2me/ros_ws/install/my_first_package_msgs/include/my_first_package_msgs/my_first_package_msgs/srv/detail/multi_spawn__builder.hpp
[3.562s] -- Installing: /home/jinhyuk2me/ros_ws/install/my_first_package_msgs/include/my_first_package_msgs/my_first_package_msgs/srv/detail/multi_spawn__traits.hpp
[3.562s] -- Installing: /home/jinhyuk2me/ros_ws/install/my_first_package_msgs/include/my_first_package_msgs/my_first_package_msgs/srv/detail/multi_spawn__struct.hpp
[3.562s] -- Installing: /home/jinhyuk2me/ros_ws/install/my_first_package_msgs/include/my_first_package_msgs/my_first_package_msgs/srv/detail/multi_spawn__type_support.hpp
[3.562s] -- Up-to-date: /home/jinhyuk2me/ros_ws/install/my_first_package_msgs/include/my_first_package_msgs/my_first_package_msgs/msg
[3.563s] -- Installing: /home/jinhyuk2me/ros_ws/install/my_first_package_msgs/include/my_first_package_msgs/my_first_package_msgs/msg/cmd_and_pose_vel.hpp
[3.563s] -- Installing: /home/jinhyuk2me/ros_ws/install/my_first_package_msgs/include/my_first_package_msgs/my_first_package_msgs/msg/rosidl_generator_cpp__visibility_control.hpp
[3.563s] -- Up-to-date: /home/jinhyuk2me/ros_ws/install/my_first_package_msgs/include/my_first_package_msgs/my_first_package_msgs/msg/detail
[3.563s] -- Installing: /home/jinhyuk2me/ros_ws/install/my_first_package_msgs/include/my_first_package_msgs/my_first_package_msgs/msg/detail/cmd_and_pose_vel__type_support.hpp
[3.563s] -- Installing: /home/jinhyuk2me/ros_ws/install/my_first_package_msgs/include/my_first_package_msgs/my_first_package_msgs/msg/detail/cmd_and_pose_vel__traits.hpp
[3.563s] -- Installing: /home/jinhyuk2me/ros_ws/install/my_first_package_msgs/include/my_first_package_msgs/my_first_package_msgs/msg/detail/cmd_and_pose_vel__builder.hpp
[3.563s] -- Installing: /home/jinhyuk2me/ros_ws/install/my_first_package_msgs/include/my_first_package_msgs/my_first_package_msgs/msg/detail/cmd_and_pose_vel__struct.hpp
[3.563s] -- Up-to-date: /home/jinhyuk2me/ros_ws/install/my_first_package_msgs/include/my_first_package_msgs/my_first_package_msgs
[3.563s] -- Up-to-date: /home/jinhyuk2me/ros_ws/install/my_first_package_msgs/include/my_first_package_msgs/my_first_package_msgs/srv
[3.563s] -- Up-to-date: /home/jinhyuk2me/ros_ws/install/my_first_package_msgs/include/my_first_package_msgs/my_first_package_msgs/srv/detail
[3.563s] -- Installing: /home/jinhyuk2me/ros_ws/install/my_first_package_msgs/include/my_first_package_msgs/my_first_package_msgs/srv/detail/multi_spawn__rosidl_typesupport_fastrtps_cpp.hpp
[3.564s] -- Installing: /home/jinhyuk2me/ros_ws/install/my_first_package_msgs/include/my_first_package_msgs/my_first_package_msgs/srv/detail/dds_fastrtps
[3.564s] -- Up-to-date: /home/jinhyuk2me/ros_ws/install/my_first_package_msgs/include/my_first_package_msgs/my_first_package_msgs/msg
[3.564s] -- Up-to-date: /home/jinhyuk2me/ros_ws/install/my_first_package_msgs/include/my_first_package_msgs/my_first_package_msgs/msg/detail
[3.564s] -- Up-to-date: /home/jinhyuk2me/ros_ws/install/my_first_package_msgs/include/my_first_package_msgs/my_first_package_msgs/msg/detail/dds_fastrtps
[3.564s] -- Installing: /home/jinhyuk2me/ros_ws/install/my_first_package_msgs/include/my_first_package_msgs/my_first_package_msgs/msg/detail/cmd_and_pose_vel__rosidl_typesupport_fastrtps_cpp.hpp
[3.564s] -- Up-to-date: /home/jinhyuk2me/ros_ws/install/my_first_package_msgs/include/my_first_package_msgs/my_first_package_msgs/msg/rosidl_typesupport_fastrtps_cpp__visibility_control.h
[3.564s] -- Installing: /home/jinhyuk2me/ros_ws/install/my_first_package_msgs/lib/libmy_first_package_msgs__rosidl_typesupport_fastrtps_cpp.so
[3.564s] -- Set non-toolchain portion of runtime path of "/home/jinhyuk2me/ros_ws/install/my_first_package_msgs/lib/libmy_first_package_msgs__rosidl_typesupport_fastrtps_cpp.so" to ""
[3.564s] -- Up-to-date: /home/jinhyuk2me/ros_ws/install/my_first_package_msgs/include/my_first_package_msgs/my_first_package_msgs
[3.565s] -- Up-to-date: /home/jinhyuk2me/ros_ws/install/my_first_package_msgs/include/my_first_package_msgs/my_first_package_msgs/srv
[3.565s] -- Up-to-date: /home/jinhyuk2me/ros_ws/install/my_first_package_msgs/include/my_first_package_msgs/my_first_package_msgs/srv/detail
[3.565s] -- Installing: /home/jinhyuk2me/ros_ws/install/my_first_package_msgs/include/my_first_package_msgs/my_first_package_msgs/srv/detail/multi_spawn__type_support.cpp
[3.565s] -- Installing: /home/jinhyuk2me/ros_ws/install/my_first_package_msgs/include/my_first_package_msgs/my_first_package_msgs/srv/detail/multi_spawn__rosidl_typesupport_introspection_cpp.hpp
[3.565s] -- Up-to-date: /home/jinhyuk2me/ros_ws/install/my_first_package_msgs/include/my_first_package_msgs/my_first_package_msgs/msg
[3.565s] -- Up-to-date: /home/jinhyuk2me/ros_ws/install/my_first_package_msgs/include/my_first_package_msgs/my_first_package_msgs/msg/detail
[3.565s] -- Installing: /home/jinhyuk2me/ros_ws/install/my_first_package_msgs/include/my_first_package_msgs/my_first_package_msgs/msg/detail/cmd_and_pose_vel__rosidl_typesupport_introspection_cpp.hpp
[3.565s] -- Installing: /home/jinhyuk2me/ros_ws/install/my_first_package_msgs/include/my_first_package_msgs/my_first_package_msgs/msg/detail/cmd_and_pose_vel__type_support.cpp
[3.565s] -- Installing: /home/jinhyuk2me/ros_ws/install/my_first_package_msgs/lib/libmy_first_package_msgs__rosidl_typesupport_introspection_cpp.so
[3.566s] -- Set non-toolchain portion of runtime path of "/home/jinhyuk2me/ros_ws/install/my_first_package_msgs/lib/libmy_first_package_msgs__rosidl_typesupport_introspection_cpp.so" to ""
[3.566s] -- Installing: /home/jinhyuk2me/ros_ws/install/my_first_package_msgs/lib/libmy_first_package_msgs__rosidl_typesupport_cpp.so
[3.566s] -- Set non-toolchain portion of runtime path of "/home/jinhyuk2me/ros_ws/install/my_first_package_msgs/lib/libmy_first_package_msgs__rosidl_typesupport_cpp.so" to ""
[3.566s] -- Up-to-date: /home/jinhyuk2me/ros_ws/install/my_first_package_msgs/share/my_first_package_msgs/environment/pythonpath.sh
[3.567s] -- Up-to-date: /home/jinhyuk2me/ros_ws/install/my_first_package_msgs/share/my_first_package_msgs/environment/pythonpath.dsv
[3.567s] -- Up-to-date: /home/jinhyuk2me/ros_ws/install/my_first_package_msgs/lib/python3.12/site-packages/my_first_package_msgs-0.0.0-py3.12.egg-info
[3.567s] -- Installing: /home/jinhyuk2me/ros_ws/install/my_first_package_msgs/lib/python3.12/site-packages/my_first_package_msgs-0.0.0-py3.12.egg-info/dependency_links.txt
[3.567s] -- Installing: /home/jinhyuk2me/ros_ws/install/my_first_package_msgs/lib/python3.12/site-packages/my_first_package_msgs-0.0.0-py3.12.egg-info/PKG-INFO
[3.567s] -- Installing: /home/jinhyuk2me/ros_ws/install/my_first_package_msgs/lib/python3.12/site-packages/my_first_package_msgs-0.0.0-py3.12.egg-info/top_level.txt
[3.567s] -- Installing: /home/jinhyuk2me/ros_ws/install/my_first_package_msgs/lib/python3.12/site-packages/my_first_package_msgs-0.0.0-py3.12.egg-info/SOURCES.txt
[3.567s] -- Up-to-date: /home/jinhyuk2me/ros_ws/install/my_first_package_msgs/lib/python3.12/site-packages/my_first_package_msgs
[3.567s] -- Installing: /home/jinhyuk2me/ros_ws/install/my_first_package_msgs/lib/python3.12/site-packages/my_first_package_msgs/my_first_package_msgs_s__rosidl_typesupport_introspection_c.so
[3.567s] -- Installing: /home/jinhyuk2me/ros_ws/install/my_first_package_msgs/lib/python3.12/site-packages/my_first_package_msgs/my_first_package_msgs_s__rosidl_typesupport_fastrtps_c.so
[3.567s] -- Installing: /home/jinhyuk2me/ros_ws/install/my_first_package_msgs/lib/python3.12/site-packages/my_first_package_msgs/srv
[3.567s] -- Installing: /home/jinhyuk2me/ros_ws/install/my_first_package_msgs/lib/python3.12/site-packages/my_first_package_msgs/srv/_multi_spawn_s.c
[3.568s] -- Installing: /home/jinhyuk2me/ros_ws/install/my_first_package_msgs/lib/python3.12/site-packages/my_first_package_msgs/srv/_multi_spawn.py
[3.568s] -- Installing: /home/jinhyuk2me/ros_ws/install/my_first_package_msgs/lib/python3.12/site-packages/my_first_package_msgs/srv/__init__.py
[3.568s] -- Installing: /home/jinhyuk2me/ros_ws/install/my_first_package_msgs/lib/python3.12/site-packages/my_first_package_msgs/_my_first_package_msgs_s.ep.rosidl_typesupport_c.c
[3.568s] -- Up-to-date: /home/jinhyuk2me/ros_ws/install/my_first_package_msgs/lib/python3.12/site-packages/my_first_package_msgs/msg
[3.568s] -- Installing: /home/jinhyuk2me/ros_ws/install/my_first_package_msgs/lib/python3.12/site-packages/my_first_package_msgs/msg/_cmd_and_pose_vel_s.c
[3.568s] -- Installing: /home/jinhyuk2me/ros_ws/install/my_first_package_msgs/lib/python3.12/site-packages/my_first_package_msgs/msg/_cmd_and_pose_vel.py
[3.568s] -- Installing: /home/jinhyuk2me/ros_ws/install/my_first_package_msgs/lib/python3.12/site-packages/my_first_package_msgs/msg/__init__.py
[3.568s] -- Installing: /home/jinhyuk2me/ros_ws/install/my_first_package_msgs/lib/python3.12/site-packages/my_first_package_msgs/my_first_package_msgs_s__rosidl_typesupport_c.so
[3.568s] -- Installing: /home/jinhyuk2me/ros_ws/install/my_first_package_msgs/lib/python3.12/site-packages/my_first_package_msgs/_my_first_package_msgs_s.ep.rosidl_typesupport_introspection_c.c
[3.569s] -- Installing: /home/jinhyuk2me/ros_ws/install/my_first_package_msgs/lib/python3.12/site-packages/my_first_package_msgs/__init__.py
[3.569s] -- Installing: /home/jinhyuk2me/ros_ws/install/my_first_package_msgs/lib/python3.12/site-packages/my_first_package_msgs/_my_first_package_msgs_s.ep.rosidl_typesupport_fastrtps_c.c
[3.603s] Listing '/home/jinhyuk2me/ros_ws/install/my_first_package_msgs/lib/python3.12/site-packages/my_first_package_msgs'...
[3.603s] Compiling '/home/jinhyuk2me/ros_ws/install/my_first_package_msgs/lib/python3.12/site-packages/my_first_package_msgs/__init__.py'...
[3.603s] Listing '/home/jinhyuk2me/ros_ws/install/my_first_package_msgs/lib/python3.12/site-packages/my_first_package_msgs/msg'...
[3.603s] Compiling '/home/jinhyuk2me/ros_ws/install/my_first_package_msgs/lib/python3.12/site-packages/my_first_package_msgs/msg/__init__.py'...
[3.603s] Compiling '/home/jinhyuk2me/ros_ws/install/my_first_package_msgs/lib/python3.12/site-packages/my_first_package_msgs/msg/_cmd_and_pose_vel.py'...
[3.603s] Listing '/home/jinhyuk2me/ros_ws/install/my_first_package_msgs/lib/python3.12/site-packages/my_first_package_msgs/srv'...
[3.603s] Compiling '/home/jinhyuk2me/ros_ws/install/my_first_package_msgs/lib/python3.12/site-packages/my_first_package_msgs/srv/__init__.py'...
[3.603s] Compiling '/home/jinhyuk2me/ros_ws/install/my_first_package_msgs/lib/python3.12/site-packages/my_first_package_msgs/srv/_multi_spawn.py'...
[3.607s] -- Installing: /home/jinhyuk2me/ros_ws/install/my_first_package_msgs/lib/python3.12/site-packages/my_first_package_msgs/my_first_package_msgs_s__rosidl_typesupport_fastrtps_c.so
[3.607s] -- Set non-toolchain portion of runtime path of "/home/jinhyuk2me/ros_ws/install/my_first_package_msgs/lib/python3.12/site-packages/my_first_package_msgs/my_first_package_msgs_s__rosidl_typesupport_fastrtps_c.so" to ""
[3.608s] -- Installing: /home/jinhyuk2me/ros_ws/install/my_first_package_msgs/lib/python3.12/site-packages/my_first_package_msgs/my_first_package_msgs_s__rosidl_typesupport_introspection_c.so
[3.608s] -- Set non-toolchain portion of runtime path of "/home/jinhyuk2me/ros_ws/install/my_first_package_msgs/lib/python3.12/site-packages/my_first_package_msgs/my_first_package_msgs_s__rosidl_typesupport_introspection_c.so" to ""
[3.608s] -- Installing: /home/jinhyuk2me/ros_ws/install/my_first_package_msgs/lib/python3.12/site-packages/my_first_package_msgs/my_first_package_msgs_s__rosidl_typesupport_c.so
[3.608s] -- Set non-toolchain portion of runtime path of "/home/jinhyuk2me/ros_ws/install/my_first_package_msgs/lib/python3.12/site-packages/my_first_package_msgs/my_first_package_msgs_s__rosidl_typesupport_c.so" to ""
[3.608s] -- Installing: /home/jinhyuk2me/ros_ws/install/my_first_package_msgs/lib/libmy_first_package_msgs__rosidl_generator_py.so
[3.609s] -- Set non-toolchain portion of runtime path of "/home/jinhyuk2me/ros_ws/install/my_first_package_msgs/lib/libmy_first_package_msgs__rosidl_generator_py.so" to ""
[3.609s] -- Installing: /home/jinhyuk2me/ros_ws/install/my_first_package_msgs/share/my_first_package_msgs/msg/CmdAndPoseVel.idl
[3.609s] -- Installing: /home/jinhyuk2me/ros_ws/install/my_first_package_msgs/share/my_first_package_msgs/srv/MultiSpawn.idl
[3.609s] -- Installing: /home/jinhyuk2me/ros_ws/install/my_first_package_msgs/share/my_first_package_msgs/msg/CmdAndPoseVel.msg
[3.609s] -- Installing: /home/jinhyuk2me/ros_ws/install/my_first_package_msgs/share/my_first_package_msgs/srv/MultiSpawn.srv
[3.609s] -- Up-to-date: /home/jinhyuk2me/ros_ws/install/my_first_package_msgs/share/ament_index/resource_index/package_run_dependencies/my_first_package_msgs
[3.610s] -- Up-to-date: /home/jinhyuk2me/ros_ws/install/my_first_package_msgs/share/ament_index/resource_index/parent_prefix_path/my_first_package_msgs
[3.610s] -- Up-to-date: /home/jinhyuk2me/ros_ws/install/my_first_package_msgs/share/my_first_package_msgs/environment/ament_prefix_path.sh
[3.610s] -- Up-to-date: /home/jinhyuk2me/ros_ws/install/my_first_package_msgs/share/my_first_package_msgs/environment/ament_prefix_path.dsv
[3.610s] -- Up-to-date: /home/jinhyuk2me/ros_ws/install/my_first_package_msgs/share/my_first_package_msgs/environment/path.sh
[3.610s] -- Up-to-date: /home/jinhyuk2me/ros_ws/install/my_first_package_msgs/share/my_first_package_msgs/environment/path.dsv
[3.610s] -- Up-to-date: /home/jinhyuk2me/ros_ws/install/my_first_package_msgs/share/my_first_package_msgs/local_setup.bash
[3.610s] -- Up-to-date: /home/jinhyuk2me/ros_ws/install/my_first_package_msgs/share/my_first_package_msgs/local_setup.sh
[3.610s] -- Up-to-date: /home/jinhyuk2me/ros_ws/install/my_first_package_msgs/share/my_first_package_msgs/local_setup.zsh
[3.610s] -- Up-to-date: /home/jinhyuk2me/ros_ws/install/my_first_package_msgs/share/my_first_package_msgs/local_setup.dsv
[3.610s] -- Installing: /home/jinhyuk2me/ros_ws/install/my_first_package_msgs/share/my_first_package_msgs/package.dsv
[3.610s] -- Up-to-date: /home/jinhyuk2me/ros_ws/install/my_first_package_msgs/share/ament_index/resource_index/packages/my_first_package_msgs
[3.610s] -- Old export file "/home/jinhyuk2me/ros_ws/install/my_first_package_msgs/share/my_first_package_msgs/cmake/export_my_first_package_msgs__rosidl_generator_cExport.cmake" will be replaced.  Removing files [/home/jinhyuk2me/ros_ws/install/my_first_package_msgs/share/my_first_package_msgs/cmake/export_my_first_package_msgs__rosidl_generator_cExport-noconfig.cmake].
[3.610s] -- Installing: /home/jinhyuk2me/ros_ws/install/my_first_package_msgs/share/my_first_package_msgs/cmake/export_my_first_package_msgs__rosidl_generator_cExport.cmake
[3.610s] -- Installing: /home/jinhyuk2me/ros_ws/install/my_first_package_msgs/share/my_first_package_msgs/cmake/export_my_first_package_msgs__rosidl_generator_cExport-noconfig.cmake
[3.611s] -- Old export file "/home/jinhyuk2me/ros_ws/install/my_first_package_msgs/share/my_first_package_msgs/cmake/export_my_first_package_msgs__rosidl_typesupport_fastrtps_cExport.cmake" will be replaced.  Removing files [/home/jinhyuk2me/ros_ws/install/my_first_package_msgs/share/my_first_package_msgs/cmake/export_my_first_package_msgs__rosidl_typesupport_fastrtps_cExport-noconfig.cmake].
[3.611s] -- Installing: /home/jinhyuk2me/ros_ws/install/my_first_package_msgs/share/my_first_package_msgs/cmake/export_my_first_package_msgs__rosidl_typesupport_fastrtps_cExport.cmake
[3.611s] -- Installing: /home/jinhyuk2me/ros_ws/install/my_first_package_msgs/share/my_first_package_msgs/cmake/export_my_first_package_msgs__rosidl_typesupport_fastrtps_cExport-noconfig.cmake
[3.611s] -- Old export file "/home/jinhyuk2me/ros_ws/install/my_first_package_msgs/share/my_first_package_msgs/cmake/my_first_package_msgs__rosidl_typesupport_introspection_cExport.cmake" will be replaced.  Removing files [/home/jinhyuk2me/ros_ws/install/my_first_package_msgs/share/my_first_package_msgs/cmake/my_first_package_msgs__rosidl_typesupport_introspection_cExport-noconfig.cmake].
[3.611s] -- Installing: /home/jinhyuk2me/ros_ws/install/my_first_package_msgs/share/my_first_package_msgs/cmake/my_first_package_msgs__rosidl_typesupport_introspection_cExport.cmake
[3.611s] -- Installing: /home/jinhyuk2me/ros_ws/install/my_first_package_msgs/share/my_first_package_msgs/cmake/my_first_package_msgs__rosidl_typesupport_introspection_cExport-noconfig.cmake
[3.611s] -- Old export file "/home/jinhyuk2me/ros_ws/install/my_first_package_msgs/share/my_first_package_msgs/cmake/my_first_package_msgs__rosidl_typesupport_cExport.cmake" will be replaced.  Removing files [/home/jinhyuk2me/ros_ws/install/my_first_package_msgs/share/my_first_package_msgs/cmake/my_first_package_msgs__rosidl_typesupport_cExport-noconfig.cmake].
[3.611s] -- Installing: /home/jinhyuk2me/ros_ws/install/my_first_package_msgs/share/my_first_package_msgs/cmake/my_first_package_msgs__rosidl_typesupport_cExport.cmake
[3.612s] -- Installing: /home/jinhyuk2me/ros_ws/install/my_first_package_msgs/share/my_first_package_msgs/cmake/my_first_package_msgs__rosidl_typesupport_cExport-noconfig.cmake
[3.612s] -- Installing: /home/jinhyuk2me/ros_ws/install/my_first_package_msgs/share/my_first_package_msgs/cmake/export_my_first_package_msgs__rosidl_generator_cppExport.cmake
[3.612s] -- Old export file "/home/jinhyuk2me/ros_ws/install/my_first_package_msgs/share/my_first_package_msgs/cmake/export_my_first_package_msgs__rosidl_typesupport_fastrtps_cppExport.cmake" will be replaced.  Removing files [/home/jinhyuk2me/ros_ws/install/my_first_package_msgs/share/my_first_package_msgs/cmake/export_my_first_package_msgs__rosidl_typesupport_fastrtps_cppExport-noconfig.cmake].
[3.612s] -- Installing: /home/jinhyuk2me/ros_ws/install/my_first_package_msgs/share/my_first_package_msgs/cmake/export_my_first_package_msgs__rosidl_typesupport_fastrtps_cppExport.cmake
[3.612s] -- Installing: /home/jinhyuk2me/ros_ws/install/my_first_package_msgs/share/my_first_package_msgs/cmake/export_my_first_package_msgs__rosidl_typesupport_fastrtps_cppExport-noconfig.cmake
[3.612s] -- Old export file "/home/jinhyuk2me/ros_ws/install/my_first_package_msgs/share/my_first_package_msgs/cmake/my_first_package_msgs__rosidl_typesupport_introspection_cppExport.cmake" will be replaced.  Removing files [/home/jinhyuk2me/ros_ws/install/my_first_package_msgs/share/my_first_package_msgs/cmake/my_first_package_msgs__rosidl_typesupport_introspection_cppExport-noconfig.cmake].
[3.613s] -- Installing: /home/jinhyuk2me/ros_ws/install/my_first_package_msgs/share/my_first_package_msgs/cmake/my_first_package_msgs__rosidl_typesupport_introspection_cppExport.cmake
[3.613s] -- Installing: /home/jinhyuk2me/ros_ws/install/my_first_package_msgs/share/my_first_package_msgs/cmake/my_first_package_msgs__rosidl_typesupport_introspection_cppExport-noconfig.cmake
[3.613s] -- Old export file "/home/jinhyuk2me/ros_ws/install/my_first_package_msgs/share/my_first_package_msgs/cmake/my_first_package_msgs__rosidl_typesupport_cppExport.cmake" will be replaced.  Removing files [/home/jinhyuk2me/ros_ws/install/my_first_package_msgs/share/my_first_package_msgs/cmake/my_first_package_msgs__rosidl_typesupport_cppExport-noconfig.cmake].
[3.613s] -- Installing: /home/jinhyuk2me/ros_ws/install/my_first_package_msgs/share/my_first_package_msgs/cmake/my_first_package_msgs__rosidl_typesupport_cppExport.cmake
[3.613s] -- Installing: /home/jinhyuk2me/ros_ws/install/my_first_package_msgs/share/my_first_package_msgs/cmake/my_first_package_msgs__rosidl_typesupport_cppExport-noconfig.cmake
[3.613s] -- Up-to-date: /home/jinhyuk2me/ros_ws/install/my_first_package_msgs/share/my_first_package_msgs/cmake/export_my_first_package_msgs__rosidl_generator_pyExport.cmake
[3.613s] -- Installing: /home/jinhyuk2me/ros_ws/install/my_first_package_msgs/share/my_first_package_msgs/cmake/export_my_first_package_msgs__rosidl_generator_pyExport-noconfig.cmake
[3.614s] -- Installing: /home/jinhyuk2me/ros_ws/install/my_first_package_msgs/share/my_first_package_msgs/cmake/rosidl_cmake-extras.cmake
[3.614s] -- Installing: /home/jinhyuk2me/ros_ws/install/my_first_package_msgs/share/my_first_package_msgs/cmake/ament_cmake_export_dependencies-extras.cmake
[3.614s] -- Up-to-date: /home/jinhyuk2me/ros_ws/install/my_first_package_msgs/share/my_first_package_msgs/cmake/ament_cmake_export_include_directories-extras.cmake
[3.614s] -- Up-to-date: /home/jinhyuk2me/ros_ws/install/my_first_package_msgs/share/my_first_package_msgs/cmake/ament_cmake_export_libraries-extras.cmake
[3.614s] -- Up-to-date: /home/jinhyuk2me/ros_ws/install/my_first_package_msgs/share/my_first_package_msgs/cmake/ament_cmake_export_targets-extras.cmake
[3.614s] -- Up-to-date: /home/jinhyuk2me/ros_ws/install/my_first_package_msgs/share/my_first_package_msgs/cmake/rosidl_cmake_export_typesupport_targets-extras.cmake
[3.614s] -- Up-to-date: /home/jinhyuk2me/ros_ws/install/my_first_package_msgs/share/my_first_package_msgs/cmake/rosidl_cmake_export_typesupport_libraries-extras.cmake
[3.614s] -- Installing: /home/jinhyuk2me/ros_ws/install/my_first_package_msgs/share/my_first_package_msgs/cmake/my_first_package_msgsConfig.cmake
[3.614s] -- Up-to-date: /home/jinhyuk2me/ros_ws/install/my_first_package_msgs/share/my_first_package_msgs/cmake/my_first_package_msgsConfig-version.cmake
[3.614s] -- Up-to-date: /home/jinhyuk2me/ros_ws/install/my_first_package_msgs/share/my_first_package_msgs/package.xml
[3.617s] Invoked command in '/home/jinhyuk2me/ros_ws/build/my_first_package_msgs' returned '0': CMAKE_PREFIX_PATH=${CMAKE_PREFIX_PATH}:/home/jinhyuk2me/ros_ws/install/my_first_package:/opt/ros/jazzy DEBUGINFOD_URLS=https://debuginfod.ubuntu.com VIRTUAL_ENV_PROMPT=(ros_venv) /usr/bin/cmake --install /home/jinhyuk2me/ros_ws/build/my_first_package_msgs
