[0.715s] Invoking command in '/home/jinhyuk2me/ros_ws/ros2_control_study/src/controller_tutorials': DEBUGINFOD_URLS=https://debuginfod.ubuntu.com PS1=(ros_venv) \[\e[1;34m\](ID: ${ROS_DOMAIN_ID:-0})\[\e[1;32m\]\u\[\e[0m\]:\[\e[1;34m\]\w\[\e[0m\]$ PYTHONPATH=/home/jinhyuk2me/ros_ws/ros2_control_study/build/controller_tutorials/prefix_override:/usr/lib/python3/dist-packages/colcon_core/task/python/colcon_distutils_commands:/home/jinhyuk2me/ros_ws/ros2_control_study/install/controller_tutorials/lib/python3.12/site-packages:${PYTHONPATH} VIRTUAL_ENV_PROMPT=(ros_venv) /usr/bin/python3 -W ignore:setup.py install is deprecated -W ignore:easy_install command is deprecated setup.py egg_info --egg-base ../../build/controller_tutorials build --build-base /home/jinhyuk2me/ros_ws/ros2_control_study/build/controller_tutorials/build install --record /home/jinhyuk2me/ros_ws/ros2_control_study/build/controller_tutorials/install.log --single-version-externally-managed install_data
[0.930s] running egg_info
[0.930s] creating ../../build/controller_tutorials/controller_tutorials.egg-info
[0.947s] writing ../../build/controller_tutorials/controller_tutorials.egg-info/PKG-INFO
[0.947s] writing dependency_links to ../../build/controller_tutorials/controller_tutorials.egg-info/dependency_links.txt
[0.947s] writing entry points to ../../build/controller_tutorials/controller_tutorials.egg-info/entry_points.txt
[0.947s] writing requirements to ../../build/controller_tutorials/controller_tutorials.egg-info/requires.txt
[0.947s] writing top-level names to ../../build/controller_tutorials/controller_tutorials.egg-info/top_level.txt
[0.947s] writing manifest file '../../build/controller_tutorials/controller_tutorials.egg-info/SOURCES.txt'
[0.981s] reading manifest file '../../build/controller_tutorials/controller_tutorials.egg-info/SOURCES.txt'
[0.981s] writing manifest file '../../build/controller_tutorials/controller_tutorials.egg-info/SOURCES.txt'
[0.981s] running build
[0.981s] running build_py
[0.982s] creating /home/jinhyuk2me/ros_ws/ros2_control_study/build/controller_tutorials/build
[0.982s] creating /home/jinhyuk2me/ros_ws/ros2_control_study/build/controller_tutorials/build/lib
[0.982s] creating /home/jinhyuk2me/ros_ws/ros2_control_study/build/controller_tutorials/build/lib/controller_tutorials
[0.982s] copying controller_tutorials/__init__.py -> /home/jinhyuk2me/ros_ws/ros2_control_study/build/controller_tutorials/build/lib/controller_tutorials
[0.982s] copying controller_tutorials/simple_rotate.py -> /home/jinhyuk2me/ros_ws/ros2_control_study/build/controller_tutorials/build/lib/controller_tutorials
[0.982s] running install
[0.986s] running install_lib
[1.003s] creating /home/jinhyuk2me/ros_ws/ros2_control_study/install/controller_tutorials/lib/python3.12/site-packages/controller_tutorials
[1.004s] copying /home/jinhyuk2me/ros_ws/ros2_control_study/build/controller_tutorials/build/lib/controller_tutorials/__init__.py -> /home/jinhyuk2me/ros_ws/ros2_control_study/install/controller_tutorials/lib/python3.12/site-packages/controller_tutorials
[1.004s] copying /home/jinhyuk2me/ros_ws/ros2_control_study/build/controller_tutorials/build/lib/controller_tutorials/simple_rotate.py -> /home/jinhyuk2me/ros_ws/ros2_control_study/install/controller_tutorials/lib/python3.12/site-packages/controller_tutorials
[1.004s] byte-compiling /home/jinhyuk2me/ros_ws/ros2_control_study/install/controller_tutorials/lib/python3.12/site-packages/controller_tutorials/__init__.py to __init__.cpython-312.pyc
[1.004s] byte-compiling /home/jinhyuk2me/ros_ws/ros2_control_study/install/controller_tutorials/lib/python3.12/site-packages/controller_tutorials/simple_rotate.py to simple_rotate.cpython-312.pyc
[1.005s] running install_data
[1.006s] creating /home/jinhyuk2me/ros_ws/ros2_control_study/install/controller_tutorials/share/ament_index
[1.006s] creating /home/jinhyuk2me/ros_ws/ros2_control_study/install/controller_tutorials/share/ament_index/resource_index
[1.006s] creating /home/jinhyuk2me/ros_ws/ros2_control_study/install/controller_tutorials/share/ament_index/resource_index/packages
[1.006s] copying resource/controller_tutorials -> /home/jinhyuk2me/ros_ws/ros2_control_study/install/controller_tutorials/share/ament_index/resource_index/packages
[1.006s] copying package.xml -> /home/jinhyuk2me/ros_ws/ros2_control_study/install/controller_tutorials/share/controller_tutorials
[1.006s] running install_egg_info
[1.024s] Copying ../../build/controller_tutorials/controller_tutorials.egg-info to /home/jinhyuk2me/ros_ws/ros2_control_study/install/controller_tutorials/lib/python3.12/site-packages/controller_tutorials-0.0.0-py3.12.egg-info
[1.024s] running install_scripts
[1.135s] Installing simple_rotate script to /home/jinhyuk2me/ros_ws/ros2_control_study/install/controller_tutorials/lib/controller_tutorials
[1.136s] writing list of installed files to '/home/jinhyuk2me/ros_ws/ros2_control_study/build/controller_tutorials/install.log'
[1.154s] Invoked command in '/home/jinhyuk2me/ros_ws/ros2_control_study/src/controller_tutorials' returned '0': DEBUGINFOD_URLS=https://debuginfod.ubuntu.com PS1=(ros_venv) \[\e[1;34m\](ID: ${ROS_DOMAIN_ID:-0})\[\e[1;32m\]\u\[\e[0m\]:\[\e[1;34m\]\w\[\e[0m\]$ PYTHONPATH=/home/jinhyuk2me/ros_ws/ros2_control_study/build/controller_tutorials/prefix_override:/usr/lib/python3/dist-packages/colcon_core/task/python/colcon_distutils_commands:/home/jinhyuk2me/ros_ws/ros2_control_study/install/controller_tutorials/lib/python3.12/site-packages:${PYTHONPATH} VIRTUAL_ENV_PROMPT=(ros_venv) /usr/bin/python3 -W ignore:setup.py install is deprecated -W ignore:easy_install command is deprecated setup.py egg_info --egg-base ../../build/controller_tutorials build --build-base /home/jinhyuk2me/ros_ws/ros2_control_study/build/controller_tutorials/build install --record /home/jinhyuk2me/ros_ws/ros2_control_study/build/controller_tutorials/install.log --single-version-externally-managed install_data
